#
# There is insufficient memory for the Java Runtime Environment to continue.
# Native memory allocation (malloc) failed to allocate 1471552 bytes. Error detail: Chunk::new
# Possible reasons:
#   The system is out of physical RAM or swap space
#   This process is running with CompressedOops enabled, and the Java Heap may be blocking the growth of the native heap
# Possible solutions:
#   Reduce memory load on the system
#   Increase physical memory or swap space
#   Check if swap backing store is full
#   Decrease Java heap size (-Xmx/-Xms)
#   Decrease number of Java threads
#   Decrease Java thread stack sizes (-Xss)
#   Set larger code cache with -XX:ReservedCodeCacheSize=
#   JVM is running with Unscaled Compressed Oops mode in which the Java heap is
#     placed in the first 4GB address space. The Java Heap base address is the
#     maximum limit for the native heap growth. Please use -XX:HeapBaseMinAddress
#     to set the Java Heap base and to place the Java Heap above 4GB virtual address.
# This output file may be truncated or incomplete.
#
#  Out of Memory Error (arena.cpp:168), pid=15220, tid=2044
#
# JRE version: OpenJDK Runtime Environment Temurin-21.0.6+7 (21.0.6+7) (build 21.0.6+7-LTS)
# Java VM: OpenJDK 64-Bit Server VM Temurin-21.0.6+7 (21.0.6+7-LTS, mixed mode, sharing, tiered, compressed oops, compressed class ptrs, parallel gc, windows-amd64)
# No core dump will be written. Minidumps are not enabled by default on client versions of Windows
#

---------------  S U M M A R Y ------------

Command Line: --add-modules=ALL-SYSTEM --add-opens=java.base/java.util=ALL-UNNAMED --add-opens=java.base/java.lang=ALL-UNNAMED --add-opens=java.base/sun.nio.fs=ALL-UNNAMED -Declipse.application=org.eclipse.jdt.ls.core.id1 -Dosgi.bundles.defaultStartLevel=4 -Declipse.product=org.eclipse.jdt.ls.core.product -Djava.import.generatesMetadataFilesAtProjectRoot=false -DDetectVMInstallationsJob.disabled=true -Dfile.encoding=utf8 -XX:+UseParallelGC -XX:GCTimeRatio=4 -XX:AdaptiveSizePolicyWeight=90 -Dsun.zip.disableMemoryMapping=true -Xmx1G -Xms100m -Xlog:disable -javaagent:c:\Users\asadr\.vscode\extensions\redhat.java-1.41.1-win32-x64\lombok\lombok-1.18.36.jar -XX:+HeapDumpOnOutOfMemoryError -XX:HeapDumpPath=c:\Users\asadr\AppData\Roaming\Code\User\workspaceStorage\04bcbd77341e2a020fcdf7a70cf93eb6\redhat.java -Daether.dependencyCollector.impl=bf c:\Users\asadr\.vscode\extensions\redhat.java-1.41.1-win32-x64\server\plugins\org.eclipse.equinox.launcher_1.7.0.v20250331-1702.jar -configuration c:\Users\asadr\AppData\Roaming\Code\User\globalStorage\redhat.java\1.41.1\config_win -data c:\Users\asadr\AppData\Roaming\Code\User\workspaceStorage\04bcbd77341e2a020fcdf7a70cf93eb6\redhat.java\jdt_ws --pipe=\\.\pipe\lsp-e81a8f930c31d5b32a1e77fcad28345f-sock

Host: Intel(R) Core(TM) i7-8700 CPU @ 3.20GHz, 12 cores, 15G,  Windows 11 , 64 bit Build 26100 (10.0.26100.3775)
Time: Sun Apr 20 12:57:45 2025 Arabic Standard Time elapsed time: 10.200991 seconds (0d 0h 0m 10s)

---------------  T H R E A D  ---------------

Current thread (0x00000246fe3b77d0):  JavaThread "C2 CompilerThread1" daemon [_thread_in_native, id=2044, stack(0x0000005525500000,0x0000005525600000) (1024K)]


Current CompileTask:
C2:10201 9695   !   4       java.nio.file.FileTreeWalker::next (144 bytes)

Stack: [0x0000005525500000,0x0000005525600000]
Native frames: (J=compiled Java code, j=interpreted, Vv=VM code, C=native code)
V  [jvm.dll+0x6cdee9]
V  [jvm.dll+0x8a83d1]
V  [jvm.dll+0x8aa8fe]
V  [jvm.dll+0x8aafe3]
V  [jvm.dll+0x27f706]
V  [jvm.dll+0xc500d]
V  [jvm.dll+0xc5543]
V  [jvm.dll+0x3b678c]
V  [jvm.dll+0x382935]
V  [jvm.dll+0x381d9a]
V  [jvm.dll+0x2479f0]
V  [jvm.dll+0x246fcf]
V  [jvm.dll+0x1c75ee]
V  [jvm.dll+0x25685a]
V  [jvm.dll+0x254dfa]
V  [jvm.dll+0x3f0256]
V  [jvm.dll+0x851f8b]
V  [jvm.dll+0x6cc5ed]
C  [ucrtbase.dll+0x37b0]
C  [KERNEL32.DLL+0x2e8d7]
C  [ntdll.dll+0xb14fc]


---------------  P R O C E S S  ---------------

Threads class SMR info:
_java_thread_list=0x00000246dac02400, length=60, elements={
0x00000246ef4aa270, 0x00000246fd0044b0, 0x00000246f6c5e640, 0x00000246fd008520,
0x00000246fd009170, 0x00000246fd00e240, 0x00000246fd0110f0, 0x00000246fd025a30,
0x00000246fd0499b0, 0x00000246fd116c70, 0x00000246fd117990, 0x00000246fd1158c0,
0x00000246fd118d40, 0x00000246fd118020, 0x00000246fd117300, 0x00000246fd115f50,
0x00000246fd1186b0, 0x00000246fe242ce0, 0x00000246fe245ad0, 0x00000246fe243a00,
0x00000246fe244090, 0x00000246fe3b77d0, 0x00000246fe243370, 0x00000246ff291e50,
0x00000246fe244720, 0x00000246fe245440, 0x00000246fe244db0, 0x00000246fe246160,
0x00000246ff758dc0, 0x00000246ff756660, 0x00000246ff757a10, 0x00000246ff756cf0,
0x00000246ff757380, 0x00000246ff7580a0, 0x00000246ff758730, 0x00000246ff759450,
0x00000246ff755fd0, 0x00000246ff75a170, 0x00000246ff75ae90, 0x00000246ff75b520,
0x00000246ff759ae0, 0x00000246ff75d5f0, 0x00000246ff75cf60, 0x00000246ff75a800,
0x00000246ff75c240, 0x00000246ff75c8d0, 0x00000246ff82c500, 0x00000246ff82b7e0,
0x00000246ff82cb90, 0x00000246ff829da0, 0x00000246ff82a430, 0x00000246ff82aac0,
0x00000246ff82b150, 0x00000246ff82be70, 0x00000246ff829710, 0x00000246ff82d220,
0x00000246ff8306a0, 0x00000246ff82f2f0, 0x00000246ff82e5d0, 0x00000246ff830d30
}

Java Threads: ( => current thread )
  0x00000246ef4aa270 JavaThread "main"                              [_thread_blocked, id=9248, stack(0x0000005524800000,0x0000005524900000) (1024K)]
  0x00000246fd0044b0 JavaThread "Reference Handler"          daemon [_thread_blocked, id=2692, stack(0x0000005524c00000,0x0000005524d00000) (1024K)]
  0x00000246f6c5e640 JavaThread "Finalizer"                  daemon [_thread_blocked, id=23772, stack(0x0000005524d00000,0x0000005524e00000) (1024K)]
  0x00000246fd008520 JavaThread "Signal Dispatcher"          daemon [_thread_blocked, id=2016, stack(0x0000005524e00000,0x0000005524f00000) (1024K)]
  0x00000246fd009170 JavaThread "Attach Listener"            daemon [_thread_blocked, id=23360, stack(0x0000005524f00000,0x0000005525000000) (1024K)]
  0x00000246fd00e240 JavaThread "Service Thread"             daemon [_thread_blocked, id=9548, stack(0x0000005525000000,0x0000005525100000) (1024K)]
  0x00000246fd0110f0 JavaThread "Monitor Deflation Thread"   daemon [_thread_blocked, id=27456, stack(0x0000005525100000,0x0000005525200000) (1024K)]
  0x00000246fd025a30 JavaThread "C2 CompilerThread0"         daemon [_thread_in_native, id=22088, stack(0x0000005525200000,0x0000005525300000) (1024K)]
  0x00000246fd0499b0 JavaThread "C1 CompilerThread0"         daemon [_thread_blocked, id=25956, stack(0x0000005525300000,0x0000005525400000) (1024K)]
  0x00000246fd116c70 JavaThread "Common-Cleaner"             daemon [_thread_blocked, id=9808, stack(0x0000005525400000,0x0000005525500000) (1024K)]
  0x00000246fd117990 JavaThread "Notification Thread"        daemon [_thread_blocked, id=22304, stack(0x0000005525600000,0x0000005525700000) (1024K)]
  0x00000246fd1158c0 JavaThread "Active Thread: Equinox Container: 7f49b2ff-15a1-4ee1-82f0-04fa96f2684b"        [_thread_blocked, id=18608, stack(0x0000005525e00000,0x0000005525f00000) (1024K)]
  0x00000246fd118d40 JavaThread "Refresh Thread: Equinox Container: 7f49b2ff-15a1-4ee1-82f0-04fa96f2684b" daemon [_thread_blocked, id=18568, stack(0x0000005525f00000,0x0000005526000000) (1024K)]
  0x00000246fd118020 JavaThread "Framework Event Dispatcher: Equinox Container: 7f49b2ff-15a1-4ee1-82f0-04fa96f2684b" daemon [_thread_blocked, id=29068, stack(0x0000005526100000,0x0000005526200000) (1024K)]
  0x00000246fd117300 JavaThread "Start Level: Equinox Container: 7f49b2ff-15a1-4ee1-82f0-04fa96f2684b" daemon [_thread_blocked, id=5256, stack(0x0000005526200000,0x0000005526300000) (1024K)]
  0x00000246fd115f50 JavaThread "Bundle File Closer"         daemon [_thread_blocked, id=1324, stack(0x0000005526300000,0x0000005526400000) (1024K)]
  0x00000246fd1186b0 JavaThread "SCR Component Actor"        daemon [_thread_blocked, id=17112, stack(0x0000005526600000,0x0000005526700000) (1024K)]
  0x00000246fe242ce0 JavaThread "Worker-JM"                         [_thread_blocked, id=5060, stack(0x0000005525700000,0x0000005525800000) (1024K)]
  0x00000246fe245ad0 JavaThread "JNA Cleaner"                daemon [_thread_blocked, id=396, stack(0x0000005526800000,0x0000005526900000) (1024K)]
  0x00000246fe243a00 JavaThread "Worker-0: Java indexing... "        [_thread_blocked, id=27664, stack(0x0000005526900000,0x0000005526a00000) (1024K)]
  0x00000246fe244090 JavaThread "Worker-1"                          [_thread_blocked, id=28004, stack(0x0000005526a00000,0x0000005526b00000) (1024K)]
=>0x00000246fe3b77d0 JavaThread "C2 CompilerThread1"         daemon [_thread_in_native, id=2044, stack(0x0000005525500000,0x0000005525600000) (1024K)]
  0x00000246fe243370 JavaThread "Java indexing"              daemon [_thread_in_Java, id=21144, stack(0x0000005526b00000,0x0000005526c00000) (1024K)]
  0x00000246ff291e50 JavaThread "C2 CompilerThread2"         daemon [_thread_in_vm, id=26324, stack(0x0000005526c00000,0x0000005526d00000) (1024K)]
  0x00000246fe244720 JavaThread "Worker-2"                          [_thread_blocked, id=14572, stack(0x0000005527000000,0x0000005527100000) (1024K)]
  0x00000246fe245440 JavaThread "Worker-3: Initialize workspace"        [_thread_blocked, id=3548, stack(0x0000005527100000,0x0000005527200000) (1024K)]
  0x00000246fe244db0 JavaThread "Thread-2"                   daemon [_thread_in_native, id=19624, stack(0x0000005527200000,0x0000005527300000) (1024K)]
  0x00000246fe246160 JavaThread "Thread-3"                   daemon [_thread_in_native, id=3420, stack(0x0000005527300000,0x0000005527400000) (1024K)]
  0x00000246ff758dc0 JavaThread "Thread-4"                   daemon [_thread_in_native, id=14020, stack(0x0000005527400000,0x0000005527500000) (1024K)]
  0x00000246ff756660 JavaThread "Thread-5"                   daemon [_thread_in_native, id=27276, stack(0x0000005527500000,0x0000005527600000) (1024K)]
  0x00000246ff757a10 JavaThread "Thread-6"                   daemon [_thread_in_native, id=24168, stack(0x0000005527600000,0x0000005527700000) (1024K)]
  0x00000246ff756cf0 JavaThread "Thread-7"                   daemon [_thread_in_native, id=1408, stack(0x0000005527700000,0x0000005527800000) (1024K)]
  0x00000246ff757380 JavaThread "Thread-8"                   daemon [_thread_in_native, id=26116, stack(0x0000005527800000,0x0000005527900000) (1024K)]
  0x00000246ff7580a0 JavaThread "Thread-9"                   daemon [_thread_in_native, id=27732, stack(0x0000005527900000,0x0000005527a00000) (1024K)]
  0x00000246ff758730 JavaThread "Thread-10"                  daemon [_thread_in_native, id=16260, stack(0x0000005527a00000,0x0000005527b00000) (1024K)]
  0x00000246ff759450 JavaThread "Thread-11"                  daemon [_thread_in_native, id=3852, stack(0x0000005527b00000,0x0000005527c00000) (1024K)]
  0x00000246ff755fd0 JavaThread "Thread-12"                  daemon [_thread_in_native, id=4068, stack(0x0000005527c00000,0x0000005527d00000) (1024K)]
  0x00000246ff75a170 JavaThread "Thread-13"                  daemon [_thread_in_native, id=17800, stack(0x0000005527d00000,0x0000005527e00000) (1024K)]
  0x00000246ff75ae90 JavaThread "Thread-14"                  daemon [_thread_in_native, id=2912, stack(0x0000005527e00000,0x0000005527f00000) (1024K)]
  0x00000246ff75b520 JavaThread "pool-2-thread-1"                   [_thread_blocked, id=9780, stack(0x0000005527f00000,0x0000005528000000) (1024K)]
  0x00000246ff759ae0 JavaThread "Worker-4"                          [_thread_blocked, id=13616, stack(0x0000005528000000,0x0000005528100000) (1024K)]
  0x00000246ff75d5f0 JavaThread "Worker-5"                          [_thread_blocked, id=27744, stack(0x0000005528100000,0x0000005528200000) (1024K)]
  0x00000246ff75cf60 JavaThread "WorkspaceEventsHandler"            [_thread_blocked, id=18128, stack(0x0000005528200000,0x0000005528300000) (1024K)]
  0x00000246ff75a800 JavaThread "pool-1-thread-1"                   [_thread_in_vm, id=12308, stack(0x0000005528300000,0x0000005528400000) (1024K)]
  0x00000246ff75c240 JavaThread "LocalFile Deleter"          daemon [_thread_blocked, id=14940, stack(0x0000005528400000,0x0000005528500000) (1024K)]
  0x00000246ff75c8d0 JavaThread "LocalFile Deleter"          daemon [_thread_blocked, id=17356, stack(0x0000005528500000,0x0000005528600000) (1024K)]
  0x00000246ff82c500 JavaThread "LocalFile Deleter"          daemon [_thread_blocked, id=21972, stack(0x0000005528600000,0x0000005528700000) (1024K)]
  0x00000246ff82b7e0 JavaThread "LocalFile Deleter"          daemon [_thread_blocked, id=20224, stack(0x0000005528700000,0x0000005528800000) (1024K)]
  0x00000246ff82cb90 JavaThread "LocalFile Deleter"          daemon [_thread_blocked, id=3528, stack(0x0000005528800000,0x0000005528900000) (1024K)]
  0x00000246ff829da0 JavaThread "LocalFile Deleter"          daemon [_thread_blocked, id=16712, stack(0x0000005528900000,0x0000005528a00000) (1024K)]
  0x00000246ff82a430 JavaThread "Compiler Source File Reader" daemon [_thread_blocked, id=21460, stack(0x0000005528a00000,0x0000005528b00000) (1024K)]
  0x00000246ff82aac0 JavaThread "Compiler Source File Reader" daemon [_thread_blocked, id=23012, stack(0x0000005528b00000,0x0000005528c00000) (1024K)]
  0x00000246ff82b150 JavaThread "Compiler Source File Reader" daemon [_thread_blocked, id=12840, stack(0x0000005528c00000,0x0000005528d00000) (1024K)]
  0x00000246ff82be70 JavaThread "Compiler Processing Task"   daemon [_thread_blocked, id=18760, stack(0x0000005528d00000,0x0000005528e00000) (1024K)]
  0x00000246ff829710 JavaThread "Compiler Class File Writer" daemon [_thread_blocked, id=26104, stack(0x0000005528e00000,0x0000005528f00000) (1024K)]
  0x00000246ff82d220 JavaThread "Compiler Class File Writer" daemon [_thread_blocked, id=22812, stack(0x0000005528f00000,0x0000005529000000) (1024K)]
  0x00000246ff8306a0 JavaThread "Compiler Class File Writer" daemon [_thread_blocked, id=13428, stack(0x0000005529000000,0x0000005529100000) (1024K)]
  0x00000246ff82f2f0 JavaThread "Compiler Class File Writer" daemon [_thread_blocked, id=10080, stack(0x0000005529100000,0x0000005529200000) (1024K)]
  0x00000246ff82e5d0 JavaThread "Compiler Source File Reader" daemon [_thread_blocked, id=22220, stack(0x0000005529200000,0x0000005529300000) (1024K)]
  0x00000246ff830d30 JavaThread "Compiler Class File Writer" daemon [_thread_blocked, id=7784, stack(0x0000005529300000,0x0000005529400000) (1024K)]
Total: 60

Other Threads:
  0x00000246f6c45a00 VMThread "VM Thread"                           [id=1848, stack(0x0000005524b00000,0x0000005524c00000) (1024K)]
  0x00000246f6b3ba00 WatcherThread "VM Periodic Task Thread"        [id=29692, stack(0x0000005524a00000,0x0000005524b00000) (1024K)]
  0x00000246f1894340 WorkerThread "GC Thread#0"                     [id=22868, stack(0x0000005524900000,0x0000005524a00000) (1024K)]
  0x00000246fd749e20 WorkerThread "GC Thread#1"                     [id=13964, stack(0x0000005525800000,0x0000005525900000) (1024K)]
  0x00000246fd74a5d0 WorkerThread "GC Thread#2"                     [id=20572, stack(0x0000005525900000,0x0000005525a00000) (1024K)]
  0x00000246fd74a970 WorkerThread "GC Thread#3"                     [id=17360, stack(0x0000005525a00000,0x0000005525b00000) (1024K)]
  0x00000246fd74ad10 WorkerThread "GC Thread#4"                     [id=25828, stack(0x0000005525b00000,0x0000005525c00000) (1024K)]
  0x00000246fd74b0b0 WorkerThread "GC Thread#5"                     [id=2036, stack(0x0000005525c00000,0x0000005525d00000) (1024K)]
  0x00000246fdae5ec0 WorkerThread "GC Thread#6"                     [id=15092, stack(0x0000005525d00000,0x0000005525e00000) (1024K)]
  0x00000246fdae6600 WorkerThread "GC Thread#7"                     [id=9752, stack(0x0000005526000000,0x0000005526100000) (1024K)]
  0x00000246fdae53e0 WorkerThread "GC Thread#8"                     [id=18108, stack(0x0000005526400000,0x0000005526500000) (1024K)]
  0x00000246fdae6260 WorkerThread "GC Thread#9"                     [id=28540, stack(0x0000005526500000,0x0000005526600000) (1024K)]
Total: 12

Threads with active compile tasks:
C2 CompilerThread0  10230 9817   !   4       org.eclipse.osgi.internal.loader.classpath.ClasspathManager::findLocalClass (210 bytes)
C1 CompilerThread0  10231 9873       3       org.eclipse.jdt.core.compiler.CharOperation::fragmentEquals (89 bytes)
C2 CompilerThread1  10231 9695   !   4       java.nio.file.FileTreeWalker::next (144 bytes)
C2 CompilerThread2  10231 9827   !   4       lombok.patcher.ScriptManager$OurClassFileTransformer::transform (364 bytes)
Total: 4

VM state: not at safepoint (normal execution)

VM Mutex/Monitor currently owned by a thread: None

Heap address: 0x00000000c0000000, size: 1024 MB, Compressed Oops mode: 32-bit

CDS archive(s) mapped at: [0x000002468f000000-0x000002468fba0000-0x000002468fba0000), size 12189696, SharedBaseAddress: 0x000002468f000000, ArchiveRelocationMode: 1.
Compressed class space mapped at: 0x0000024690000000-0x00000246d0000000, reserved size: 1073741824
Narrow klass base: 0x000002468f000000, Narrow klass shift: 0, Narrow klass range: 0x100000000

GC Precious Log:
 CardTable entry size: 512
 CPUs: 12 total, 12 available
 Memory: 16321M
 Large Page Support: Disabled
 NUMA Support: Disabled
 Compressed Oops: Enabled (32-bit)
 Alignments: Space 512K, Generation 512K, Heap 2M
 Heap Min Capacity: 100M
 Heap Initial Capacity: 100M
 Heap Max Capacity: 1G
 Pre-touch: Disabled
 Parallel Workers: 10

Heap:
 PSYoungGen      total 3072K, used 2337K [0x00000000eab00000, 0x00000000eaf00000, 0x0000000100000000)
  eden space 2048K, 82% used [0x00000000eab00000,0x00000000eaca88a0,0x00000000ead00000)
  from space 1024K, 65% used [0x00000000ead00000,0x00000000eada8c58,0x00000000eae00000)
  to   space 1024K, 0% used [0x00000000eae00000,0x00000000eae00000,0x00000000eaf00000)
 ParOldGen       total 243712K, used 227297K [0x00000000c0000000, 0x00000000cee00000, 0x00000000eab00000)
  object space 243712K, 93% used [0x00000000c0000000,0x00000000cddf8670,0x00000000cee00000)
 Metaspace       used 60276K, committed 61696K, reserved 1114112K
  class space    used 6318K, committed 6912K, reserved 1048576K

Card table byte_map: [0x00000246f1240000,0x00000246f1450000] _byte_map_base: 0x00000246f0c40000

Marking Bits: (ParMarkBitMap*) 0x00007ff938443260
 Begin Bits: [0x00000246f4a60000, 0x00000246f5a60000)
 End Bits:   [0x00000246f5a60000, 0x00000246f6a60000)

Polling page: 0x00000246f1030000

Metaspace:

Usage:
  Non-class:     52.69 MB used.
      Class:      6.17 MB used.
       Both:     58.86 MB used.

Virtual space:
  Non-class space:       64.00 MB reserved,      53.50 MB ( 84%) committed,  1 nodes.
      Class space:        1.00 GB reserved,       6.75 MB ( <1%) committed,  1 nodes.
             Both:        1.06 GB reserved,      60.25 MB (  6%) committed. 

Chunk freelists:
   Non-Class:  10.42 MB
       Class:  9.30 MB
        Both:  19.72 MB

MaxMetaspaceSize: unlimited
CompressedClassSpaceSize: 1.00 GB
Initial GC threshold: 21.00 MB
Current GC threshold: 97.31 MB
CDS: on
 - commit_granule_bytes: 65536.
 - commit_granule_words: 8192.
 - virtual_space_node_default_size: 8388608.
 - enlarge_chunks_in_place: 1.
 - use_allocation_guard: 0.


Internal statistics:

num_allocs_failed_limit: 9.
num_arena_births: 1142.
num_arena_deaths: 22.
num_vsnodes_births: 2.
num_vsnodes_deaths: 0.
num_space_committed: 964.
num_space_uncommitted: 0.
num_chunks_returned_to_freelist: 35.
num_chunks_taken_from_freelist: 4021.
num_chunk_merges: 20.
num_chunk_splits: 2444.
num_chunks_enlarged: 1316.
num_inconsistent_stats: 0.

CodeHeap 'non-profiled nmethods': size=120000Kb used=5137Kb max_used=5137Kb free=114862Kb
 bounds [0x0000024687ad0000, 0x0000024687fe0000, 0x000002468f000000]
CodeHeap 'profiled nmethods': size=120000Kb used=18680Kb max_used=18680Kb free=101319Kb
 bounds [0x0000024680000000, 0x0000024681270000, 0x0000024687530000]
CodeHeap 'non-nmethods': size=5760Kb used=1422Kb max_used=1526Kb free=4337Kb
 bounds [0x0000024687530000, 0x00000246877a0000, 0x0000024687ad0000]
 total_blobs=9805 nmethods=9070 adapters=641
 compilation: enabled
              stopped_count=0, restarted_count=0
 full_count=0

Compilation events (20 events):
Event: 9.055 Thread 0x00000246fd0499b0 9851       1       lombok.eclipse.HandlerLibrary$VisitorContainer::getPriority (5 bytes)
Event: 9.055 Thread 0x00000246fd0499b0 nmethod 9851 0x0000024687b63310 code [0x0000024687b634a0, 0x0000024687b63568]
Event: 9.063 Thread 0x00000246fd0499b0 9853       2       org.eclipse.jdt.internal.core.JavaElement::getElementInfo (27 bytes)
Event: 9.065 Thread 0x00000246fd0499b0 nmethod 9853 0x00000246803a9810 code [0x00000246803a99e0, 0x00000246803a9bc0]
Event: 9.065 Thread 0x00000246fd0499b0 9854       2       org.eclipse.jdt.internal.core.JavaElement::getElementInfo (18 bytes)
Event: 9.066 Thread 0x00000246fd0499b0 nmethod 9854 0x0000024680440f10 code [0x00000246804410e0, 0x0000024680441298]
Event: 9.066 Thread 0x00000246fd0499b0 9855       2       lombok.launch.PatchFixesHider$Delegate::isDelegateSourceMethod (21 bytes)
Event: 9.068 Thread 0x00000246fd0499b0 nmethod 9855 0x000002468034e210 code [0x000002468034e600, 0x000002468034f740]
Event: 9.068 Thread 0x00000246fd0499b0 9856   !   2       lombok.launch.PatchFixesHider$Util::invokeMethod (22 bytes)
Event: 9.068 Thread 0x00000246fd0499b0 nmethod 9856 0x0000024680440290 code [0x00000246804404c0, 0x00000246804409f8]
Event: 9.068 Thread 0x00000246fd0499b0 9857       2       lombok.eclipse.agent.PatchDelegate::isDelegateSourceMethod (14 bytes)
Event: 9.069 Thread 0x00000246fd0499b0 nmethod 9857 0x0000024680246e90 code [0x0000024680247040, 0x00000246802471a0]
Event: 9.069 Thread 0x00000246fd0499b0 9852       2       java.lang.invoke.LambdaForm$MH/0x000002469048c000::invoke (44 bytes)
Event: 9.069 Thread 0x00000246fd0499b0 nmethod 9852 0x0000024680246990 code [0x0000024680246b40, 0x0000024680246cc0]
Event: 9.070 Thread 0x00000246fd0499b0 9858       2       java.lang.invoke.InvokerBytecodeGenerator::classFilePrologue (64 bytes)
Event: 9.070 Thread 0x00000246fd0499b0 nmethod 9858 0x0000024680246190 code [0x00000246802463a0, 0x00000246802467a8]
Event: 9.102 Thread 0x00000246fd0499b0 9859       2       org.eclipse.jdt.internal.compiler.classfmt.MethodInfo::decodeParamAnnotations (125 bytes)
Event: 9.103 Thread 0x00000246fd0499b0 nmethod 9859 0x00000246808b1810 code [0x00000246808b19e0, 0x00000246808b1e88]
Event: 9.113 Thread 0x00000246fd0499b0 9860       2       java.util.IdentityHashMap$IdentityHashMapIterator::<init> (63 bytes)
Event: 9.113 Thread 0x00000246fd0499b0 nmethod 9860 0x00000246808b1390 code [0x00000246808b1540, 0x00000246808b16c8]

GC Heap History (20 events):
Event: 9.109 GC heap after
{Heap after GC invocations=197 (full 3):
 PSYoungGen      total 4096K, used 1011K [0x00000000eab00000, 0x00000000eb300000, 0x0000000100000000)
  eden space 3072K, 0% used [0x00000000eab00000,0x00000000eab00000,0x00000000eae00000)
  from space 1024K, 98% used [0x00000000eb000000,0x00000000eb0fcd78,0x00000000eb100000)
  to   space 2048K, 0% used [0x00000000eae00000,0x00000000eae00000,0x00000000eb000000)
 ParOldGen       total 243712K, used 218482K [0x00000000c0000000, 0x00000000cee00000, 0x00000000eab00000)
  object space 243712K, 89% used [0x00000000c0000000,0x00000000cd55cbf8,0x00000000cee00000)
 Metaspace       used 59906K, committed 61248K, reserved 1114112K
  class space    used 6277K, committed 6848K, reserved 1048576K
}
Event: 9.116 GC heap before
{Heap before GC invocations=198 (full 3):
 PSYoungGen      total 4096K, used 4083K [0x00000000eab00000, 0x00000000eb300000, 0x0000000100000000)
  eden space 3072K, 100% used [0x00000000eab00000,0x00000000eae00000,0x00000000eae00000)
  from space 1024K, 98% used [0x00000000eb000000,0x00000000eb0fcd78,0x00000000eb100000)
  to   space 2048K, 0% used [0x00000000eae00000,0x00000000eae00000,0x00000000eb000000)
 ParOldGen       total 243712K, used 218482K [0x00000000c0000000, 0x00000000cee00000, 0x00000000eab00000)
  object space 243712K, 89% used [0x00000000c0000000,0x00000000cd55cbf8,0x00000000cee00000)
 Metaspace       used 59906K, committed 61248K, reserved 1114112K
  class space    used 6277K, committed 6848K, reserved 1048576K
}
Event: 9.118 GC heap after
{Heap after GC invocations=198 (full 3):
 PSYoungGen      total 4096K, used 854K [0x00000000eab00000, 0x00000000eb100000, 0x0000000100000000)
  eden space 3072K, 0% used [0x00000000eab00000,0x00000000eab00000,0x00000000eae00000)
  from space 1024K, 83% used [0x00000000eae00000,0x00000000eaed5be0,0x00000000eaf00000)
  to   space 1536K, 0% used [0x00000000eaf80000,0x00000000eaf80000,0x00000000eb100000)
 ParOldGen       total 243712K, used 219296K [0x00000000c0000000, 0x00000000cee00000, 0x00000000eab00000)
  object space 243712K, 89% used [0x00000000c0000000,0x00000000cd6280c0,0x00000000cee00000)
 Metaspace       used 59906K, committed 61248K, reserved 1114112K
  class space    used 6277K, committed 6848K, reserved 1048576K
}
Event: 9.126 GC heap before
{Heap before GC invocations=199 (full 3):
 PSYoungGen      total 4096K, used 3926K [0x00000000eab00000, 0x00000000eb100000, 0x0000000100000000)
  eden space 3072K, 100% used [0x00000000eab00000,0x00000000eae00000,0x00000000eae00000)
  from space 1024K, 83% used [0x00000000eae00000,0x00000000eaed5be0,0x00000000eaf00000)
  to   space 1536K, 0% used [0x00000000eaf80000,0x00000000eaf80000,0x00000000eb100000)
 ParOldGen       total 243712K, used 219296K [0x00000000c0000000, 0x00000000cee00000, 0x00000000eab00000)
  object space 243712K, 89% used [0x00000000c0000000,0x00000000cd6280c0,0x00000000cee00000)
 Metaspace       used 59906K, committed 61248K, reserved 1114112K
  class space    used 6277K, committed 6848K, reserved 1048576K
}
Event: 9.128 GC heap after
{Heap after GC invocations=199 (full 3):
 PSYoungGen      total 4096K, used 800K [0x00000000eab00000, 0x00000000eb080000, 0x0000000100000000)
  eden space 3072K, 0% used [0x00000000eab00000,0x00000000eab00000,0x00000000eae00000)
  from space 1024K, 78% used [0x00000000eaf80000,0x00000000eb048000,0x00000000eb080000)
  to   space 1024K, 0% used [0x00000000eae00000,0x00000000eae00000,0x00000000eaf00000)
 ParOldGen       total 243712K, used 219996K [0x00000000c0000000, 0x00000000cee00000, 0x00000000eab00000)
  object space 243712K, 90% used [0x00000000c0000000,0x00000000cd6d70f0,0x00000000cee00000)
 Metaspace       used 59906K, committed 61248K, reserved 1114112K
  class space    used 6277K, committed 6848K, reserved 1048576K
}
Event: 9.137 GC heap before
{Heap before GC invocations=200 (full 3):
 PSYoungGen      total 4096K, used 3872K [0x00000000eab00000, 0x00000000eb080000, 0x0000000100000000)
  eden space 3072K, 100% used [0x00000000eab00000,0x00000000eae00000,0x00000000eae00000)
  from space 1024K, 78% used [0x00000000eaf80000,0x00000000eb048000,0x00000000eb080000)
  to   space 1024K, 0% used [0x00000000eae00000,0x00000000eae00000,0x00000000eaf00000)
 ParOldGen       total 243712K, used 219996K [0x00000000c0000000, 0x00000000cee00000, 0x00000000eab00000)
  object space 243712K, 90% used [0x00000000c0000000,0x00000000cd6d70f0,0x00000000cee00000)
 Metaspace       used 59941K, committed 61312K, reserved 1114112K
  class space    used 6279K, committed 6848K, reserved 1048576K
}
Event: 9.138 GC heap after
{Heap after GC invocations=200 (full 3):
 PSYoungGen      total 4096K, used 721K [0x00000000eab00000, 0x00000000eb000000, 0x0000000100000000)
  eden space 3072K, 0% used [0x00000000eab00000,0x00000000eab00000,0x00000000eae00000)
  from space 1024K, 70% used [0x00000000eae00000,0x00000000eaeb46c8,0x00000000eaf00000)
  to   space 1024K, 0% used [0x00000000eaf00000,0x00000000eaf00000,0x00000000eb000000)
 ParOldGen       total 243712K, used 220643K [0x00000000c0000000, 0x00000000cee00000, 0x00000000eab00000)
  object space 243712K, 90% used [0x00000000c0000000,0x00000000cd778d50,0x00000000cee00000)
 Metaspace       used 59941K, committed 61312K, reserved 1114112K
  class space    used 6279K, committed 6848K, reserved 1048576K
}
Event: 9.147 GC heap before
{Heap before GC invocations=201 (full 3):
 PSYoungGen      total 4096K, used 3793K [0x00000000eab00000, 0x00000000eb000000, 0x0000000100000000)
  eden space 3072K, 100% used [0x00000000eab00000,0x00000000eae00000,0x00000000eae00000)
  from space 1024K, 70% used [0x00000000eae00000,0x00000000eaeb46c8,0x00000000eaf00000)
  to   space 1024K, 0% used [0x00000000eaf00000,0x00000000eaf00000,0x00000000eb000000)
 ParOldGen       total 243712K, used 220643K [0x00000000c0000000, 0x00000000cee00000, 0x00000000eab00000)
  object space 243712K, 90% used [0x00000000c0000000,0x00000000cd778d50,0x00000000cee00000)
 Metaspace       used 59941K, committed 61312K, reserved 1114112K
  class space    used 6279K, committed 6848K, reserved 1048576K
}
Event: 9.148 GC heap after
{Heap after GC invocations=201 (full 3):
 PSYoungGen      total 4096K, used 805K [0x00000000eab00000, 0x00000000eb000000, 0x0000000100000000)
  eden space 3072K, 0% used [0x00000000eab00000,0x00000000eab00000,0x00000000eae00000)
  from space 1024K, 78% used [0x00000000eaf00000,0x00000000eafc9658,0x00000000eb000000)
  to   space 1024K, 0% used [0x00000000eae00000,0x00000000eae00000,0x00000000eaf00000)
 ParOldGen       total 243712K, used 221229K [0x00000000c0000000, 0x00000000cee00000, 0x00000000eab00000)
  object space 243712K, 90% used [0x00000000c0000000,0x00000000cd80b630,0x00000000cee00000)
 Metaspace       used 59941K, committed 61312K, reserved 1114112K
  class space    used 6279K, committed 6848K, reserved 1048576K
}
Event: 9.158 GC heap before
{Heap before GC invocations=202 (full 3):
 PSYoungGen      total 4096K, used 3877K [0x00000000eab00000, 0x00000000eb000000, 0x0000000100000000)
  eden space 3072K, 100% used [0x00000000eab00000,0x00000000eae00000,0x00000000eae00000)
  from space 1024K, 78% used [0x00000000eaf00000,0x00000000eafc9658,0x00000000eb000000)
  to   space 1024K, 0% used [0x00000000eae00000,0x00000000eae00000,0x00000000eaf00000)
 ParOldGen       total 243712K, used 221229K [0x00000000c0000000, 0x00000000cee00000, 0x00000000eab00000)
  object space 243712K, 90% used [0x00000000c0000000,0x00000000cd80b630,0x00000000cee00000)
 Metaspace       used 59957K, committed 61312K, reserved 1114112K
  class space    used 6279K, committed 6848K, reserved 1048576K
}
Event: 9.159 GC heap after
{Heap after GC invocations=202 (full 3):
 PSYoungGen      total 4096K, used 856K [0x00000000eab00000, 0x00000000eb000000, 0x0000000100000000)
  eden space 3072K, 0% used [0x00000000eab00000,0x00000000eab00000,0x00000000eae00000)
  from space 1024K, 83% used [0x00000000eae00000,0x00000000eaed6260,0x00000000eaf00000)
  to   space 1024K, 0% used [0x00000000eaf00000,0x00000000eaf00000,0x00000000eb000000)
 ParOldGen       total 243712K, used 221901K [0x00000000c0000000, 0x00000000cee00000, 0x00000000eab00000)
  object space 243712K, 91% used [0x00000000c0000000,0x00000000cd8b3720,0x00000000cee00000)
 Metaspace       used 59957K, committed 61312K, reserved 1114112K
  class space    used 6279K, committed 6848K, reserved 1048576K
}
Event: 9.167 GC heap before
{Heap before GC invocations=203 (full 3):
 PSYoungGen      total 4096K, used 3928K [0x00000000eab00000, 0x00000000eb000000, 0x0000000100000000)
  eden space 3072K, 100% used [0x00000000eab00000,0x00000000eae00000,0x00000000eae00000)
  from space 1024K, 83% used [0x00000000eae00000,0x00000000eaed6260,0x00000000eaf00000)
  to   space 1024K, 0% used [0x00000000eaf00000,0x00000000eaf00000,0x00000000eb000000)
 ParOldGen       total 243712K, used 221901K [0x00000000c0000000, 0x00000000cee00000, 0x00000000eab00000)
  object space 243712K, 91% used [0x00000000c0000000,0x00000000cd8b3720,0x00000000cee00000)
 Metaspace       used 59978K, committed 61376K, reserved 1114112K
  class space    used 6281K, committed 6848K, reserved 1048576K
}
Event: 9.169 GC heap after
{Heap after GC invocations=203 (full 3):
 PSYoungGen      total 4096K, used 855K [0x00000000eab00000, 0x00000000eb000000, 0x0000000100000000)
  eden space 3072K, 0% used [0x00000000eab00000,0x00000000eab00000,0x00000000eae00000)
  from space 1024K, 83% used [0x00000000eaf00000,0x00000000eafd5ef8,0x00000000eb000000)
  to   space 1024K, 0% used [0x00000000eae00000,0x00000000eae00000,0x00000000eaf00000)
 ParOldGen       total 243712K, used 222638K [0x00000000c0000000, 0x00000000cee00000, 0x00000000eab00000)
  object space 243712K, 91% used [0x00000000c0000000,0x00000000cd96b980,0x00000000cee00000)
 Metaspace       used 59978K, committed 61376K, reserved 1114112K
  class space    used 6281K, committed 6848K, reserved 1048576K
}
Event: 9.178 GC heap before
{Heap before GC invocations=204 (full 3):
 PSYoungGen      total 4096K, used 3927K [0x00000000eab00000, 0x00000000eb000000, 0x0000000100000000)
  eden space 3072K, 100% used [0x00000000eab00000,0x00000000eae00000,0x00000000eae00000)
  from space 1024K, 83% used [0x00000000eaf00000,0x00000000eafd5ef8,0x00000000eb000000)
  to   space 1024K, 0% used [0x00000000eae00000,0x00000000eae00000,0x00000000eaf00000)
 ParOldGen       total 243712K, used 222638K [0x00000000c0000000, 0x00000000cee00000, 0x00000000eab00000)
  object space 243712K, 91% used [0x00000000c0000000,0x00000000cd96b980,0x00000000cee00000)
 Metaspace       used 60004K, committed 61376K, reserved 1114112K
  class space    used 6283K, committed 6848K, reserved 1048576K
}
Event: 9.179 GC heap after
{Heap after GC invocations=204 (full 3):
 PSYoungGen      total 4096K, used 863K [0x00000000eab00000, 0x00000000eb000000, 0x0000000100000000)
  eden space 3072K, 0% used [0x00000000eab00000,0x00000000eab00000,0x00000000eae00000)
  from space 1024K, 84% used [0x00000000eae00000,0x00000000eaed7d98,0x00000000eaf00000)
  to   space 1024K, 0% used [0x00000000eaf00000,0x00000000eaf00000,0x00000000eb000000)
 ParOldGen       total 243712K, used 223337K [0x00000000c0000000, 0x00000000cee00000, 0x00000000eab00000)
  object space 243712K, 91% used [0x00000000c0000000,0x00000000cda1a618,0x00000000cee00000)
 Metaspace       used 60004K, committed 61376K, reserved 1114112K
  class space    used 6283K, committed 6848K, reserved 1048576K
}
Event: 9.189 GC heap before
{Heap before GC invocations=205 (full 3):
 PSYoungGen      total 4096K, used 3935K [0x00000000eab00000, 0x00000000eb000000, 0x0000000100000000)
  eden space 3072K, 100% used [0x00000000eab00000,0x00000000eae00000,0x00000000eae00000)
  from space 1024K, 84% used [0x00000000eae00000,0x00000000eaed7d98,0x00000000eaf00000)
  to   space 1024K, 0% used [0x00000000eaf00000,0x00000000eaf00000,0x00000000eb000000)
 ParOldGen       total 243712K, used 223337K [0x00000000c0000000, 0x00000000cee00000, 0x00000000eab00000)
  object space 243712K, 91% used [0x00000000c0000000,0x00000000cda1a618,0x00000000cee00000)
 Metaspace       used 60046K, committed 61440K, reserved 1114112K
  class space    used 6286K, committed 6848K, reserved 1048576K
}
Event: 9.190 GC heap after
{Heap after GC invocations=205 (full 3):
 PSYoungGen      total 4096K, used 866K [0x00000000eab00000, 0x00000000eb000000, 0x0000000100000000)
  eden space 3072K, 0% used [0x00000000eab00000,0x00000000eab00000,0x00000000eae00000)
  from space 1024K, 84% used [0x00000000eaf00000,0x00000000eafd88e0,0x00000000eb000000)
  to   space 1024K, 0% used [0x00000000eae00000,0x00000000eae00000,0x00000000eaf00000)
 ParOldGen       total 243712K, used 224065K [0x00000000c0000000, 0x00000000cee00000, 0x00000000eab00000)
  object space 243712K, 91% used [0x00000000c0000000,0x00000000cdad04e0,0x00000000cee00000)
 Metaspace       used 60046K, committed 61440K, reserved 1114112K
  class space    used 6286K, committed 6848K, reserved 1048576K
}
Event: 9.199 GC heap before
{Heap before GC invocations=206 (full 3):
 PSYoungGen      total 4096K, used 3938K [0x00000000eab00000, 0x00000000eb000000, 0x0000000100000000)
  eden space 3072K, 100% used [0x00000000eab00000,0x00000000eae00000,0x00000000eae00000)
  from space 1024K, 84% used [0x00000000eaf00000,0x00000000eafd88e0,0x00000000eb000000)
  to   space 1024K, 0% used [0x00000000eae00000,0x00000000eae00000,0x00000000eaf00000)
 ParOldGen       total 243712K, used 224065K [0x00000000c0000000, 0x00000000cee00000, 0x00000000eab00000)
  object space 243712K, 91% used [0x00000000c0000000,0x00000000cdad04e0,0x00000000cee00000)
 Metaspace       used 60131K, committed 61504K, reserved 1114112K
  class space    used 6295K, committed 6848K, reserved 1048576K
}
Event: 9.201 GC heap after
{Heap after GC invocations=206 (full 3):
 PSYoungGen      total 4096K, used 768K [0x00000000eab00000, 0x00000000eb000000, 0x0000000100000000)
  eden space 3072K, 0% used [0x00000000eab00000,0x00000000eab00000,0x00000000eae00000)
  from space 1024K, 75% used [0x00000000eae00000,0x00000000eaec0050,0x00000000eaf00000)
  to   space 1024K, 0% used [0x00000000eaf00000,0x00000000eaf00000,0x00000000eb000000)
 ParOldGen       total 243712K, used 224756K [0x00000000c0000000, 0x00000000cee00000, 0x00000000eab00000)
  object space 243712K, 92% used [0x00000000c0000000,0x00000000cdb7d2c0,0x00000000cee00000)
 Metaspace       used 60131K, committed 61504K, reserved 1114112K
  class space    used 6295K, committed 6848K, reserved 1048576K
}
Event: 9.210 GC heap before
{Heap before GC invocations=207 (full 3):
 PSYoungGen      total 4096K, used 3840K [0x00000000eab00000, 0x00000000eb000000, 0x0000000100000000)
  eden space 3072K, 100% used [0x00000000eab00000,0x00000000eae00000,0x00000000eae00000)
  from space 1024K, 75% used [0x00000000eae00000,0x00000000eaec0050,0x00000000eaf00000)
  to   space 1024K, 0% used [0x00000000eaf00000,0x00000000eaf00000,0x00000000eb000000)
 ParOldGen       total 243712K, used 224756K [0x00000000c0000000, 0x00000000cee00000, 0x00000000eab00000)
  object space 243712K, 92% used [0x00000000c0000000,0x00000000cdb7d2c0,0x00000000cee00000)
 Metaspace       used 60132K, committed 61504K, reserved 1114112K
  class space    used 6295K, committed 6848K, reserved 1048576K
}

Dll operation events (10 events):
Event: 0.013 Loaded shared library c:\Users\asadr\.vscode\extensions\redhat.java-1.41.1-win32-x64\jre\21.0.6-win32-x86_64\bin\java.dll
Event: 0.089 Loaded shared library c:\Users\asadr\.vscode\extensions\redhat.java-1.41.1-win32-x64\jre\21.0.6-win32-x86_64\bin\zip.dll
Event: 0.113 Loaded shared library C:\Users\asadr\.vscode\extensions\redhat.java-1.41.1-win32-x64\jre\21.0.6-win32-x86_64\bin\instrument.dll
Event: 0.118 Loaded shared library C:\Users\asadr\.vscode\extensions\redhat.java-1.41.1-win32-x64\jre\21.0.6-win32-x86_64\bin\net.dll
Event: 0.120 Loaded shared library C:\Users\asadr\.vscode\extensions\redhat.java-1.41.1-win32-x64\jre\21.0.6-win32-x86_64\bin\nio.dll
Event: 0.124 Loaded shared library C:\Users\asadr\.vscode\extensions\redhat.java-1.41.1-win32-x64\jre\21.0.6-win32-x86_64\bin\zip.dll
Event: 0.142 Loaded shared library C:\Users\asadr\.vscode\extensions\redhat.java-1.41.1-win32-x64\jre\21.0.6-win32-x86_64\bin\jimage.dll
Event: 0.215 Loaded shared library c:\Users\asadr\.vscode\extensions\redhat.java-1.41.1-win32-x64\jre\21.0.6-win32-x86_64\bin\verify.dll
Event: 1.432 Loaded shared library C:\Users\asadr\AppData\Roaming\Code\User\globalStorage\redhat.java\1.41.1\config_win\org.eclipse.equinox.launcher\org.eclipse.equinox.launcher.win32.win32.x86_64_1.2.1300.v20250331-1702\eclipse_11911.dll
Event: 2.608 Loaded shared library C:\Users\asadr\AppData\Local\Temp\jna-93103933\jna15656667892912658642.dll

Deoptimization events (20 events):
Event: 8.782 Thread 0x00000246fe244090 DEOPT PACKING pc=0x0000024687f0d9c0 sp=0x0000005526afeae0
Event: 8.782 Thread 0x00000246fe244090 DEOPT UNPACKING pc=0x0000024687583aa2 sp=0x0000005526afea70 mode 2
Event: 8.782 Thread 0x00000246fe244090 Uncommon trap: trap_request=0xffffffde fr.pc=0x0000024687e054fc relative=0x000000000000029c
Event: 8.782 Thread 0x00000246fe244090 Uncommon trap: reason=class_check action=maybe_recompile pc=0x0000024687e054fc method=sun.nio.fs.WindowsPath.compareTo(Ljava/nio/file/Path;)I @ 18 c2
Event: 8.782 Thread 0x00000246fe244090 DEOPT PACKING pc=0x0000024687e054fc sp=0x0000005526afe970
Event: 8.782 Thread 0x00000246fe244090 DEOPT UNPACKING pc=0x0000024687583aa2 sp=0x0000005526afe8f0 mode 2
Event: 8.783 Thread 0x00000246fe244090 Uncommon trap: trap_request=0xffffffde fr.pc=0x0000024687e054fc relative=0x000000000000029c
Event: 8.783 Thread 0x00000246fe244090 Uncommon trap: reason=class_check action=maybe_recompile pc=0x0000024687e054fc method=sun.nio.fs.WindowsPath.compareTo(Ljava/nio/file/Path;)I @ 18 c2
Event: 8.783 Thread 0x00000246fe244090 DEOPT PACKING pc=0x0000024687e054fc sp=0x0000005526afe970
Event: 8.783 Thread 0x00000246fe244090 DEOPT UNPACKING pc=0x0000024687583aa2 sp=0x0000005526afe8f0 mode 2
Event: 8.784 Thread 0x00000246fe244090 Uncommon trap: trap_request=0xffffffde fr.pc=0x0000024687e054fc relative=0x000000000000029c
Event: 8.784 Thread 0x00000246fe244090 Uncommon trap: reason=class_check action=maybe_recompile pc=0x0000024687e054fc method=sun.nio.fs.WindowsPath.compareTo(Ljava/nio/file/Path;)I @ 18 c2
Event: 8.784 Thread 0x00000246fe244090 DEOPT PACKING pc=0x0000024687e054fc sp=0x0000005526afe970
Event: 8.784 Thread 0x00000246fe244090 DEOPT UNPACKING pc=0x0000024687583aa2 sp=0x0000005526afe8f0 mode 2
Event: 8.869 Thread 0x00000246fe244090 Uncommon trap: trap_request=0xffffff45 fr.pc=0x0000024687bcad90 relative=0x0000000000000430
Event: 8.869 Thread 0x00000246fe244090 Uncommon trap: reason=unstable_if action=reinterpret pc=0x0000024687bcad90 method=java.util.regex.Pattern$SliceU.match(Ljava/util/regex/Matcher;ILjava/lang/CharSequence;)Z @ 74 c2
Event: 8.869 Thread 0x00000246fe244090 DEOPT PACKING pc=0x0000024687bcad90 sp=0x0000005526afea40
Event: 8.869 Thread 0x00000246fe244090 DEOPT UNPACKING pc=0x0000024687583aa2 sp=0x0000005526afe9c8 mode 2
Event: 8.982 Thread 0x00000246ff75a800 DEOPT PACKING pc=0x0000024680c69155 sp=0x00000055283f85b0
Event: 8.982 Thread 0x00000246ff75a800 DEOPT UNPACKING pc=0x0000024687584242 sp=0x00000055283f7ab8 mode 0

Classes loaded (20 events):
Event: 8.769 Loading class java/util/concurrent/CompletionException
Event: 8.769 Loading class java/util/concurrent/CompletionException done
Event: 8.774 Loading class java/nio/file/FileTreeWalker$1
Event: 8.774 Loading class java/nio/file/FileTreeWalker$1 done
Event: 8.775 Loading class sun/nio/fs/Globs
Event: 8.776 Loading class sun/nio/fs/Globs done
Event: 8.776 Loading class java/util/regex/Pattern$SliceU
Event: 8.776 Loading class java/util/regex/Pattern$SliceU done
Event: 8.776 Loading class sun/nio/fs/WindowsFileSystem$2
Event: 8.776 Loading class java/nio/file/PathMatcher
Event: 8.776 Loading class java/nio/file/PathMatcher done
Event: 8.776 Loading class sun/nio/fs/WindowsFileSystem$2 done
Event: 8.889 Loading class java/util/regex/PatternSyntaxException
Event: 8.890 Loading class java/util/regex/PatternSyntaxException done
Event: 8.974 Loading class java/util/Collections$SynchronizedRandomAccessList
Event: 8.976 Loading class java/util/Collections$SynchronizedList
Event: 8.976 Loading class java/util/Collections$SynchronizedList done
Event: 8.976 Loading class java/util/Collections$SynchronizedRandomAccessList done
Event: 9.003 Loading class java/util/concurrent/CompletableFuture$Signaller
Event: 9.003 Loading class java/util/concurrent/CompletableFuture$Signaller done

Classes unloaded (11 events):
Event: 3.084 Thread 0x00000246f6c45a00 Unloading class 0x000002469019dc00 'java/lang/invoke/LambdaForm$MH+0x000002469019dc00'
Event: 3.084 Thread 0x00000246f6c45a00 Unloading class 0x000002469019d800 'java/lang/invoke/LambdaForm$MH+0x000002469019d800'
Event: 3.084 Thread 0x00000246f6c45a00 Unloading class 0x000002469019d400 'java/lang/invoke/LambdaForm$MH+0x000002469019d400'
Event: 3.084 Thread 0x00000246f6c45a00 Unloading class 0x000002469019d000 'java/lang/invoke/LambdaForm$MH+0x000002469019d000'
Event: 3.084 Thread 0x00000246f6c45a00 Unloading class 0x000002469019cc00 'java/lang/invoke/LambdaForm$BMH+0x000002469019cc00'
Event: 3.084 Thread 0x00000246f6c45a00 Unloading class 0x000002469019c800 'java/lang/invoke/LambdaForm$DMH+0x000002469019c800'
Event: 3.084 Thread 0x00000246f6c45a00 Unloading class 0x000002469019b400 'java/lang/invoke/LambdaForm$DMH+0x000002469019b400'
Event: 8.577 Thread 0x00000246f6c45a00 Unloading class 0x000002469064c000 'java/lang/invoke/LambdaForm$DMH+0x000002469064c000'
Event: 8.577 Thread 0x00000246f6c45a00 Unloading class 0x000002469064cc00 'java/lang/invoke/LambdaForm$DMH+0x000002469064cc00'
Event: 8.577 Thread 0x00000246f6c45a00 Unloading class 0x000002469064c800 'java/lang/invoke/LambdaForm$DMH+0x000002469064c800'
Event: 8.577 Thread 0x00000246f6c45a00 Unloading class 0x000002469064d000 'java/lang/invoke/LambdaForm$DMH+0x000002469064d000'

Classes redefined (0 events):
No events

Internal exceptions (20 events):
Event: 8.865 Thread 0x00000246fe244090 Exception <a 'sun/nio/fs/WindowsException'{0x00000000eaec7230}> (0x00000000eaec7230) 
thrown [s\src\hotspot\share\prims\jni.cpp, line 520]
Event: 8.865 Thread 0x00000246fe244090 Exception <a 'sun/nio/fs/WindowsException'{0x00000000eaec78b0}> (0x00000000eaec78b0) 
thrown [s\src\hotspot\share\prims\jni.cpp, line 520]
Event: 8.865 Thread 0x00000246fe244090 Exception <a 'sun/nio/fs/WindowsException'{0x00000000eaec7f30}> (0x00000000eaec7f30) 
thrown [s\src\hotspot\share\prims\jni.cpp, line 520]
Event: 8.865 Thread 0x00000246fe244090 Exception <a 'sun/nio/fs/WindowsException'{0x00000000eaedd9a0}> (0x00000000eaedd9a0) 
thrown [s\src\hotspot\share\prims\jni.cpp, line 520]
Event: 8.866 Thread 0x00000246fe244090 Exception <a 'sun/nio/fs/WindowsException'{0x00000000eaf0b938}> (0x00000000eaf0b938) 
thrown [s\src\hotspot\share\prims\jni.cpp, line 520]
Event: 8.866 Thread 0x00000246fe244090 Exception <a 'sun/nio/fs/WindowsException'{0x00000000eaf0bfe8}> (0x00000000eaf0bfe8) 
thrown [s\src\hotspot\share\prims\jni.cpp, line 520]
Event: 8.866 Thread 0x00000246fe244090 Exception <a 'sun/nio/fs/WindowsException'{0x00000000eaf0c698}> (0x00000000eaf0c698) 
thrown [s\src\hotspot\share\prims\jni.cpp, line 520]
Event: 8.866 Thread 0x00000246fe244090 Exception <a 'sun/nio/fs/WindowsException'{0x00000000eaf221f8}> (0x00000000eaf221f8) 
thrown [s\src\hotspot\share\prims\jni.cpp, line 520]
Event: 8.866 Thread 0x00000246fe244090 Exception <a 'sun/nio/fs/WindowsException'{0x00000000eaf3ad30}> (0x00000000eaf3ad30) 
thrown [s\src\hotspot\share\prims\jni.cpp, line 520]
Event: 8.866 Thread 0x00000246fe244090 Exception <a 'sun/nio/fs/WindowsException'{0x00000000eaf3b330}> (0x00000000eaf3b330) 
thrown [s\src\hotspot\share\prims\jni.cpp, line 520]
Event: 8.866 Thread 0x00000246fe244090 Exception <a 'sun/nio/fs/WindowsException'{0x00000000eaf3b930}> (0x00000000eaf3b930) 
thrown [s\src\hotspot\share\prims\jni.cpp, line 520]
Event: 8.866 Thread 0x00000246fe244090 Exception <a 'sun/nio/fs/WindowsException'{0x00000000eaf513a8}> (0x00000000eaf513a8) 
thrown [s\src\hotspot\share\prims\jni.cpp, line 520]
Event: 8.867 Thread 0x00000246fe244090 Exception <a 'sun/nio/fs/WindowsException'{0x00000000eaf69de0}> (0x00000000eaf69de0) 
thrown [s\src\hotspot\share\prims\jni.cpp, line 520]
Event: 8.867 Thread 0x00000246fe244090 Exception <a 'sun/nio/fs/WindowsException'{0x00000000eaf6a400}> (0x00000000eaf6a400) 
thrown [s\src\hotspot\share\prims\jni.cpp, line 520]
Event: 8.867 Thread 0x00000246fe244090 Exception <a 'sun/nio/fs/WindowsException'{0x00000000eaf6aa20}> (0x00000000eaf6aa20) 
thrown [s\src\hotspot\share\prims\jni.cpp, line 520]
Event: 8.868 Thread 0x00000246fe244090 Exception <a 'sun/nio/fs/WindowsException'{0x00000000eab14ed8}> (0x00000000eab14ed8) 
thrown [s\src\hotspot\share\prims\jni.cpp, line 520]
Event: 8.869 Thread 0x00000246fe244090 Exception <a 'sun/nio/fs/WindowsException'{0x00000000eab592a8}> (0x00000000eab592a8) 
thrown [s\src\hotspot\share\prims\jni.cpp, line 520]
Event: 8.869 Thread 0x00000246fe244090 Exception <a 'sun/nio/fs/WindowsException'{0x00000000eab598e0}> (0x00000000eab598e0) 
thrown [s\src\hotspot\share\prims\jni.cpp, line 520]
Event: 8.869 Thread 0x00000246fe244090 Exception <a 'sun/nio/fs/WindowsException'{0x00000000eab59f28}> (0x00000000eab59f28) 
thrown [s\src\hotspot\share\prims\jni.cpp, line 520]
Event: 8.869 Thread 0x00000246fe244090 Exception <a 'sun/nio/fs/WindowsException'{0x00000000eab5a580}> (0x00000000eab5a580) 
thrown [s\src\hotspot\share\prims\jni.cpp, line 520]

ZGC Phase Switch (0 events):
No events

VM Operations (20 events):
Event: 9.109 Executing VM operation: ParallelGCFailedAllocation (Allocation Failure) done
Event: 9.116 Executing VM operation: ParallelGCFailedAllocation (Allocation Failure)
Event: 9.118 Executing VM operation: ParallelGCFailedAllocation (Allocation Failure) done
Event: 9.126 Executing VM operation: ParallelGCFailedAllocation (Allocation Failure)
Event: 9.128 Executing VM operation: ParallelGCFailedAllocation (Allocation Failure) done
Event: 9.137 Executing VM operation: ParallelGCFailedAllocation (Allocation Failure)
Event: 9.138 Executing VM operation: ParallelGCFailedAllocation (Allocation Failure) done
Event: 9.147 Executing VM operation: ParallelGCFailedAllocation (Allocation Failure)
Event: 9.148 Executing VM operation: ParallelGCFailedAllocation (Allocation Failure) done
Event: 9.158 Executing VM operation: ParallelGCFailedAllocation (Allocation Failure)
Event: 9.159 Executing VM operation: ParallelGCFailedAllocation (Allocation Failure) done
Event: 9.167 Executing VM operation: ParallelGCFailedAllocation (Allocation Failure)
Event: 9.169 Executing VM operation: ParallelGCFailedAllocation (Allocation Failure) done
Event: 9.177 Executing VM operation: ParallelGCFailedAllocation (Allocation Failure)
Event: 9.179 Executing VM operation: ParallelGCFailedAllocation (Allocation Failure) done
Event: 9.187 Executing VM operation: ParallelGCFailedAllocation (Allocation Failure)
Event: 9.190 Executing VM operation: ParallelGCFailedAllocation (Allocation Failure) done
Event: 9.199 Executing VM operation: ParallelGCFailedAllocation (Allocation Failure)
Event: 9.201 Executing VM operation: ParallelGCFailedAllocation (Allocation Failure) done
Event: 9.210 Executing VM operation: ParallelGCFailedAllocation (Allocation Failure)

Memory protections (0 events):
No events

Nmethod flushes (20 events):
Event: 8.593 Thread 0x00000246f6c45a00 flushing  nmethod 0x00000246808a2590
Event: 8.593 Thread 0x00000246f6c45a00 flushing  nmethod 0x00000246808a2c90
Event: 8.593 Thread 0x00000246f6c45a00 flushing  nmethod 0x00000246808a3410
Event: 8.593 Thread 0x00000246f6c45a00 flushing  nmethod 0x00000246808a3a10
Event: 8.593 Thread 0x00000246f6c45a00 flushing  nmethod 0x00000246808a3e90
Event: 8.593 Thread 0x00000246f6c45a00 flushing  nmethod 0x00000246808a5590
Event: 8.593 Thread 0x00000246f6c45a00 flushing  nmethod 0x00000246808b1010
Event: 8.593 Thread 0x00000246f6c45a00 flushing  nmethod 0x00000246808c8990
Event: 8.593 Thread 0x00000246f6c45a00 flushing  nmethod 0x00000246808caa10
Event: 8.593 Thread 0x00000246f6c45a00 flushing  nmethod 0x000002468093a210
Event: 8.593 Thread 0x00000246f6c45a00 flushing  nmethod 0x000002468093bd10
Event: 8.593 Thread 0x00000246f6c45a00 flushing  nmethod 0x000002468094a010
Event: 8.593 Thread 0x00000246f6c45a00 flushing  nmethod 0x000002468094a790
Event: 8.593 Thread 0x00000246f6c45a00 flushing  nmethod 0x000002468094ab10
Event: 8.593 Thread 0x00000246f6c45a00 flushing  nmethod 0x000002468094ae90
Event: 8.593 Thread 0x00000246f6c45a00 flushing  nmethod 0x000002468094c290
Event: 8.593 Thread 0x00000246f6c45a00 flushing  nmethod 0x0000024680951490
Event: 8.593 Thread 0x00000246f6c45a00 flushing  nmethod 0x0000024680982b90
Event: 8.593 Thread 0x00000246f6c45a00 flushing  nmethod 0x0000024680982e90
Event: 8.593 Thread 0x00000246f6c45a00 flushing  nmethod 0x0000024680987310

Events (20 events):
Event: 5.762 Thread 0x00000246ff759ae0 Thread added: 0x00000246ff82aac0
Event: 5.763 Thread 0x00000246ff759ae0 Thread added: 0x00000246ff82b150
Event: 6.948 Thread 0x00000246ff759ae0 Thread added: 0x00000246ff82be70
Event: 7.178 Thread 0x00000246ff759ae0 Thread added: 0x00000246ff829710
Event: 7.330 Thread 0x00000246ff759ae0 Thread added: 0x00000246ff82d220
Event: 7.330 Thread 0x00000246ff759ae0 Thread added: 0x00000246ff8306a0
Event: 7.379 Thread 0x00000246ff759ae0 Thread added: 0x00000246ff82f2f0
Event: 7.388 Thread 0x00000246ff759ae0 Thread added: 0x00000246ff82e5d0
Event: 7.431 Thread 0x00000246ff759ae0 Thread added: 0x00000246ff830d30
Event: 7.565 Thread 0x00000246ff759ae0 Thread added: 0x00000246ff82ec60
Event: 7.565 Thread 0x00000246ff759ae0 Thread added: 0x00000246ff82f980
Event: 7.565 Thread 0x00000246ff759ae0 Thread added: 0x00000246ff82d8b0
Event: 7.565 Thread 0x00000246ff759ae0 Thread added: 0x00000246ff82df40
Event: 7.566 Thread 0x00000246ff759ae0 Thread added: 0x00000246db6c7780
Event: 7.985 Thread 0x00000246ff82f980 Thread exited: 0x00000246ff82f980
Event: 7.985 Thread 0x00000246db6c7780 Thread exited: 0x00000246db6c7780
Event: 7.985 Thread 0x00000246ff82ec60 Thread exited: 0x00000246ff82ec60
Event: 7.985 Thread 0x00000246ff82d8b0 Thread exited: 0x00000246ff82d8b0
Event: 7.985 Thread 0x00000246ff82df40 Thread exited: 0x00000246ff82df40
Event: 8.076 Thread 0x00000246fd1165e0 Thread exited: 0x00000246fd1165e0


Dynamic libraries:
0x00007ff7dfb90000 - 0x00007ff7dfb9e000 	c:\Users\asadr\.vscode\extensions\redhat.java-1.41.1-win32-x64\jre\21.0.6-win32-x86_64\bin\java.exe
0x00007ff9a7840000 - 0x00007ff9a7aa0000 	C:\WINDOWS\SYSTEM32\ntdll.dll
0x00007ff9a5fd0000 - 0x00007ff9a6097000 	C:\WINDOWS\System32\KERNEL32.DLL
0x00007ff9a4a20000 - 0x00007ff9a4dea000 	C:\WINDOWS\System32\KERNELBASE.dll
0x00007ff9a5080000 - 0x00007ff9a51cb000 	C:\WINDOWS\System32\ucrtbase.dll
0x00007ff99de30000 - 0x00007ff99de48000 	c:\Users\asadr\.vscode\extensions\redhat.java-1.41.1-win32-x64\jre\21.0.6-win32-x86_64\bin\jli.dll
0x00007ff98aca0000 - 0x00007ff98acbe000 	c:\Users\asadr\.vscode\extensions\redhat.java-1.41.1-win32-x64\jre\21.0.6-win32-x86_64\bin\VCRUNTIME140.dll
0x00007ff9a6df0000 - 0x00007ff9a6fbc000 	C:\WINDOWS\System32\USER32.dll
0x00007ff9a5560000 - 0x00007ff9a5587000 	C:\WINDOWS\System32\win32u.dll
0x00007ff97e760000 - 0x00007ff97e9f7000 	C:\WINDOWS\WinSxS\amd64_microsoft.windows.common-controls_6595b64144ccf1df_6.0.26100.3624_none_3e086962e3345f24\COMCTL32.dll
0x00007ff9a58a0000 - 0x00007ff9a5949000 	C:\WINDOWS\System32\msvcrt.dll
0x00007ff9a6b60000 - 0x00007ff9a6b8a000 	C:\WINDOWS\System32\GDI32.dll
0x00007ff9a4e80000 - 0x00007ff9a4fb1000 	C:\WINDOWS\System32\gdi32full.dll
0x00007ff9a5590000 - 0x00007ff9a5633000 	C:\WINDOWS\System32\msvcp_win.dll
0x00007ff9a7750000 - 0x00007ff9a777f000 	C:\WINDOWS\System32\IMM32.DLL
0x00007ff9a1a50000 - 0x00007ff9a1a5c000 	c:\Users\asadr\.vscode\extensions\redhat.java-1.41.1-win32-x64\jre\21.0.6-win32-x86_64\bin\vcruntime140_1.dll
0x00007ff95c1e0000 - 0x00007ff95c26d000 	c:\Users\asadr\.vscode\extensions\redhat.java-1.41.1-win32-x64\jre\21.0.6-win32-x86_64\bin\msvcp140.dll
0x00007ff937790000 - 0x00007ff938520000 	c:\Users\asadr\.vscode\extensions\redhat.java-1.41.1-win32-x64\jre\21.0.6-win32-x86_64\bin\server\jvm.dll
0x00007ff9a75c0000 - 0x00007ff9a7672000 	C:\WINDOWS\System32\ADVAPI32.dll
0x00007ff9a7680000 - 0x00007ff9a7726000 	C:\WINDOWS\System32\sechost.dll
0x00007ff9a70c0000 - 0x00007ff9a71d6000 	C:\WINDOWS\System32\RPCRT4.dll
0x00007ff9a5f50000 - 0x00007ff9a5fc4000 	C:\WINDOWS\System32\WS2_32.dll
0x00007ff9a43e0000 - 0x00007ff9a443e000 	C:\WINDOWS\SYSTEM32\POWRPROF.dll
0x00007ff99d710000 - 0x00007ff99d71b000 	C:\WINDOWS\SYSTEM32\VERSION.dll
0x00007ff996400000 - 0x00007ff996436000 	C:\WINDOWS\SYSTEM32\WINMM.dll
0x00007ff9a43c0000 - 0x00007ff9a43d4000 	C:\WINDOWS\SYSTEM32\UMPDC.dll
0x00007ff9a37f0000 - 0x00007ff9a380a000 	C:\WINDOWS\SYSTEM32\kernel.appcore.dll
0x00007ff99e7a0000 - 0x00007ff99e7aa000 	c:\Users\asadr\.vscode\extensions\redhat.java-1.41.1-win32-x64\jre\21.0.6-win32-x86_64\bin\jimage.dll
0x00007ff98f700000 - 0x00007ff98f941000 	C:\WINDOWS\SYSTEM32\DBGHELP.DLL
0x00007ff9a60a0000 - 0x00007ff9a6422000 	C:\WINDOWS\System32\combase.dll
0x00007ff9a7340000 - 0x00007ff9a7416000 	C:\WINDOWS\System32\OLEAUT32.dll
0x00007ff92c7b0000 - 0x00007ff92c7e9000 	C:\WINDOWS\SYSTEM32\dbgcore.DLL
0x00007ff9a54c0000 - 0x00007ff9a5559000 	C:\WINDOWS\System32\bcryptPrimitives.dll
0x00007ff98d0e0000 - 0x00007ff98d0ef000 	c:\Users\asadr\.vscode\extensions\redhat.java-1.41.1-win32-x64\jre\21.0.6-win32-x86_64\bin\instrument.dll
0x00007ff989310000 - 0x00007ff98932f000 	c:\Users\asadr\.vscode\extensions\redhat.java-1.41.1-win32-x64\jre\21.0.6-win32-x86_64\bin\java.dll
0x00007ff9a6430000 - 0x00007ff9a6b59000 	C:\WINDOWS\System32\SHELL32.dll
0x00007ff9a5350000 - 0x00007ff9a54b8000 	C:\WINDOWS\System32\wintypes.dll
0x00007ff9a26a0000 - 0x00007ff9a2ef2000 	C:\WINDOWS\SYSTEM32\windows.storage.dll
0x00007ff9a7420000 - 0x00007ff9a750d000 	C:\WINDOWS\System32\SHCORE.dll
0x00007ff9a7790000 - 0x00007ff9a77f4000 	C:\WINDOWS\System32\shlwapi.dll
0x00007ff9a4930000 - 0x00007ff9a495f000 	C:\WINDOWS\SYSTEM32\profapi.dll
0x00007ff977dc0000 - 0x00007ff977dd8000 	c:\Users\asadr\.vscode\extensions\redhat.java-1.41.1-win32-x64\jre\21.0.6-win32-x86_64\bin\zip.dll
0x00007ff98bc60000 - 0x00007ff98bc70000 	C:\Users\asadr\.vscode\extensions\redhat.java-1.41.1-win32-x64\jre\21.0.6-win32-x86_64\bin\net.dll
0x00007ff99d960000 - 0x00007ff99da7d000 	C:\WINDOWS\SYSTEM32\WINHTTP.dll
0x00007ff9a3cf0000 - 0x00007ff9a3d5a000 	C:\WINDOWS\system32\mswsock.dll
0x00007ff979d30000 - 0x00007ff979d46000 	C:\Users\asadr\.vscode\extensions\redhat.java-1.41.1-win32-x64\jre\21.0.6-win32-x86_64\bin\nio.dll
0x00007ff98a9c0000 - 0x00007ff98a9d0000 	c:\Users\asadr\.vscode\extensions\redhat.java-1.41.1-win32-x64\jre\21.0.6-win32-x86_64\bin\verify.dll
0x00007ff95d0b0000 - 0x00007ff95d0f5000 	C:\Users\asadr\AppData\Roaming\Code\User\globalStorage\redhat.java\1.41.1\config_win\org.eclipse.equinox.launcher\org.eclipse.equinox.launcher.win32.win32.x86_64_1.2.1300.v20250331-1702\eclipse_11911.dll
0x00007ff9a56d0000 - 0x00007ff9a5866000 	C:\WINDOWS\System32\ole32.dll
0x00007ff9a40a0000 - 0x00007ff9a40bc000 	C:\WINDOWS\SYSTEM32\CRYPTSP.dll
0x00007ff9a3750000 - 0x00007ff9a378a000 	C:\WINDOWS\system32\rsaenh.dll
0x00007ff9a3d90000 - 0x00007ff9a3dbb000 	C:\WINDOWS\SYSTEM32\USERENV.dll
0x00007ff9a4900000 - 0x00007ff9a4926000 	C:\WINDOWS\SYSTEM32\bcrypt.dll
0x00007ff9a3f20000 - 0x00007ff9a3f2c000 	C:\WINDOWS\SYSTEM32\CRYPTBASE.dll
0x00007ff9a3250000 - 0x00007ff9a3283000 	C:\WINDOWS\SYSTEM32\IPHLPAPI.DLL
0x00007ff9a5870000 - 0x00007ff9a587a000 	C:\WINDOWS\System32\NSI.dll
0x00007ff95c5b0000 - 0x00007ff95c5f9000 	C:\Users\asadr\AppData\Local\Temp\jna-93103933\jna15656667892912658642.dll
0x00007ff9a7730000 - 0x00007ff9a7738000 	C:\WINDOWS\System32\PSAPI.DLL
0x00007ff99d720000 - 0x00007ff99d73f000 	C:\WINDOWS\SYSTEM32\dhcpcsvc6.DLL
0x00007ff99d6e0000 - 0x00007ff99d705000 	C:\WINDOWS\SYSTEM32\dhcpcsvc.DLL

dbghelp: loaded successfully - version: 4.0.5 - missing functions: none
symbol engine: initialized successfully - sym options: 0x614 - pdb path: .;c:\Users\asadr\.vscode\extensions\redhat.java-1.41.1-win32-x64\jre\21.0.6-win32-x86_64\bin;C:\WINDOWS\SYSTEM32;C:\WINDOWS\WinSxS\amd64_microsoft.windows.common-controls_6595b64144ccf1df_6.0.26100.3624_none_3e086962e3345f24;c:\Users\asadr\.vscode\extensions\redhat.java-1.41.1-win32-x64\jre\21.0.6-win32-x86_64\bin\server;C:\Users\asadr\AppData\Roaming\Code\User\globalStorage\redhat.java\1.41.1\config_win\org.eclipse.equinox.launcher\org.eclipse.equinox.launcher.win32.win32.x86_64_1.2.1300.v20250331-1702;C:\Users\asadr\AppData\Local\Temp\jna-93103933

VM Arguments:
jvm_args: --add-modules=ALL-SYSTEM --add-opens=java.base/java.util=ALL-UNNAMED --add-opens=java.base/java.lang=ALL-UNNAMED --add-opens=java.base/sun.nio.fs=ALL-UNNAMED -Declipse.application=org.eclipse.jdt.ls.core.id1 -Dosgi.bundles.defaultStartLevel=4 -Declipse.product=org.eclipse.jdt.ls.core.product -Djava.import.generatesMetadataFilesAtProjectRoot=false -DDetectVMInstallationsJob.disabled=true -Dfile.encoding=utf8 -XX:+UseParallelGC -XX:GCTimeRatio=4 -XX:AdaptiveSizePolicyWeight=90 -Dsun.zip.disableMemoryMapping=true -Xmx1G -Xms100m -Xlog:disable -javaagent:c:\Users\asadr\.vscode\extensions\redhat.java-1.41.1-win32-x64\lombok\lombok-1.18.36.jar -XX:+HeapDumpOnOutOfMemoryError -XX:HeapDumpPath=c:\Users\asadr\AppData\Roaming\Code\User\workspaceStorage\04bcbd77341e2a020fcdf7a70cf93eb6\redhat.java -Daether.dependencyCollector.impl=bf 
java_command: c:\Users\asadr\.vscode\extensions\redhat.java-1.41.1-win32-x64\server\plugins\org.eclipse.equinox.launcher_1.7.0.v20250331-1702.jar -configuration c:\Users\asadr\AppData\Roaming\Code\User\globalStorage\redhat.java\1.41.1\config_win -data c:\Users\asadr\AppData\Roaming\Code\User\workspaceStorage\04bcbd77341e2a020fcdf7a70cf93eb6\redhat.java\jdt_ws --pipe=\\.\pipe\lsp-e81a8f930c31d5b32a1e77fcad28345f-sock
java_class_path (initial): c:\Users\asadr\.vscode\extensions\redhat.java-1.41.1-win32-x64\server\plugins\org.eclipse.equinox.launcher_1.7.0.v20250331-1702.jar
Launcher Type: SUN_STANDARD

[Global flags]
    uintx AdaptiveSizePolicyWeight                 = 90                                        {product} {command line}
     intx CICompilerCount                          = 4                                         {product} {ergonomic}
    uintx GCTimeRatio                              = 4                                         {product} {command line}
     bool HeapDumpOnOutOfMemoryError               = true                                   {manageable} {command line}
    ccstr HeapDumpPath                             = c:\Users\asadr\AppData\Roaming\Code\User\workspaceStorage\04bcbd77341e2a020fcdf7a70cf93eb6\redhat.java         {manageable} {command line}
   size_t InitialHeapSize                          = 104857600                                 {product} {command line}
   size_t MaxHeapSize                              = 1073741824                                {product} {command line}
   size_t MaxNewSize                               = 357564416                                 {product} {ergonomic}
   size_t MinHeapDeltaBytes                        = 524288                                    {product} {ergonomic}
   size_t MinHeapSize                              = 104857600                                 {product} {command line}
   size_t NewSize                                  = 34603008                                  {product} {ergonomic}
    uintx NonNMethodCodeHeapSize                   = 5839372                                {pd product} {ergonomic}
    uintx NonProfiledCodeHeapSize                  = 122909434                              {pd product} {ergonomic}
   size_t OldSize                                  = 70254592                                  {product} {ergonomic}
    uintx ProfiledCodeHeapSize                     = 122909434                              {pd product} {ergonomic}
    uintx ReservedCodeCacheSize                    = 251658240                              {pd product} {ergonomic}
     bool SegmentedCodeCache                       = true                                      {product} {ergonomic}
   size_t SoftMaxHeapSize                          = 1073741824                             {manageable} {ergonomic}
     bool UseCompressedOops                        = true                           {product lp64_product} {ergonomic}
     bool UseLargePagesIndividualAllocation        = false                                  {pd product} {ergonomic}
     bool UseParallelGC                            = true                                      {product} {command line}

Logging:
Log output configuration:
 #0: stdout all=off uptime,level,tags foldmultilines=false
 #1: stderr all=off uptime,level,tags foldmultilines=false

Environment Variables:
JAVA_HOME=C:\Program Files\Zulu\zulu-21
PATH=C:\Program Files\Zulu\zulu-21\bin;C:\Program Files\PowerShell\7;C:\WINDOWS\system32;C:\WINDOWS;C:\WINDOWS\System32\Wbem;C:\WINDOWS\System32\WindowsPowerShell\v1.0;C:\WINDOWS\System32\OpenSSH;C:\Program Files\NVIDIA Corporation\NVIDIA app\NvDLISR;C:\Program Files (x86)\NVIDIA Corporation\PhysX\Common;C:\Program Files\dotnet;C:\ProgramData\chocolatey\bin;C:\Program Files\nodejs;C:\Program Files (x86)\Yarn\bin;C:\Program Files\Git\cmd;C:\Program Files\GitHub CLI;C:\ProgramData\chocolatey\lib\maven\apache-maven-3.9.9\bin;C:\Users\asadr\AppData\Local\Microsoft\WindowsApps;C:\Users\asadr\AppData\Local\Programs\Python\Python313\Scripts;C:\Users\asadr\AppData\Local\Programs\Python\Python313;C:\msys64\ucrt64\bin;C:\msys64\usr\bin;C:\Users\asadr\AppData\Local\Programs\Microsoft VS Code\bin;C:\Users\asadr\AppData\Local\spicetify;C:\adb;C:\Users\asadr\AppData\Roaming\npm;C:\Users\asadr\AppData\Local\Yarn\bin;C:\Users\asadr\AppData\Local\Programs\oh-my-posh\bin;C:\Users\asadr\AppData\Local\JetBrains\Toolbox\scripts;C:\Users\asadr\AppData\Local\Programs\Trae\bin;C:\Users\asadr\.dotnet\tools;C:\Users\asadr\AppData\Local\Programs\cursor\resources\app\bin
USERNAME=asadr
OS=Windows_NT
PROCESSOR_IDENTIFIER=Intel64 Family 6 Model 158 Stepping 10, GenuineIntel
TMP=C:\Users\asadr\AppData\Local\Temp
TEMP=C:\Users\asadr\AppData\Local\Temp




Periodic native trim disabled

---------------  S Y S T E M  ---------------

OS:
 Windows 11 , 64 bit Build 26100 (10.0.26100.3775)
OS uptime: 0 days 16:54 hours
Hyper-V role detected

CPU: total 12 (initial active 12) (6 cores per cpu, 2 threads per core) family 6 model 158 stepping 10 microcode 0xf4, cx8, cmov, fxsr, ht, mmx, 3dnowpref, sse, sse2, sse3, ssse3, sse4.1, sse4.2, popcnt, lzcnt, tsc, tscinvbit, avx, avx2, aes, erms, clmul, bmi1, bmi2, rtm, adx, fma, vzeroupper, clflush, clflushopt, hv, rdtscp, f16c
Processor Information for the first 12 processors :
  Max Mhz: 3192, Current Mhz: 3192, Mhz Limit: 3192

Memory: 4k page, system-wide physical 16321M (703M free)
TotalPageFile size 65473M (AvailPageFile size 38M)
current process WorkingSet (physical memory assigned to process): 564M, peak: 575M
current process commit charge ("private bytes"): 522M, peak: 537M

vm_info: OpenJDK 64-Bit Server VM (21.0.6+7-LTS) for windows-amd64 JRE (21.0.6+7-LTS), built on 2025-01-21T00:00:00Z by "admin" with MS VC++ 17.7 (VS2022)

END.
