#
# There is insufficient memory for the Java Runtime Environment to continue.
# Native memory allocation (malloc) failed to allocate 1110048 bytes. Error detail: Chunk::new
# Possible reasons:
#   The system is out of physical RAM or swap space
#   This process is running with CompressedOops enabled, and the Java Heap may be blocking the growth of the native heap
# Possible solutions:
#   Reduce memory load on the system
#   Increase physical memory or swap space
#   Check if swap backing store is full
#   Decrease Java heap size (-Xmx/-Xms)
#   Decrease number of Java threads
#   Decrease Java thread stack sizes (-Xss)
#   Set larger code cache with -XX:ReservedCodeCacheSize=
#   JVM is running with Unscaled Compressed Oops mode in which the Java heap is
#     placed in the first 4GB address space. The Java Heap base address is the
#     maximum limit for the native heap growth. Please use -XX:HeapBaseMinAddress
#     to set the Java Heap base and to place the Java Heap above 4GB virtual address.
# This output file may be truncated or incomplete.
#
#  Out of Memory Error (arena.cpp:168), pid=23304, tid=21824
#
# JRE version: OpenJDK Runtime Environment Temurin-21.0.6+7 (21.0.6+7) (build 21.0.6+7-LTS)
# Java VM: OpenJDK 64-Bit Server VM Temurin-21.0.6+7 (21.0.6+7-LTS, mixed mode, sharing, tiered, compressed oops, compressed class ptrs, parallel gc, windows-amd64)
# No core dump will be written. Minidumps are not enabled by default on client versions of Windows
#

---------------  S U M M A R Y ------------

Command Line: --add-modules=ALL-SYSTEM --add-opens=java.base/java.util=ALL-UNNAMED --add-opens=java.base/java.lang=ALL-UNNAMED --add-opens=java.base/sun.nio.fs=ALL-UNNAMED -Declipse.application=org.eclipse.jdt.ls.core.id1 -Dosgi.bundles.defaultStartLevel=4 -Declipse.product=org.eclipse.jdt.ls.core.product -Djava.import.generatesMetadataFilesAtProjectRoot=false -DDetectVMInstallationsJob.disabled=true -Dfile.encoding=utf8 -XX:+UseParallelGC -XX:GCTimeRatio=4 -XX:AdaptiveSizePolicyWeight=90 -Dsun.zip.disableMemoryMapping=true -Xmx1G -Xms100m -Xlog:disable -javaagent:c:\Users\asadr\.vscode\extensions\redhat.java-1.41.1-win32-x64\lombok\lombok-1.18.36.jar -XX:+HeapDumpOnOutOfMemoryError -XX:HeapDumpPath=c:\Users\asadr\AppData\Roaming\Code\User\workspaceStorage\04bcbd77341e2a020fcdf7a70cf93eb6\redhat.java -Daether.dependencyCollector.impl=bf c:\Users\asadr\.vscode\extensions\redhat.java-1.41.1-win32-x64\server\plugins\org.eclipse.equinox.launcher_1.7.0.v20250331-1702.jar -configuration c:\Users\asadr\AppData\Roaming\Code\User\globalStorage\redhat.java\1.41.1\config_win -data c:\Users\asadr\AppData\Roaming\Code\User\workspaceStorage\04bcbd77341e2a020fcdf7a70cf93eb6\redhat.java\jdt_ws --pipe=\\.\pipe\lsp-3b964479a1fada6e937f83f194d2f065-sock

Host: Intel(R) Core(TM) i7-8700 CPU @ 3.20GHz, 12 cores, 15G,  Windows 11 , 64 bit Build 26100 (10.0.26100.3775)
Time: Sun Apr 20 12:57:34 2025 Arabic Standard Time elapsed time: 9.043165 seconds (0d 0h 0m 9s)

---------------  T H R E A D  ---------------

Current thread (0x000002e2069a0f00):  JavaThread "C2 CompilerThread0" daemon [_thread_in_native, id=21824, stack(0x000000ede1f00000,0x000000ede2000000) (1024K)]


Current CompileTask:
C2:9043 9522       4       jdk.internal.org.objectweb.asm.SymbolTable::addConstantMemberReference (147 bytes)

Stack: [0x000000ede1f00000,0x000000ede2000000]
Native frames: (J=compiled Java code, j=interpreted, Vv=VM code, C=native code)
V  [jvm.dll+0x6cdee9]
V  [jvm.dll+0x8a83d1]
V  [jvm.dll+0x8aa8fe]
V  [jvm.dll+0x8aafe3]
V  [jvm.dll+0x27f706]
V  [jvm.dll+0xc500d]
V  [jvm.dll+0xc5543]
V  [jvm.dll+0x3b678c]
V  [jvm.dll+0x1e0009]
V  [jvm.dll+0x247b42]
V  [jvm.dll+0x246fcf]
V  [jvm.dll+0x1c75ee]
V  [jvm.dll+0x25685a]
V  [jvm.dll+0x254dfa]
V  [jvm.dll+0x3f0256]
V  [jvm.dll+0x851f8b]
V  [jvm.dll+0x6cc5ed]
C  [ucrtbase.dll+0x37b0]
C  [KERNEL32.DLL+0x2e8d7]
C  [ntdll.dll+0xb14fc]


---------------  P R O C E S S  ---------------

Threads class SMR info:
_java_thread_list=0x000002e21b24fd70, length=60, elements={
0x000002e1af5256d0, 0x000002e1c390dbf0, 0x000002e206986c10, 0x000002e206989160,
0x000002e20698a460, 0x000002e206995020, 0x000002e206997780, 0x000002e2069a0f00,
0x000002e2069a20b0, 0x000002e2069984a0, 0x000002e206cc9710, 0x000002e206997e10,
0x000002e206c42fe0, 0x000002e2069956b0, 0x000002e206995d40, 0x000002e2069963d0,
0x000002e206996a60, 0x000002e2069970f0, 0x000002e20bfd6190, 0x000002e20bfd7540,
0x000002e20bfd5b00, 0x000002e20bfd88f0, 0x000002e20bfd6eb0, 0x000002e20bfd7bd0,
0x000002e20bfd8260, 0x000002e20bfd8f80, 0x000002e20bfdb050, 0x000002e20bfda330,
0x000002e20bfdb6e0, 0x000002e20bfdca90, 0x000002e20bfda9c0, 0x000002e20bfdbd70,
0x000002e20bfdc400, 0x000002e20bfd9610, 0x000002e20bfd9ca0, 0x000002e20d3fae50,
0x000002e20d3f9aa0, 0x000002e20d3f8d80, 0x000002e20d3fa130, 0x000002e20d3f9410,
0x000002e20d3fa7c0, 0x000002e20d3f86f0, 0x000002e20d3fb4e0, 0x000002e20d3fd5b0,
0x000002e20d3fc890, 0x000002e20d3feff0, 0x000002e20d3fe2d0, 0x000002e20d3fbb70,
0x000002e20d3fc200, 0x000002e20d3fe960, 0x000002e20d3fcf20, 0x000002e20d3ff680,
0x000002e20d3fdc40, 0x000002e219706180, 0x000002e219702d00, 0x000002e219704dd0,
0x000002e219706ea0, 0x000002e219703a20, 0x000002e219704740, 0x000002e219707530
}

Java Threads: ( => current thread )
  0x000002e1af5256d0 JavaThread "main"                              [_thread_blocked, id=26440, stack(0x000000ede1500000,0x000000ede1600000) (1024K)]
  0x000002e1c390dbf0 JavaThread "Reference Handler"          daemon [_thread_blocked, id=9240, stack(0x000000ede1900000,0x000000ede1a00000) (1024K)]
  0x000002e206986c10 JavaThread "Finalizer"                  daemon [_thread_blocked, id=18856, stack(0x000000ede1a00000,0x000000ede1b00000) (1024K)]
  0x000002e206989160 JavaThread "Signal Dispatcher"          daemon [_thread_blocked, id=28124, stack(0x000000ede1b00000,0x000000ede1c00000) (1024K)]
  0x000002e20698a460 JavaThread "Attach Listener"            daemon [_thread_blocked, id=2632, stack(0x000000ede1c00000,0x000000ede1d00000) (1024K)]
  0x000002e206995020 JavaThread "Service Thread"             daemon [_thread_blocked, id=12460, stack(0x000000ede1d00000,0x000000ede1e00000) (1024K)]
  0x000002e206997780 JavaThread "Monitor Deflation Thread"   daemon [_thread_blocked, id=12536, stack(0x000000ede1e00000,0x000000ede1f00000) (1024K)]
=>0x000002e2069a0f00 JavaThread "C2 CompilerThread0"         daemon [_thread_in_native, id=21824, stack(0x000000ede1f00000,0x000000ede2000000) (1024K)]
  0x000002e2069a20b0 JavaThread "C1 CompilerThread0"         daemon [_thread_blocked, id=9064, stack(0x000000ede2000000,0x000000ede2100000) (1024K)]
  0x000002e2069984a0 JavaThread "Common-Cleaner"             daemon [_thread_blocked, id=28884, stack(0x000000ede2100000,0x000000ede2200000) (1024K)]
  0x000002e206cc9710 JavaThread "C2 CompilerThread1"         daemon [_thread_blocked, id=27608, stack(0x000000ede2200000,0x000000ede2300000) (1024K)]
  0x000002e206997e10 JavaThread "Notification Thread"        daemon [_thread_blocked, id=21880, stack(0x000000ede2300000,0x000000ede2400000) (1024K)]
  0x000002e206c42fe0 JavaThread "C2 CompilerThread2"         daemon [_thread_blocked, id=15692, stack(0x000000ede2400000,0x000000ede2500000) (1024K)]
  0x000002e2069956b0 JavaThread "Active Thread: Equinox Container: cb52144b-8c87-434a-b451-a471892bec8c"        [_thread_blocked, id=11228, stack(0x000000ede2b00000,0x000000ede2c00000) (1024K)]
  0x000002e206995d40 JavaThread "Refresh Thread: Equinox Container: cb52144b-8c87-434a-b451-a471892bec8c" daemon [_thread_blocked, id=20000, stack(0x000000ede2c00000,0x000000ede2d00000) (1024K)]
  0x000002e2069963d0 JavaThread "Framework Event Dispatcher: Equinox Container: cb52144b-8c87-434a-b451-a471892bec8c" daemon [_thread_blocked, id=3436, stack(0x000000ede2e00000,0x000000ede2f00000) (1024K)]
  0x000002e206996a60 JavaThread "Start Level: Equinox Container: cb52144b-8c87-434a-b451-a471892bec8c" daemon [_thread_blocked, id=1920, stack(0x000000ede2f00000,0x000000ede3000000) (1024K)]
  0x000002e2069970f0 JavaThread "Bundle File Closer"         daemon [_thread_blocked, id=10072, stack(0x000000ede3000000,0x000000ede3100000) (1024K)]
  0x000002e20bfd6190 JavaThread "SCR Component Actor"        daemon [_thread_blocked, id=28992, stack(0x000000ede3300000,0x000000ede3400000) (1024K)]
  0x000002e20bfd7540 JavaThread "Worker-JM"                         [_thread_blocked, id=12548, stack(0x000000ede3500000,0x000000ede3600000) (1024K)]
  0x000002e20bfd5b00 JavaThread "JNA Cleaner"                daemon [_thread_blocked, id=19416, stack(0x000000ede3600000,0x000000ede3700000) (1024K)]
  0x000002e20bfd88f0 JavaThread "Worker-0"                          [_thread_blocked, id=18948, stack(0x000000ede3700000,0x000000ede3800000) (1024K)]
  0x000002e20bfd6eb0 JavaThread "Worker-1"                          [_thread_blocked, id=10432, stack(0x000000ede3800000,0x000000ede3900000) (1024K)]
  0x000002e20bfd7bd0 JavaThread "Java indexing"              daemon [_thread_blocked, id=22952, stack(0x000000ede3900000,0x000000ede3a00000) (1024K)]
  0x000002e20bfd8260 JavaThread "Worker-2: Building"                [_thread_in_native, id=16212, stack(0x000000ede3d00000,0x000000ede3e00000) (1024K)]
  0x000002e20bfd8f80 JavaThread "Worker-3: Java indexing... "        [_thread_blocked, id=17752, stack(0x000000ede3e00000,0x000000ede3f00000) (1024K)]
  0x000002e20bfdb050 JavaThread "Thread-2"                   daemon [_thread_in_native, id=14472, stack(0x000000ede3f00000,0x000000ede4000000) (1024K)]
  0x000002e20bfda330 JavaThread "Thread-3"                   daemon [_thread_in_native, id=13904, stack(0x000000ede4000000,0x000000ede4100000) (1024K)]
  0x000002e20bfdb6e0 JavaThread "Thread-4"                   daemon [_thread_in_native, id=23296, stack(0x000000ede4100000,0x000000ede4200000) (1024K)]
  0x000002e20bfdca90 JavaThread "Thread-5"                   daemon [_thread_in_native, id=14048, stack(0x000000ede4200000,0x000000ede4300000) (1024K)]
  0x000002e20bfda9c0 JavaThread "Thread-6"                   daemon [_thread_in_native, id=10736, stack(0x000000ede4300000,0x000000ede4400000) (1024K)]
  0x000002e20bfdbd70 JavaThread "Thread-7"                   daemon [_thread_in_native, id=25912, stack(0x000000ede4400000,0x000000ede4500000) (1024K)]
  0x000002e20bfdc400 JavaThread "Thread-8"                   daemon [_thread_in_native, id=12136, stack(0x000000ede4500000,0x000000ede4600000) (1024K)]
  0x000002e20bfd9610 JavaThread "Thread-9"                   daemon [_thread_in_native, id=10988, stack(0x000000ede4600000,0x000000ede4700000) (1024K)]
  0x000002e20bfd9ca0 JavaThread "Thread-10"                  daemon [_thread_in_native, id=15100, stack(0x000000ede4700000,0x000000ede4800000) (1024K)]
  0x000002e20d3fae50 JavaThread "Thread-11"                  daemon [_thread_in_native, id=11588, stack(0x000000ede4800000,0x000000ede4900000) (1024K)]
  0x000002e20d3f9aa0 JavaThread "Thread-12"                  daemon [_thread_in_native, id=20996, stack(0x000000ede4900000,0x000000ede4a00000) (1024K)]
  0x000002e20d3f8d80 JavaThread "Thread-13"                  daemon [_thread_in_native, id=15648, stack(0x000000ede4a00000,0x000000ede4b00000) (1024K)]
  0x000002e20d3fa130 JavaThread "Thread-14"                  daemon [_thread_in_native, id=3216, stack(0x000000ede4b00000,0x000000ede4c00000) (1024K)]
  0x000002e20d3f9410 JavaThread "pool-2-thread-1"                   [_thread_blocked, id=23248, stack(0x000000ede4c00000,0x000000ede4d00000) (1024K)]
  0x000002e20d3fa7c0 JavaThread "Worker-4"                          [_thread_blocked, id=25396, stack(0x000000ede4d00000,0x000000ede4e00000) (1024K)]
  0x000002e20d3f86f0 JavaThread "WorkspaceEventsHandler"            [_thread_blocked, id=16304, stack(0x000000ede4e00000,0x000000ede4f00000) (1024K)]
  0x000002e20d3fb4e0 JavaThread "pool-1-thread-1"                   [_thread_blocked, id=1636, stack(0x000000ede4f00000,0x000000ede5000000) (1024K)]
  0x000002e20d3fd5b0 JavaThread "LocalFile Deleter"          daemon [_thread_blocked, id=27252, stack(0x000000ede5000000,0x000000ede5100000) (1024K)]
  0x000002e20d3fc890 JavaThread "LocalFile Deleter"          daemon [_thread_blocked, id=13308, stack(0x000000ede5100000,0x000000ede5200000) (1024K)]
  0x000002e20d3feff0 JavaThread "LocalFile Deleter"          daemon [_thread_blocked, id=7080, stack(0x000000ede5200000,0x000000ede5300000) (1024K)]
  0x000002e20d3fe2d0 JavaThread "LocalFile Deleter"          daemon [_thread_blocked, id=25452, stack(0x000000ede5300000,0x000000ede5400000) (1024K)]
  0x000002e20d3fbb70 JavaThread "LocalFile Deleter"          daemon [_thread_blocked, id=10420, stack(0x000000ede5400000,0x000000ede5500000) (1024K)]
  0x000002e20d3fc200 JavaThread "LocalFile Deleter"          daemon [_thread_blocked, id=14604, stack(0x000000ede5500000,0x000000ede5600000) (1024K)]
  0x000002e20d3fe960 JavaThread "LocalFile Deleter"          daemon [_thread_blocked, id=12772, stack(0x000000ede5600000,0x000000ede5700000) (1024K)]
  0x000002e20d3fcf20 JavaThread "Compiler Source File Reader" daemon [_thread_blocked, id=15424, stack(0x000000ede5700000,0x000000ede5800000) (1024K)]
  0x000002e20d3ff680 JavaThread "Compiler Source File Reader" daemon [_thread_blocked, id=12576, stack(0x000000ede5800000,0x000000ede5900000) (1024K)]
  0x000002e20d3fdc40 JavaThread "Compiler Source File Reader" daemon [_thread_blocked, id=7652, stack(0x000000ede5900000,0x000000ede5a00000) (1024K)]
  0x000002e219706180 JavaThread "Compiler Processing Task"   daemon [_thread_blocked, id=22016, stack(0x000000ede5a00000,0x000000ede5b00000) (1024K)]
  0x000002e219702d00 JavaThread "Compiler Class File Writer" daemon [_thread_blocked, id=7224, stack(0x000000ede5b00000,0x000000ede5c00000) (1024K)]
  0x000002e219704dd0 JavaThread "Compiler Class File Writer" daemon [_thread_blocked, id=14948, stack(0x000000ede5c00000,0x000000ede5d00000) (1024K)]
  0x000002e219706ea0 JavaThread "Compiler Class File Writer" daemon [_thread_blocked, id=10608, stack(0x000000ede5d00000,0x000000ede5e00000) (1024K)]
  0x000002e219703a20 JavaThread "Compiler Class File Writer" daemon [_thread_blocked, id=24928, stack(0x000000ede5e00000,0x000000ede5f00000) (1024K)]
  0x000002e219704740 JavaThread "Compiler Source File Reader" daemon [_thread_blocked, id=3772, stack(0x000000ede5f00000,0x000000ede6000000) (1024K)]
  0x000002e219707530 JavaThread "Compiler Class File Writer" daemon [_thread_blocked, id=29448, stack(0x000000ede6000000,0x000000ede6100000) (1024K)]
Total: 60

Other Threads:
  0x000002e1c38f4970 VMThread "VM Thread"                           [id=27840, stack(0x000000ede1800000,0x000000ede1900000) (1024K)]
  0x000002e1c37eca10 WatcherThread "VM Periodic Task Thread"        [id=23820, stack(0x000000ede1700000,0x000000ede1800000) (1024K)]
  0x000002e1af5436f0 WorkerThread "GC Thread#0"                     [id=11672, stack(0x000000ede1600000,0x000000ede1700000) (1024K)]
  0x000002e20b66c790 WorkerThread "GC Thread#1"                     [id=29472, stack(0x000000ede2500000,0x000000ede2600000) (1024K)]
  0x000002e20b66cb30 WorkerThread "GC Thread#2"                     [id=20968, stack(0x000000ede2600000,0x000000ede2700000) (1024K)]
  0x000002e20b4fc010 WorkerThread "GC Thread#3"                     [id=25300, stack(0x000000ede2700000,0x000000ede2800000) (1024K)]
  0x000002e20b4fc3b0 WorkerThread "GC Thread#4"                     [id=10172, stack(0x000000ede2800000,0x000000ede2900000) (1024K)]
  0x000002e20b5cedd0 WorkerThread "GC Thread#5"                     [id=12048, stack(0x000000ede2900000,0x000000ede2a00000) (1024K)]
  0x000002e20b5cf780 WorkerThread "GC Thread#6"                     [id=11772, stack(0x000000ede2a00000,0x000000ede2b00000) (1024K)]
  0x000002e20b9b4ef0 WorkerThread "GC Thread#7"                     [id=11220, stack(0x000000ede2d00000,0x000000ede2e00000) (1024K)]
  0x000002e20c155c30 WorkerThread "GC Thread#8"                     [id=3524, stack(0x000000ede3100000,0x000000ede3200000) (1024K)]
  0x000002e20c156ab0 WorkerThread "GC Thread#9"                     [id=29316, stack(0x000000ede3200000,0x000000ede3300000) (1024K)]
Total: 12

Threads with active compile tasks:
C2 CompilerThread0  9067 9522       4       jdk.internal.org.objectweb.asm.SymbolTable::addConstantMemberReference (147 bytes)
C2 CompilerThread1  9067 9540   !   4       org.eclipse.osgi.internal.weaving.WovenClassImpl::callHooks (410 bytes)
Total: 2

VM state: at safepoint (normal execution)

VM Mutex/Monitor currently owned by a thread:  ([mutex/lock_event])
[0x00007ff93843e380] Threads_lock - owner thread: 0x000002e1c38f4970
[0x00007ff93843e480] Heap_lock - owner thread: 0x000002e20bfd7bd0
[0x00007ff93843e900] PSOldGenExpand_lock - owner thread: 0x000002e20b66cb30

Heap address: 0x00000000c0000000, size: 1024 MB, Compressed Oops mode: 32-bit

CDS archive(s) mapped at: [0x000002e1c4000000-0x000002e1c4ba0000-0x000002e1c4ba0000), size 12189696, SharedBaseAddress: 0x000002e1c4000000, ArchiveRelocationMode: 1.
Compressed class space mapped at: 0x000002e1c5000000-0x000002e205000000, reserved size: 1073741824
Narrow klass base: 0x000002e1c4000000, Narrow klass shift: 0, Narrow klass range: 0x100000000

GC Precious Log:
 CardTable entry size: 512
 CPUs: 12 total, 12 available
 Memory: 16321M
 Large Page Support: Disabled
 NUMA Support: Disabled
 Compressed Oops: Enabled (32-bit)
 Alignments: Space 512K, Generation 512K, Heap 2M
 Heap Min Capacity: 100M
 Heap Initial Capacity: 100M
 Heap Max Capacity: 1G
 Pre-touch: Disabled
 Parallel Workers: 10

Heap:
 PSYoungGen      total 4096K, used 3861K [0x00000000eab00000, 0x00000000eb000000, 0x0000000100000000)
  eden space 3072K, 100% used [0x00000000eab00000,0x00000000eae00000,0x00000000eae00000)
  from space 1024K, 77% used [0x00000000eaf00000,0x00000000eafc5578,0x00000000eb000000)
  to   space 1024K, 62% used [0x00000000eae00000,0x00000000eaea0000,0x00000000eaf00000)
 ParOldGen       total 287744K, used 287742K [0x00000000c0000000, 0x00000000d1900000, 0x00000000eab00000)
  object space 287744K, 99% used [0x00000000c0000000,0x00000000d18ff910,0x00000000d1900000)
 Metaspace       used 58163K, committed 59520K, reserved 1114112K
  class space    used 6072K, committed 6656K, reserved 1048576K

Card table byte_map: [0x000002e1aeec0000,0x000002e1af0d0000] _byte_map_base: 0x000002e1ae8c0000

Marking Bits: (ParMarkBitMap*) 0x00007ff938443260
 Begin Bits: [0x000002e1c1710000, 0x000002e1c2710000)
 End Bits:   [0x000002e1c2710000, 0x000002e1c3710000)

Polling page: 0x000002e1ad3a0000

Metaspace:

Usage:
  Non-class:     50.87 MB used.
      Class:      5.93 MB used.
       Both:     56.80 MB used.

Virtual space:
  Non-class space:       64.00 MB reserved,      51.62 MB ( 81%) committed,  1 nodes.
      Class space:        1.00 GB reserved,       6.50 MB ( <1%) committed,  1 nodes.
             Both:        1.06 GB reserved,      58.12 MB (  5%) committed. 

Chunk freelists:
   Non-Class:  11.64 MB
       Class:  9.33 MB
        Both:  20.97 MB

MaxMetaspaceSize: unlimited
CompressedClassSpaceSize: 1.00 GB
Initial GC threshold: 21.00 MB
Current GC threshold: 58.38 MB
CDS: on
 - commit_granule_bytes: 65536.
 - commit_granule_words: 8192.
 - virtual_space_node_default_size: 8388608.
 - enlarge_chunks_in_place: 1.
 - use_allocation_guard: 0.


Internal statistics:

num_allocs_failed_limit: 6.
num_arena_births: 1128.
num_arena_deaths: 14.
num_vsnodes_births: 2.
num_vsnodes_deaths: 0.
num_space_committed: 930.
num_space_uncommitted: 0.
num_chunks_returned_to_freelist: 20.
num_chunks_taken_from_freelist: 3911.
num_chunk_merges: 9.
num_chunk_splits: 2359.
num_chunks_enlarged: 1247.
num_inconsistent_stats: 0.

CodeHeap 'non-profiled nmethods': size=120000Kb used=5162Kb max_used=5162Kb free=114837Kb
 bounds [0x000002e1ba1e0000, 0x000002e1ba6f0000, 0x000002e1c1710000]
CodeHeap 'profiled nmethods': size=120000Kb used=18183Kb max_used=18183Kb free=101816Kb
 bounds [0x000002e1b2710000, 0x000002e1b38e0000, 0x000002e1b9c40000]
CodeHeap 'non-nmethods': size=5760Kb used=1416Kb max_used=1548Kb free=4343Kb
 bounds [0x000002e1b9c40000, 0x000002e1b9eb0000, 0x000002e1ba1e0000]
 total_blobs=9709 nmethods=8983 adapters=632
 compilation: enabled
              stopped_count=0, restarted_count=0
 full_count=0

Compilation events (20 events):
Event: 7.993 Thread 0x000002e206c42fe0 9556       4       com.google.inject.TypeLiteral::<init> (43 bytes)
Event: 8.020 Thread 0x000002e206c42fe0 nmethod 9556 0x000002e1ba6e6010 code [0x000002e1ba6e6340, 0x000002e1ba6e72b8]
Event: 8.021 Thread 0x000002e206c42fe0 9554       4       org.eclipse.sisu.inject.TypeArguments::isAssignableFrom (161 bytes)
Event: 8.022 Thread 0x000002e206c42fe0 nmethod 9554 0x000002e1ba6e7d90 code [0x000002e1ba6e7f20, 0x000002e1ba6e80a0]
Event: 8.022 Thread 0x000002e206c42fe0 9553       4       org.eclipse.sisu.inject.Implementations$ClassFinder::visit (6 bytes)
Event: 8.023 Thread 0x000002e206c42fe0 nmethod 9553 0x000002e1ba6e8210 code [0x000002e1ba6e83a0, 0x000002e1ba6e8498]
Event: 8.023 Thread 0x000002e206c42fe0 9549       4       com.google.inject.internal.asm.$ByteVector::putByte (39 bytes)
Event: 8.024 Thread 0x000002e206c42fe0 nmethod 9549 0x000002e1ba6e8610 code [0x000002e1ba6e87a0, 0x000002e1ba6e8910]
Event: 8.025 Thread 0x000002e206c42fe0 9563       4       java.lang.invoke.BoundMethodHandle::<init> (32 bytes)
Event: 8.027 Thread 0x000002e206c42fe0 nmethod 9563 0x000002e1ba6e8a10 code [0x000002e1ba6e8bc0, 0x000002e1ba6e8d88]
Event: 8.027 Thread 0x000002e206c42fe0 9545       4       java.util.stream.Nodes$FixedNodeBuilder::accept (61 bytes)
Event: 8.027 Thread 0x000002e206c42fe0 nmethod 9545 0x000002e1ba6e8f90 code [0x000002e1ba6e9120, 0x000002e1ba6e9268]
Event: 8.028 Thread 0x000002e206c42fe0 9547       4       java.lang.reflect.Field::copy (80 bytes)
Event: 8.029 Thread 0x000002e206c42fe0 nmethod 9547 0x000002e1ba6e9390 code [0x000002e1ba6e9520, 0x000002e1ba6e96c8]
Event: 8.029 Thread 0x000002e206c42fe0 9548       4       java.lang.reflect.Field::<init> (50 bytes)
Event: 8.030 Thread 0x000002e206c42fe0 nmethod 9548 0x000002e1ba6e9790 code [0x000002e1ba6e9920, 0x000002e1ba6e9a00]
Event: 8.030 Thread 0x000002e206c42fe0 9542       4       jdk.internal.org.objectweb.asm.ByteVector::put122 (93 bytes)
Event: 8.032 Thread 0x000002e206c42fe0 nmethod 9542 0x000002e1ba6e9a90 code [0x000002e1ba6e9c40, 0x000002e1ba6e9e68]
Event: 8.033 Thread 0x000002e206c42fe0 9568       4       java.lang.Class$Atomic::casReflectionData (13 bytes)
Event: 8.033 Thread 0x000002e206c42fe0 nmethod 9568 0x000002e1ba6ea010 code [0x000002e1ba6ea180, 0x000002e1ba6ea220]

GC Heap History (20 events):
Event: 7.916 GC heap after
{Heap after GC invocations=222 (full 2):
 PSYoungGen      total 3584K, used 721K [0x00000000eab00000, 0x00000000eaf80000, 0x0000000100000000)
  eden space 2560K, 0% used [0x00000000eab00000,0x00000000eab00000,0x00000000ead80000)
  from space 1024K, 70% used [0x00000000eae80000,0x00000000eaf345d8,0x00000000eaf80000)
  to   space 1024K, 0% used [0x00000000ead80000,0x00000000ead80000,0x00000000eae80000)
 ParOldGen       total 280064K, used 279889K [0x00000000c0000000, 0x00000000d1180000, 0x00000000eab00000)
  object space 280064K, 99% used [0x00000000c0000000,0x00000000d11546a8,0x00000000d1180000)
 Metaspace       used 58061K, committed 59456K, reserved 1114112K
  class space    used 6057K, committed 6656K, reserved 1048576K
}
Event: 7.925 GC heap before
{Heap before GC invocations=223 (full 2):
 PSYoungGen      total 3584K, used 3281K [0x00000000eab00000, 0x00000000eaf80000, 0x0000000100000000)
  eden space 2560K, 100% used [0x00000000eab00000,0x00000000ead80000,0x00000000ead80000)
  from space 1024K, 70% used [0x00000000eae80000,0x00000000eaf345d8,0x00000000eaf80000)
  to   space 1024K, 0% used [0x00000000ead80000,0x00000000ead80000,0x00000000eae80000)
 ParOldGen       total 280064K, used 279889K [0x00000000c0000000, 0x00000000d1180000, 0x00000000eab00000)
  object space 280064K, 99% used [0x00000000c0000000,0x00000000d11546a8,0x00000000d1180000)
 Metaspace       used 58104K, committed 59520K, reserved 1114112K
  class space    used 6062K, committed 6656K, reserved 1048576K
}
Event: 7.926 GC heap after
{Heap after GC invocations=223 (full 2):
 PSYoungGen      total 3584K, used 695K [0x00000000eab00000, 0x00000000eaf80000, 0x0000000100000000)
  eden space 2560K, 0% used [0x00000000eab00000,0x00000000eab00000,0x00000000ead80000)
  from space 1024K, 67% used [0x00000000ead80000,0x00000000eae2def8,0x00000000eae80000)
  to   space 1024K, 0% used [0x00000000eae80000,0x00000000eae80000,0x00000000eaf80000)
 ParOldGen       total 280576K, used 280457K [0x00000000c0000000, 0x00000000d1200000, 0x00000000eab00000)
  object space 280576K, 99% used [0x00000000c0000000,0x00000000d11e2450,0x00000000d1200000)
 Metaspace       used 58104K, committed 59520K, reserved 1114112K
  class space    used 6062K, committed 6656K, reserved 1048576K
}
Event: 7.934 GC heap before
{Heap before GC invocations=224 (full 2):
 PSYoungGen      total 3584K, used 3255K [0x00000000eab00000, 0x00000000eaf80000, 0x0000000100000000)
  eden space 2560K, 100% used [0x00000000eab00000,0x00000000ead80000,0x00000000ead80000)
  from space 1024K, 67% used [0x00000000ead80000,0x00000000eae2def8,0x00000000eae80000)
  to   space 1024K, 0% used [0x00000000eae80000,0x00000000eae80000,0x00000000eaf80000)
 ParOldGen       total 280576K, used 280457K [0x00000000c0000000, 0x00000000d1200000, 0x00000000eab00000)
  object space 280576K, 99% used [0x00000000c0000000,0x00000000d11e2450,0x00000000d1200000)
 Metaspace       used 58122K, committed 59520K, reserved 1114112K
  class space    used 6064K, committed 6656K, reserved 1048576K
}
Event: 7.935 GC heap after
{Heap after GC invocations=224 (full 2):
 PSYoungGen      total 3584K, used 752K [0x00000000eab00000, 0x00000000eaf80000, 0x0000000100000000)
  eden space 2560K, 0% used [0x00000000eab00000,0x00000000eab00000,0x00000000ead80000)
  from space 1024K, 73% used [0x00000000eae80000,0x00000000eaf3c000,0x00000000eaf80000)
  to   space 1024K, 0% used [0x00000000ead80000,0x00000000ead80000,0x00000000eae80000)
 ParOldGen       total 281088K, used 281023K [0x00000000c0000000, 0x00000000d1280000, 0x00000000eab00000)
  object space 281088K, 99% used [0x00000000c0000000,0x00000000d126fc90,0x00000000d1280000)
 Metaspace       used 58122K, committed 59520K, reserved 1114112K
  class space    used 6064K, committed 6656K, reserved 1048576K
}
Event: 7.943 GC heap before
{Heap before GC invocations=225 (full 2):
 PSYoungGen      total 3584K, used 3312K [0x00000000eab00000, 0x00000000eaf80000, 0x0000000100000000)
  eden space 2560K, 100% used [0x00000000eab00000,0x00000000ead80000,0x00000000ead80000)
  from space 1024K, 73% used [0x00000000eae80000,0x00000000eaf3c000,0x00000000eaf80000)
  to   space 1024K, 0% used [0x00000000ead80000,0x00000000ead80000,0x00000000eae80000)
 ParOldGen       total 281088K, used 281023K [0x00000000c0000000, 0x00000000d1280000, 0x00000000eab00000)
  object space 281088K, 99% used [0x00000000c0000000,0x00000000d126fc90,0x00000000d1280000)
 Metaspace       used 58147K, committed 59520K, reserved 1114112K
  class space    used 6069K, committed 6656K, reserved 1048576K
}
Event: 7.944 GC heap after
{Heap after GC invocations=225 (full 2):
 PSYoungGen      total 3584K, used 725K [0x00000000eab00000, 0x00000000eaf80000, 0x0000000100000000)
  eden space 2560K, 0% used [0x00000000eab00000,0x00000000eab00000,0x00000000ead80000)
  from space 1024K, 70% used [0x00000000ead80000,0x00000000eae35480,0x00000000eae80000)
  to   space 1024K, 0% used [0x00000000eae80000,0x00000000eae80000,0x00000000eaf80000)
 ParOldGen       total 282112K, used 281605K [0x00000000c0000000, 0x00000000d1380000, 0x00000000eab00000)
  object space 282112K, 99% used [0x00000000c0000000,0x00000000d1301468,0x00000000d1380000)
 Metaspace       used 58147K, committed 59520K, reserved 1114112K
  class space    used 6069K, committed 6656K, reserved 1048576K
}
Event: 7.955 GC heap before
{Heap before GC invocations=226 (full 2):
 PSYoungGen      total 3584K, used 3285K [0x00000000eab00000, 0x00000000eaf80000, 0x0000000100000000)
  eden space 2560K, 100% used [0x00000000eab00000,0x00000000ead80000,0x00000000ead80000)
  from space 1024K, 70% used [0x00000000ead80000,0x00000000eae35480,0x00000000eae80000)
  to   space 1024K, 0% used [0x00000000eae80000,0x00000000eae80000,0x00000000eaf80000)
 ParOldGen       total 282112K, used 281605K [0x00000000c0000000, 0x00000000d1380000, 0x00000000eab00000)
  object space 282112K, 99% used [0x00000000c0000000,0x00000000d1301468,0x00000000d1380000)
 Metaspace       used 58163K, committed 59520K, reserved 1114112K
  class space    used 6072K, committed 6656K, reserved 1048576K
}
Event: 7.956 GC heap after
{Heap after GC invocations=226 (full 2):
 PSYoungGen      total 3584K, used 704K [0x00000000eab00000, 0x00000000eaf80000, 0x0000000100000000)
  eden space 2560K, 0% used [0x00000000eab00000,0x00000000eab00000,0x00000000ead80000)
  from space 1024K, 68% used [0x00000000eae80000,0x00000000eaf30050,0x00000000eaf80000)
  to   space 1024K, 0% used [0x00000000ead80000,0x00000000ead80000,0x00000000eae80000)
 ParOldGen       total 282624K, used 282201K [0x00000000c0000000, 0x00000000d1400000, 0x00000000eab00000)
  object space 282624K, 99% used [0x00000000c0000000,0x00000000d1396550,0x00000000d1400000)
 Metaspace       used 58163K, committed 59520K, reserved 1114112K
  class space    used 6072K, committed 6656K, reserved 1048576K
}
Event: 7.965 GC heap before
{Heap before GC invocations=227 (full 2):
 PSYoungGen      total 3584K, used 3264K [0x00000000eab00000, 0x00000000eaf80000, 0x0000000100000000)
  eden space 2560K, 99% used [0x00000000eab00000,0x00000000ead7fff8,0x00000000ead80000)
  from space 1024K, 68% used [0x00000000eae80000,0x00000000eaf30050,0x00000000eaf80000)
  to   space 1024K, 0% used [0x00000000ead80000,0x00000000ead80000,0x00000000eae80000)
 ParOldGen       total 282624K, used 282201K [0x00000000c0000000, 0x00000000d1400000, 0x00000000eab00000)
  object space 282624K, 99% used [0x00000000c0000000,0x00000000d1396550,0x00000000d1400000)
 Metaspace       used 58163K, committed 59520K, reserved 1114112K
  class space    used 6072K, committed 6656K, reserved 1048576K
}
Event: 7.967 GC heap after
{Heap after GC invocations=227 (full 2):
 PSYoungGen      total 3584K, used 826K [0x00000000eab00000, 0x00000000eaf80000, 0x0000000100000000)
  eden space 2560K, 0% used [0x00000000eab00000,0x00000000eab00000,0x00000000ead80000)
  from space 1024K, 80% used [0x00000000ead80000,0x00000000eae4e9b0,0x00000000eae80000)
  to   space 1024K, 0% used [0x00000000eae80000,0x00000000eae80000,0x00000000eaf80000)
 ParOldGen       total 283136K, used 282797K [0x00000000c0000000, 0x00000000d1480000, 0x00000000eab00000)
  object space 283136K, 99% used [0x00000000c0000000,0x00000000d142b428,0x00000000d1480000)
 Metaspace       used 58163K, committed 59520K, reserved 1114112K
  class space    used 6072K, committed 6656K, reserved 1048576K
}
Event: 7.975 GC heap before
{Heap before GC invocations=228 (full 2):
 PSYoungGen      total 3584K, used 3386K [0x00000000eab00000, 0x00000000eaf80000, 0x0000000100000000)
  eden space 2560K, 100% used [0x00000000eab00000,0x00000000ead80000,0x00000000ead80000)
  from space 1024K, 80% used [0x00000000ead80000,0x00000000eae4e9b0,0x00000000eae80000)
  to   space 1024K, 0% used [0x00000000eae80000,0x00000000eae80000,0x00000000eaf80000)
 ParOldGen       total 283136K, used 282797K [0x00000000c0000000, 0x00000000d1480000, 0x00000000eab00000)
  object space 283136K, 99% used [0x00000000c0000000,0x00000000d142b428,0x00000000d1480000)
 Metaspace       used 58163K, committed 59520K, reserved 1114112K
  class space    used 6072K, committed 6656K, reserved 1048576K
}
Event: 7.976 GC heap after
{Heap after GC invocations=228 (full 2):
 PSYoungGen      total 3584K, used 912K [0x00000000eab00000, 0x00000000eaf80000, 0x0000000100000000)
  eden space 2560K, 0% used [0x00000000eab00000,0x00000000eab00000,0x00000000ead80000)
  from space 1024K, 89% used [0x00000000eae80000,0x00000000eaf641b8,0x00000000eaf80000)
  to   space 1024K, 0% used [0x00000000ead80000,0x00000000ead80000,0x00000000eae80000)
 ParOldGen       total 283648K, used 283452K [0x00000000c0000000, 0x00000000d1500000, 0x00000000eab00000)
  object space 283648K, 99% used [0x00000000c0000000,0x00000000d14cf120,0x00000000d1500000)
 Metaspace       used 58163K, committed 59520K, reserved 1114112K
  class space    used 6072K, committed 6656K, reserved 1048576K
}
Event: 7.994 GC heap before
{Heap before GC invocations=229 (full 2):
 PSYoungGen      total 3584K, used 3472K [0x00000000eab00000, 0x00000000eaf80000, 0x0000000100000000)
  eden space 2560K, 100% used [0x00000000eab00000,0x00000000ead80000,0x00000000ead80000)
  from space 1024K, 89% used [0x00000000eae80000,0x00000000eaf641b8,0x00000000eaf80000)
  to   space 1024K, 0% used [0x00000000ead80000,0x00000000ead80000,0x00000000eae80000)
 ParOldGen       total 283648K, used 283452K [0x00000000c0000000, 0x00000000d1500000, 0x00000000eab00000)
  object space 283648K, 99% used [0x00000000c0000000,0x00000000d14cf120,0x00000000d1500000)
 Metaspace       used 58163K, committed 59520K, reserved 1114112K
  class space    used 6072K, committed 6656K, reserved 1048576K
}
Event: 7.997 GC heap after
{Heap after GC invocations=229 (full 2):
 PSYoungGen      total 3584K, used 832K [0x00000000eab00000, 0x00000000eaf80000, 0x0000000100000000)
  eden space 2560K, 0% used [0x00000000eab00000,0x00000000eab00000,0x00000000ead80000)
  from space 1024K, 81% used [0x00000000ead80000,0x00000000eae50000,0x00000000eae80000)
  to   space 1024K, 0% used [0x00000000eae80000,0x00000000eae80000,0x00000000eaf80000)
 ParOldGen       total 284672K, used 284227K [0x00000000c0000000, 0x00000000d1600000, 0x00000000eab00000)
  object space 284672K, 99% used [0x00000000c0000000,0x00000000d1590d98,0x00000000d1600000)
 Metaspace       used 58163K, committed 59520K, reserved 1114112K
  class space    used 6072K, committed 6656K, reserved 1048576K
}
Event: 8.015 GC heap before
{Heap before GC invocations=230 (full 2):
 PSYoungGen      total 3584K, used 3392K [0x00000000eab00000, 0x00000000eaf80000, 0x0000000100000000)
  eden space 2560K, 100% used [0x00000000eab00000,0x00000000ead80000,0x00000000ead80000)
  from space 1024K, 81% used [0x00000000ead80000,0x00000000eae50000,0x00000000eae80000)
  to   space 1024K, 0% used [0x00000000eae80000,0x00000000eae80000,0x00000000eaf80000)
 ParOldGen       total 284672K, used 284227K [0x00000000c0000000, 0x00000000d1600000, 0x00000000eab00000)
  object space 284672K, 99% used [0x00000000c0000000,0x00000000d1590d98,0x00000000d1600000)
 Metaspace       used 58163K, committed 59520K, reserved 1114112K
  class space    used 6072K, committed 6656K, reserved 1048576K
}
Event: 8.017 GC heap after
{Heap after GC invocations=230 (full 2):
 PSYoungGen      total 3584K, used 800K [0x00000000eab00000, 0x00000000eaf80000, 0x0000000100000000)
  eden space 2560K, 0% used [0x00000000eab00000,0x00000000eab00000,0x00000000ead80000)
  from space 1024K, 78% used [0x00000000eae80000,0x00000000eaf48000,0x00000000eaf80000)
  to   space 1024K, 0% used [0x00000000ead80000,0x00000000ead80000,0x00000000eae80000)
 ParOldGen       total 285184K, used 284941K [0x00000000c0000000, 0x00000000d1680000, 0x00000000eab00000)
  object space 285184K, 99% used [0x00000000c0000000,0x00000000d1643728,0x00000000d1680000)
 Metaspace       used 58163K, committed 59520K, reserved 1114112K
  class space    used 6072K, committed 6656K, reserved 1048576K
}
Event: 8.031 GC heap before
{Heap before GC invocations=231 (full 2):
 PSYoungGen      total 3584K, used 3360K [0x00000000eab00000, 0x00000000eaf80000, 0x0000000100000000)
  eden space 2560K, 100% used [0x00000000eab00000,0x00000000ead80000,0x00000000ead80000)
  from space 1024K, 78% used [0x00000000eae80000,0x00000000eaf48000,0x00000000eaf80000)
  to   space 1024K, 0% used [0x00000000ead80000,0x00000000ead80000,0x00000000eae80000)
 ParOldGen       total 285184K, used 284941K [0x00000000c0000000, 0x00000000d1680000, 0x00000000eab00000)
  object space 285184K, 99% used [0x00000000c0000000,0x00000000d1643728,0x00000000d1680000)
 Metaspace       used 58163K, committed 59520K, reserved 1114112K
  class space    used 6072K, committed 6656K, reserved 1048576K
}
Event: 8.032 GC heap after
{Heap after GC invocations=231 (full 2):
 PSYoungGen      total 3584K, used 743K [0x00000000eab00000, 0x00000000eaf80000, 0x0000000100000000)
  eden space 2560K, 0% used [0x00000000eab00000,0x00000000eab00000,0x00000000ead80000)
  from space 1024K, 72% used [0x00000000ead80000,0x00000000eae39f50,0x00000000eae80000)
  to   space 1024K, 0% used [0x00000000eae80000,0x00000000eae80000,0x00000000eaf80000)
 ParOldGen       total 285696K, used 285643K [0x00000000c0000000, 0x00000000d1700000, 0x00000000eab00000)
  object space 285696K, 99% used [0x00000000c0000000,0x00000000d16f2ea0,0x00000000d1700000)
 Metaspace       used 58163K, committed 59520K, reserved 1114112K
  class space    used 6072K, committed 6656K, reserved 1048576K
}
Event: 8.041 GC heap before
{Heap before GC invocations=232 (full 2):
 PSYoungGen      total 3584K, used 3303K [0x00000000eab00000, 0x00000000eaf80000, 0x0000000100000000)
  eden space 2560K, 100% used [0x00000000eab00000,0x00000000ead80000,0x00000000ead80000)
  from space 1024K, 72% used [0x00000000ead80000,0x00000000eae39f50,0x00000000eae80000)
  to   space 1024K, 0% used [0x00000000eae80000,0x00000000eae80000,0x00000000eaf80000)
 ParOldGen       total 285696K, used 285643K [0x00000000c0000000, 0x00000000d1700000, 0x00000000eab00000)
  object space 285696K, 99% used [0x00000000c0000000,0x00000000d16f2ea0,0x00000000d1700000)
 Metaspace       used 58163K, committed 59520K, reserved 1114112K
  class space    used 6072K, committed 6656K, reserved 1048576K
}

Dll operation events (10 events):
Event: 0.013 Loaded shared library c:\Users\asadr\.vscode\extensions\redhat.java-1.41.1-win32-x64\jre\21.0.6-win32-x86_64\bin\java.dll
Event: 0.087 Loaded shared library c:\Users\asadr\.vscode\extensions\redhat.java-1.41.1-win32-x64\jre\21.0.6-win32-x86_64\bin\zip.dll
Event: 0.108 Loaded shared library C:\Users\asadr\.vscode\extensions\redhat.java-1.41.1-win32-x64\jre\21.0.6-win32-x86_64\bin\instrument.dll
Event: 0.112 Loaded shared library C:\Users\asadr\.vscode\extensions\redhat.java-1.41.1-win32-x64\jre\21.0.6-win32-x86_64\bin\net.dll
Event: 0.115 Loaded shared library C:\Users\asadr\.vscode\extensions\redhat.java-1.41.1-win32-x64\jre\21.0.6-win32-x86_64\bin\nio.dll
Event: 0.119 Loaded shared library C:\Users\asadr\.vscode\extensions\redhat.java-1.41.1-win32-x64\jre\21.0.6-win32-x86_64\bin\zip.dll
Event: 0.135 Loaded shared library C:\Users\asadr\.vscode\extensions\redhat.java-1.41.1-win32-x64\jre\21.0.6-win32-x86_64\bin\jimage.dll
Event: 0.204 Loaded shared library c:\Users\asadr\.vscode\extensions\redhat.java-1.41.1-win32-x64\jre\21.0.6-win32-x86_64\bin\verify.dll
Event: 1.079 Loaded shared library C:\Users\asadr\AppData\Roaming\Code\User\globalStorage\redhat.java\1.41.1\config_win\org.eclipse.equinox.launcher\org.eclipse.equinox.launcher.win32.win32.x86_64_1.2.1300.v20250331-1702\eclipse_11911.dll
Event: 2.116 Loaded shared library C:\Users\asadr\AppData\Local\Temp\jna-93103933\jna1677636337788774101.dll

Deoptimization events (20 events):
Event: 7.879 Thread 0x000002e20bfd8260 Uncommon trap: trap_request=0xffffff45 fr.pc=0x000002e1ba69c6f0 relative=0x00000000000007b0
Event: 7.879 Thread 0x000002e20bfd8260 Uncommon trap: reason=unstable_if action=reinterpret pc=0x000002e1ba69c6f0 method=org.eclipse.sisu.inject.RankedSequence.peek()Ljava/lang/Object; @ 7 c2
Event: 7.879 Thread 0x000002e20bfd8260 DEOPT PACKING pc=0x000002e1ba69c6f0 sp=0x000000ede3dfe840
Event: 7.879 Thread 0x000002e20bfd8260 DEOPT UNPACKING pc=0x000002e1b9c93aa2 sp=0x000000ede3dfe710 mode 2
Event: 7.929 Thread 0x000002e20bfd8260 Uncommon trap: trap_request=0xffffffd6 fr.pc=0x000002e1ba6db994 relative=0x00000000000008d4
Event: 7.929 Thread 0x000002e20bfd8260 Uncommon trap: reason=array_check action=maybe_recompile pc=0x000002e1ba6db994 method=com.google.inject.internal.MoreTypes$ParameterizedTypeImpl.<init>(Ljava/lang/reflect/Type;Ljava/lang/reflect/Type;[Ljava/lang/reflect/Type;)V @ 200 c2
Event: 7.929 Thread 0x000002e20bfd8260 DEOPT PACKING pc=0x000002e1ba6db994 sp=0x000000ede3dfb050
Event: 7.929 Thread 0x000002e20bfd8260 DEOPT UNPACKING pc=0x000002e1b9c93aa2 sp=0x000000ede3dfaf68 mode 2
Event: 7.929 Thread 0x000002e20bfd8260 Uncommon trap: trap_request=0xffffffd6 fr.pc=0x000002e1ba6db994 relative=0x00000000000008d4
Event: 7.929 Thread 0x000002e20bfd8260 Uncommon trap: reason=array_check action=maybe_recompile pc=0x000002e1ba6db994 method=com.google.inject.internal.MoreTypes$ParameterizedTypeImpl.<init>(Ljava/lang/reflect/Type;Ljava/lang/reflect/Type;[Ljava/lang/reflect/Type;)V @ 200 c2
Event: 7.929 Thread 0x000002e20bfd8260 DEOPT PACKING pc=0x000002e1ba6db994 sp=0x000000ede3dfb030
Event: 7.929 Thread 0x000002e20bfd8260 DEOPT UNPACKING pc=0x000002e1b9c93aa2 sp=0x000000ede3dfaf48 mode 2
Event: 7.929 Thread 0x000002e20bfd8260 Uncommon trap: trap_request=0xffffffd6 fr.pc=0x000002e1ba6db994 relative=0x00000000000008d4
Event: 7.929 Thread 0x000002e20bfd8260 Uncommon trap: reason=array_check action=maybe_recompile pc=0x000002e1ba6db994 method=com.google.inject.internal.MoreTypes$ParameterizedTypeImpl.<init>(Ljava/lang/reflect/Type;Ljava/lang/reflect/Type;[Ljava/lang/reflect/Type;)V @ 200 c2
Event: 7.929 Thread 0x000002e20bfd8260 DEOPT PACKING pc=0x000002e1ba6db994 sp=0x000000ede3dfb050
Event: 7.929 Thread 0x000002e20bfd8260 DEOPT UNPACKING pc=0x000002e1b9c93aa2 sp=0x000000ede3dfaf68 mode 2
Event: 7.929 Thread 0x000002e20bfd8260 Uncommon trap: trap_request=0xffffffd6 fr.pc=0x000002e1ba6db994 relative=0x00000000000008d4
Event: 7.929 Thread 0x000002e20bfd8260 Uncommon trap: reason=array_check action=maybe_recompile pc=0x000002e1ba6db994 method=com.google.inject.internal.MoreTypes$ParameterizedTypeImpl.<init>(Ljava/lang/reflect/Type;Ljava/lang/reflect/Type;[Ljava/lang/reflect/Type;)V @ 200 c2
Event: 7.929 Thread 0x000002e20bfd8260 DEOPT PACKING pc=0x000002e1ba6db994 sp=0x000000ede3dfb030
Event: 7.929 Thread 0x000002e20bfd8260 DEOPT UNPACKING pc=0x000002e1b9c93aa2 sp=0x000000ede3dfaf48 mode 2

Classes loaded (20 events):
Event: 6.018 Loading class java/util/stream/Nodes$IntFixedNodeBuilder
Event: 6.018 Loading class java/util/stream/Node$Builder$OfInt
Event: 6.018 Loading class java/util/stream/Sink$OfInt
Event: 6.018 Loading class java/util/stream/Sink$OfInt done
Event: 6.018 Loading class java/util/stream/Node$Builder$OfInt done
Event: 6.018 Loading class java/util/stream/Nodes$IntArrayNode
Event: 6.018 Loading class java/util/stream/Nodes$IntArrayNode done
Event: 6.018 Loading class java/util/stream/Nodes$IntFixedNodeBuilder done
Event: 6.019 Loading class java/util/stream/ReferencePipeline$4$1
Event: 6.019 Loading class java/util/stream/ReferencePipeline$4$1 done
Event: 6.019 Loading class sun/nio/ch/ChannelOutputStream
Event: 6.019 Loading class sun/nio/ch/ChannelOutputStream done
Event: 6.258 Loading class java/util/ArrayDeque$DeqSpliterator
Event: 6.258 Loading class java/util/ArrayDeque$DeqSpliterator done
Event: 6.346 Loading class java/util/stream/IntPipeline$Head
Event: 6.346 Loading class java/util/stream/IntPipeline$Head done
Event: 6.429 Loading class java/util/stream/Streams$RangeIntSpliterator
Event: 6.430 Loading class java/util/stream/Streams$RangeIntSpliterator done
Event: 6.446 Loading class sun/nio/cs/ISO_8859_1$Decoder
Event: 6.446 Loading class sun/nio/cs/ISO_8859_1$Decoder done

Classes unloaded (7 events):
Event: 2.550 Thread 0x000002e1c38f4970 Unloading class 0x000002e1c5198c00 'java/lang/invoke/LambdaForm$MH+0x000002e1c5198c00'
Event: 2.550 Thread 0x000002e1c38f4970 Unloading class 0x000002e1c5198800 'java/lang/invoke/LambdaForm$MH+0x000002e1c5198800'
Event: 2.550 Thread 0x000002e1c38f4970 Unloading class 0x000002e1c5198400 'java/lang/invoke/LambdaForm$MH+0x000002e1c5198400'
Event: 2.550 Thread 0x000002e1c38f4970 Unloading class 0x000002e1c5198000 'java/lang/invoke/LambdaForm$MH+0x000002e1c5198000'
Event: 2.550 Thread 0x000002e1c38f4970 Unloading class 0x000002e1c5197c00 'java/lang/invoke/LambdaForm$BMH+0x000002e1c5197c00'
Event: 2.550 Thread 0x000002e1c38f4970 Unloading class 0x000002e1c5197800 'java/lang/invoke/LambdaForm$DMH+0x000002e1c5197800'
Event: 2.550 Thread 0x000002e1c38f4970 Unloading class 0x000002e1c5196400 'java/lang/invoke/LambdaForm$DMH+0x000002e1c5196400'

Classes redefined (0 events):
No events

Internal exceptions (20 events):
Event: 5.501 Thread 0x000002e20d3fb4e0 Exception <a 'java/lang/IncompatibleClassChangeError'{0x00000000eb029438}: Found class java.lang.Object, but interface was expected> (0x00000000eb029438) 
thrown [s\src\hotspot\share\interpreter\linkResolver.cpp, line 840]
Event: 5.753 Thread 0x000002e20bfd8260 Exception <a 'java/lang/NoSuchMethodError'{0x00000000eb15cd50}: 'int java.lang.invoke.DirectMethodHandle$Holder.invokeSpecialIFC(java.lang.Object, java.lang.Object, java.lang.Object)'> (0x00000000eb15cd50) 
thrown [s\src\hotspot\share\interpreter\linkResolver.cpp, line 773]
Event: 5.760 Thread 0x000002e20bfd8260 Implicit null exception at 0x000002e1ba2419cc to 0x000002e1ba241a17
Event: 5.963 Thread 0x000002e219706180 Exception <a 'java/lang/NoSuchMethodError'{0x00000000eace38b0}: 'void java.lang.invoke.DirectMethodHandle$Holder.invokeStatic(java.lang.Object, int, java.lang.Object)'> (0x00000000eace38b0) 
thrown [s\src\hotspot\share\interpreter\linkResolver.cpp, line 773]
Event: 6.014 Thread 0x000002e20bfd8260 Exception <a 'java/lang/NoSuchMethodError'{0x00000000eafdd110}: 'java.lang.Object java.lang.invoke.DirectMethodHandle$Holder.newInvokeSpecial(java.lang.Object, java.lang.Object, int, int, java.lang.Object)'> (0x00000000eafdd110) 
thrown [s\src\hotspot\share\interpreter\linkResolver.cpp, line 773]
Event: 6.208 Thread 0x000002e20bfd8260 Exception <a 'sun/nio/fs/WindowsException'{0x00000000ead6a748}> (0x00000000ead6a748) 
thrown [s\src\hotspot\share\prims\jni.cpp, line 520]
Event: 6.209 Thread 0x000002e20d3fd5b0 Exception <a 'sun/nio/fs/WindowsException'{0x00000000ead83350}> (0x00000000ead83350) 
thrown [s\src\hotspot\share\prims\jni.cpp, line 520]
Event: 6.209 Thread 0x000002e20d3fc890 Exception <a 'sun/nio/fs/WindowsException'{0x00000000ead9c870}> (0x00000000ead9c870) 
thrown [s\src\hotspot\share\prims\jni.cpp, line 520]
Event: 6.263 Thread 0x000002e20bfd8260 Exception <a 'sun/nio/fs/WindowsException'{0x00000000eb01d280}> (0x00000000eb01d280) 
thrown [s\src\hotspot\share\prims\jni.cpp, line 520]
Event: 6.263 Thread 0x000002e20bfd8260 Exception <a 'sun/nio/fs/WindowsException'{0x00000000eb01d8b0}> (0x00000000eb01d8b0) 
thrown [s\src\hotspot\share\prims\jni.cpp, line 520]
Event: 6.347 Thread 0x000002e20bfd8260 Exception <a 'java/lang/NoSuchMethodError'{0x00000000ead2f6b8}: 'void java.lang.invoke.DirectMethodHandle$Holder.invokeStatic(java.lang.Object, java.lang.Object, java.lang.Object, int)'> (0x00000000ead2f6b8) 
thrown [s\src\hotspot\share\interpreter\linkResolver.cpp, line 773]
Event: 6.350 Thread 0x000002e20bfd8260 Exception <a 'java/lang/NoSuchMethodError'{0x00000000eae88c30}: 'void java.lang.invoke.DirectMethodHandle$Holder.invokeVirtual(java.lang.Object, java.lang.Object, int)'> (0x00000000eae88c30) 
thrown [s\src\hotspot\share\interpreter\linkResolver.cpp, line 773]
Event: 6.374 Thread 0x000002e20bfd8260 Exception <a 'java/lang/NoSuchMethodError'{0x00000000eabb0c48}: 'void java.lang.invoke.DirectMethodHandle$Holder.invokeInterface(java.lang.Object, java.lang.Object)'> (0x00000000eabb0c48) 
thrown [s\src\hotspot\share\interpreter\linkResolver.cpp, line 773]
Event: 6.386 Thread 0x000002e2197088e0 Exception <a 'java/lang/NoSuchMethodError'{0x00000000eab27508}: 'void java.lang.invoke.DirectMethodHandle$Holder.invokeSpecial(java.lang.Object, java.lang.Object, java.lang.Object, java.lang.Object, java.lang.Object, java.lang.Object, java.lang.Object, java.lang.Object)'> (0x00000000eab27508) 
thrown [s\src\hotspot\share\interpreter\linkResolver.cpp, line 773]
Event: 7.883 Thread 0x000002e20bfd8260 Exception <a 'java/lang/NoSuchMethodError'{0x00000000eabe0f00}: 'java.lang.Object java.lang.invoke.DirectMethodHandle$Holder.newInvokeSpecial(java.lang.Object, java.lang.Object, int, java.lang.Object, java.lang.Object)'> (0x00000000eabe0f00) 
thrown [s\src\hotspot\share\interpreter\linkResolver.cpp, line 773]
Event: 7.883 Thread 0x000002e20bfd8260 Exception <a 'java/lang/NoSuchMethodError'{0x00000000eabfd050}: 'java.lang.Object java.lang.invoke.Invokers$Holder.linkToTargetMethod(java.lang.Object, int, java.lang.Object, java.lang.Object, java.lang.Object)'> (0x00000000eabfd050) 
thrown [s\src\hotspot\share\interpreter\linkResolver.cpp, line 773]
Event: 7.889 Thread 0x000002e20bfd8260 Exception <a 'java/lang/NoSuchMethodError'{0x00000000eab0c388}: 'java.lang.Object java.lang.invoke.DirectMethodHandle$Holder.invokeSpecial(java.lang.Object, java.lang.Object, java.lang.Object, int, java.lang.Object, java.lang.Object, java.lang.Object)'> (0x00000000eab0c388) 
thrown [s\src\hotspot\share\interpreter\linkResolver.cpp, line 773]
Event: 7.922 Thread 0x000002e20bfd8260 Exception <a 'java/lang/NoSuchMethodError'{0x00000000eac95ee8}: 'java.lang.Object java.lang.invoke.DirectMethodHandle$Holder.invokeStatic(java.lang.Object, java.lang.Object, int, java.lang.Object, java.lang.Object)'> (0x00000000eac95ee8) 
thrown [s\src\hotspot\share\interpreter\linkResolver.cpp, line 773]
Event: 7.923 Thread 0x000002e20bfd8260 Exception <a 'java/lang/NoSuchMethodError'{0x00000000eacd6258}: 'java.lang.Object java.lang.invoke.DirectMethodHandle$Holder.newInvokeSpecial(java.lang.Object, java.lang.Object, int)'> (0x00000000eacd6258) 
thrown [s\src\hotspot\share\interpreter\linkResolver.cpp, line 773]
Event: 7.947 Thread 0x000002e20bfd8260 Exception <a 'java/lang/NoSuchMethodError'{0x00000000eabe98d0}: 'void java.lang.invoke.DirectMethodHandle$Holder.invokeStatic(java.lang.Object, int)'> (0x00000000eabe98d0) 
thrown [s\src\hotspot\share\interpreter\linkResolver.cpp, line 773]

ZGC Phase Switch (0 events):
No events

VM Operations (20 events):
Event: 7.916 Executing VM operation: ParallelGCFailedAllocation (Allocation Failure) done
Event: 7.925 Executing VM operation: ParallelGCFailedAllocation (Allocation Failure)
Event: 7.926 Executing VM operation: ParallelGCFailedAllocation (Allocation Failure) done
Event: 7.934 Executing VM operation: ParallelGCFailedAllocation (Allocation Failure)
Event: 7.935 Executing VM operation: ParallelGCFailedAllocation (Allocation Failure) done
Event: 7.943 Executing VM operation: ParallelGCFailedAllocation (Allocation Failure)
Event: 7.944 Executing VM operation: ParallelGCFailedAllocation (Allocation Failure) done
Event: 7.955 Executing VM operation: ParallelGCFailedAllocation (Allocation Failure)
Event: 7.956 Executing VM operation: ParallelGCFailedAllocation (Allocation Failure) done
Event: 7.965 Executing VM operation: ParallelGCFailedAllocation (Allocation Failure)
Event: 7.967 Executing VM operation: ParallelGCFailedAllocation (Allocation Failure) done
Event: 7.975 Executing VM operation: ParallelGCFailedAllocation (Allocation Failure)
Event: 7.976 Executing VM operation: ParallelGCFailedAllocation (Allocation Failure) done
Event: 7.994 Executing VM operation: ParallelGCFailedAllocation (Allocation Failure)
Event: 7.997 Executing VM operation: ParallelGCFailedAllocation (Allocation Failure) done
Event: 8.015 Executing VM operation: ParallelGCFailedAllocation (Allocation Failure)
Event: 8.017 Executing VM operation: ParallelGCFailedAllocation (Allocation Failure) done
Event: 8.031 Executing VM operation: ParallelGCFailedAllocation (Allocation Failure)
Event: 8.032 Executing VM operation: ParallelGCFailedAllocation (Allocation Failure) done
Event: 8.041 Executing VM operation: ParallelGCFailedAllocation (Allocation Failure)

Memory protections (0 events):
No events

Nmethod flushes (20 events):
Event: 3.579 Thread 0x000002e1c38f4970 flushing  nmethod 0x000002e1b2d4c810
Event: 3.579 Thread 0x000002e1c38f4970 flushing  nmethod 0x000002e1b2d4da10
Event: 3.579 Thread 0x000002e1c38f4970 flushing  nmethod 0x000002e1b2d4e210
Event: 3.579 Thread 0x000002e1c38f4970 flushing  nmethod 0x000002e1b2d51290
Event: 3.579 Thread 0x000002e1c38f4970 flushing  nmethod 0x000002e1b2d51b90
Event: 3.579 Thread 0x000002e1c38f4970 flushing  nmethod 0x000002e1b2d52010
Event: 3.579 Thread 0x000002e1c38f4970 flushing  nmethod 0x000002e1b2d52510
Event: 3.579 Thread 0x000002e1c38f4970 flushing  nmethod 0x000002e1b2d5cc90
Event: 3.579 Thread 0x000002e1c38f4970 flushing  nmethod 0x000002e1b2d6b910
Event: 3.579 Thread 0x000002e1c38f4970 flushing  nmethod 0x000002e1b2d82090
Event: 3.579 Thread 0x000002e1c38f4970 flushing  nmethod 0x000002e1b2d8f610
Event: 3.579 Thread 0x000002e1c38f4970 flushing  nmethod 0x000002e1b2dfc410
Event: 3.579 Thread 0x000002e1c38f4970 flushing  nmethod 0x000002e1b2e00210
Event: 3.579 Thread 0x000002e1c38f4970 flushing  nmethod 0x000002e1b2e1ec90
Event: 3.579 Thread 0x000002e1c38f4970 flushing  nmethod 0x000002e1b2e2d690
Event: 3.579 Thread 0x000002e1c38f4970 flushing  nmethod 0x000002e1b2e2db10
Event: 3.579 Thread 0x000002e1c38f4970 flushing  nmethod 0x000002e1b2e2ee10
Event: 3.579 Thread 0x000002e1c38f4970 flushing  nmethod 0x000002e1b2e2fc10
Event: 3.579 Thread 0x000002e1c38f4970 flushing  nmethod 0x000002e1b2e31010
Event: 3.579 Thread 0x000002e1c38f4970 flushing  nmethod 0x000002e1b2e32110

Events (20 events):
Event: 4.794 Thread 0x000002e20bfd8260 Thread added: 0x000002e20d3ff680
Event: 4.794 Thread 0x000002e20bfd8260 Thread added: 0x000002e20d3fdc40
Event: 5.817 Thread 0x000002e20bfd8260 Thread added: 0x000002e219706180
Event: 6.015 Thread 0x000002e20bfd8260 Thread added: 0x000002e219702d00
Event: 6.156 Thread 0x000002e20bfd8260 Thread added: 0x000002e219704dd0
Event: 6.156 Thread 0x000002e20bfd8260 Thread added: 0x000002e219706ea0
Event: 6.205 Thread 0x000002e20bfd8260 Thread added: 0x000002e219703a20
Event: 6.214 Thread 0x000002e20bfd8260 Thread added: 0x000002e219704740
Event: 6.260 Thread 0x000002e20bfd8260 Thread added: 0x000002e219707530
Event: 6.378 Thread 0x000002e20bfd8260 Thread added: 0x000002e219705460
Event: 6.379 Thread 0x000002e20bfd8260 Thread added: 0x000002e2197040b0
Event: 6.379 Thread 0x000002e20bfd8260 Thread added: 0x000002e219707bc0
Event: 6.379 Thread 0x000002e20bfd8260 Thread added: 0x000002e219708250
Event: 6.379 Thread 0x000002e20bfd8260 Thread added: 0x000002e2197088e0
Event: 7.541 Thread 0x000002e20bfd6820 Thread exited: 0x000002e20bfd6820
Event: 7.705 Thread 0x000002e219708250 Thread exited: 0x000002e219708250
Event: 7.705 Thread 0x000002e219705460 Thread exited: 0x000002e219705460
Event: 7.705 Thread 0x000002e219707bc0 Thread exited: 0x000002e219707bc0
Event: 7.705 Thread 0x000002e2197040b0 Thread exited: 0x000002e2197040b0
Event: 7.705 Thread 0x000002e2197088e0 Thread exited: 0x000002e2197088e0


Dynamic libraries:
0x00007ff7dfb90000 - 0x00007ff7dfb9e000 	c:\Users\asadr\.vscode\extensions\redhat.java-1.41.1-win32-x64\jre\21.0.6-win32-x86_64\bin\java.exe
0x00007ff9a7840000 - 0x00007ff9a7aa0000 	C:\WINDOWS\SYSTEM32\ntdll.dll
0x00007ff9a5fd0000 - 0x00007ff9a6097000 	C:\WINDOWS\System32\KERNEL32.DLL
0x00007ff9a4a20000 - 0x00007ff9a4dea000 	C:\WINDOWS\System32\KERNELBASE.dll
0x00007ff9a5080000 - 0x00007ff9a51cb000 	C:\WINDOWS\System32\ucrtbase.dll
0x00007ff98aca0000 - 0x00007ff98acbe000 	c:\Users\asadr\.vscode\extensions\redhat.java-1.41.1-win32-x64\jre\21.0.6-win32-x86_64\bin\VCRUNTIME140.dll
0x00007ff99de30000 - 0x00007ff99de48000 	c:\Users\asadr\.vscode\extensions\redhat.java-1.41.1-win32-x64\jre\21.0.6-win32-x86_64\bin\jli.dll
0x00007ff9a6df0000 - 0x00007ff9a6fbc000 	C:\WINDOWS\System32\USER32.dll
0x00007ff97e760000 - 0x00007ff97e9f7000 	C:\WINDOWS\WinSxS\amd64_microsoft.windows.common-controls_6595b64144ccf1df_6.0.26100.3624_none_3e086962e3345f24\COMCTL32.dll
0x00007ff9a58a0000 - 0x00007ff9a5949000 	C:\WINDOWS\System32\msvcrt.dll
0x00007ff9a6b60000 - 0x00007ff9a6b8a000 	C:\WINDOWS\System32\GDI32.dll
0x00007ff9a5560000 - 0x00007ff9a5587000 	C:\WINDOWS\System32\win32u.dll
0x00007ff9a4e80000 - 0x00007ff9a4fb1000 	C:\WINDOWS\System32\gdi32full.dll
0x00007ff9a5590000 - 0x00007ff9a5633000 	C:\WINDOWS\System32\msvcp_win.dll
0x00007ff9a7750000 - 0x00007ff9a777f000 	C:\WINDOWS\System32\IMM32.DLL
0x00007ff9a1a50000 - 0x00007ff9a1a5c000 	c:\Users\asadr\.vscode\extensions\redhat.java-1.41.1-win32-x64\jre\21.0.6-win32-x86_64\bin\vcruntime140_1.dll
0x00007ff95c1e0000 - 0x00007ff95c26d000 	c:\Users\asadr\.vscode\extensions\redhat.java-1.41.1-win32-x64\jre\21.0.6-win32-x86_64\bin\msvcp140.dll
0x00007ff937790000 - 0x00007ff938520000 	c:\Users\asadr\.vscode\extensions\redhat.java-1.41.1-win32-x64\jre\21.0.6-win32-x86_64\bin\server\jvm.dll
0x00007ff9a75c0000 - 0x00007ff9a7672000 	C:\WINDOWS\System32\ADVAPI32.dll
0x00007ff9a7680000 - 0x00007ff9a7726000 	C:\WINDOWS\System32\sechost.dll
0x00007ff9a70c0000 - 0x00007ff9a71d6000 	C:\WINDOWS\System32\RPCRT4.dll
0x00007ff9a5f50000 - 0x00007ff9a5fc4000 	C:\WINDOWS\System32\WS2_32.dll
0x00007ff9a43e0000 - 0x00007ff9a443e000 	C:\WINDOWS\SYSTEM32\POWRPROF.dll
0x00007ff99d710000 - 0x00007ff99d71b000 	C:\WINDOWS\SYSTEM32\VERSION.dll
0x00007ff996400000 - 0x00007ff996436000 	C:\WINDOWS\SYSTEM32\WINMM.dll
0x00007ff9a43c0000 - 0x00007ff9a43d4000 	C:\WINDOWS\SYSTEM32\UMPDC.dll
0x00007ff9a37f0000 - 0x00007ff9a380a000 	C:\WINDOWS\SYSTEM32\kernel.appcore.dll
0x00007ff99e7a0000 - 0x00007ff99e7aa000 	c:\Users\asadr\.vscode\extensions\redhat.java-1.41.1-win32-x64\jre\21.0.6-win32-x86_64\bin\jimage.dll
0x00007ff98f700000 - 0x00007ff98f941000 	C:\WINDOWS\SYSTEM32\DBGHELP.DLL
0x00007ff9a60a0000 - 0x00007ff9a6422000 	C:\WINDOWS\System32\combase.dll
0x00007ff9a7340000 - 0x00007ff9a7416000 	C:\WINDOWS\System32\OLEAUT32.dll
0x00007ff92c7b0000 - 0x00007ff92c7e9000 	C:\WINDOWS\SYSTEM32\dbgcore.DLL
0x00007ff9a54c0000 - 0x00007ff9a5559000 	C:\WINDOWS\System32\bcryptPrimitives.dll
0x00007ff98d0e0000 - 0x00007ff98d0ef000 	c:\Users\asadr\.vscode\extensions\redhat.java-1.41.1-win32-x64\jre\21.0.6-win32-x86_64\bin\instrument.dll
0x00007ff989310000 - 0x00007ff98932f000 	c:\Users\asadr\.vscode\extensions\redhat.java-1.41.1-win32-x64\jre\21.0.6-win32-x86_64\bin\java.dll
0x00007ff9a6430000 - 0x00007ff9a6b59000 	C:\WINDOWS\System32\SHELL32.dll
0x00007ff9a5350000 - 0x00007ff9a54b8000 	C:\WINDOWS\System32\wintypes.dll
0x00007ff9a26a0000 - 0x00007ff9a2ef2000 	C:\WINDOWS\SYSTEM32\windows.storage.dll
0x00007ff9a7420000 - 0x00007ff9a750d000 	C:\WINDOWS\System32\SHCORE.dll
0x00007ff9a7790000 - 0x00007ff9a77f4000 	C:\WINDOWS\System32\shlwapi.dll
0x00007ff9a4930000 - 0x00007ff9a495f000 	C:\WINDOWS\SYSTEM32\profapi.dll
0x00007ff977dc0000 - 0x00007ff977dd8000 	c:\Users\asadr\.vscode\extensions\redhat.java-1.41.1-win32-x64\jre\21.0.6-win32-x86_64\bin\zip.dll
0x00007ff98bc60000 - 0x00007ff98bc70000 	C:\Users\asadr\.vscode\extensions\redhat.java-1.41.1-win32-x64\jre\21.0.6-win32-x86_64\bin\net.dll
0x00007ff99d960000 - 0x00007ff99da7d000 	C:\WINDOWS\SYSTEM32\WINHTTP.dll
0x00007ff9a3cf0000 - 0x00007ff9a3d5a000 	C:\WINDOWS\system32\mswsock.dll
0x00007ff979d30000 - 0x00007ff979d46000 	C:\Users\asadr\.vscode\extensions\redhat.java-1.41.1-win32-x64\jre\21.0.6-win32-x86_64\bin\nio.dll
0x00007ff98a9c0000 - 0x00007ff98a9d0000 	c:\Users\asadr\.vscode\extensions\redhat.java-1.41.1-win32-x64\jre\21.0.6-win32-x86_64\bin\verify.dll
0x00007ff95d0b0000 - 0x00007ff95d0f5000 	C:\Users\asadr\AppData\Roaming\Code\User\globalStorage\redhat.java\1.41.1\config_win\org.eclipse.equinox.launcher\org.eclipse.equinox.launcher.win32.win32.x86_64_1.2.1300.v20250331-1702\eclipse_11911.dll
0x00007ff9a56d0000 - 0x00007ff9a5866000 	C:\WINDOWS\System32\ole32.dll
0x00007ff9a40a0000 - 0x00007ff9a40bc000 	C:\WINDOWS\SYSTEM32\CRYPTSP.dll
0x00007ff9a3750000 - 0x00007ff9a378a000 	C:\WINDOWS\system32\rsaenh.dll
0x00007ff9a3d90000 - 0x00007ff9a3dbb000 	C:\WINDOWS\SYSTEM32\USERENV.dll
0x00007ff9a4900000 - 0x00007ff9a4926000 	C:\WINDOWS\SYSTEM32\bcrypt.dll
0x00007ff9a3f20000 - 0x00007ff9a3f2c000 	C:\WINDOWS\SYSTEM32\CRYPTBASE.dll
0x00007ff9a3250000 - 0x00007ff9a3283000 	C:\WINDOWS\SYSTEM32\IPHLPAPI.DLL
0x00007ff9a5870000 - 0x00007ff9a587a000 	C:\WINDOWS\System32\NSI.dll
0x00007ff95c5b0000 - 0x00007ff95c5f9000 	C:\Users\asadr\AppData\Local\Temp\jna-93103933\jna1677636337788774101.dll
0x00007ff9a7730000 - 0x00007ff9a7738000 	C:\WINDOWS\System32\PSAPI.DLL
0x00007ff99d720000 - 0x00007ff99d73f000 	C:\WINDOWS\SYSTEM32\dhcpcsvc6.DLL
0x00007ff99d6e0000 - 0x00007ff99d705000 	C:\WINDOWS\SYSTEM32\dhcpcsvc.DLL

dbghelp: loaded successfully - version: 4.0.5 - missing functions: none
symbol engine: initialized successfully - sym options: 0x614 - pdb path: .;c:\Users\asadr\.vscode\extensions\redhat.java-1.41.1-win32-x64\jre\21.0.6-win32-x86_64\bin;C:\WINDOWS\SYSTEM32;C:\WINDOWS\WinSxS\amd64_microsoft.windows.common-controls_6595b64144ccf1df_6.0.26100.3624_none_3e086962e3345f24;c:\Users\asadr\.vscode\extensions\redhat.java-1.41.1-win32-x64\jre\21.0.6-win32-x86_64\bin\server;C:\Users\asadr\AppData\Roaming\Code\User\globalStorage\redhat.java\1.41.1\config_win\org.eclipse.equinox.launcher\org.eclipse.equinox.launcher.win32.win32.x86_64_1.2.1300.v20250331-1702;C:\Users\asadr\AppData\Local\Temp\jna-93103933

VM Arguments:
jvm_args: --add-modules=ALL-SYSTEM --add-opens=java.base/java.util=ALL-UNNAMED --add-opens=java.base/java.lang=ALL-UNNAMED --add-opens=java.base/sun.nio.fs=ALL-UNNAMED -Declipse.application=org.eclipse.jdt.ls.core.id1 -Dosgi.bundles.defaultStartLevel=4 -Declipse.product=org.eclipse.jdt.ls.core.product -Djava.import.generatesMetadataFilesAtProjectRoot=false -DDetectVMInstallationsJob.disabled=true -Dfile.encoding=utf8 -XX:+UseParallelGC -XX:GCTimeRatio=4 -XX:AdaptiveSizePolicyWeight=90 -Dsun.zip.disableMemoryMapping=true -Xmx1G -Xms100m -Xlog:disable -javaagent:c:\Users\asadr\.vscode\extensions\redhat.java-1.41.1-win32-x64\lombok\lombok-1.18.36.jar -XX:+HeapDumpOnOutOfMemoryError -XX:HeapDumpPath=c:\Users\asadr\AppData\Roaming\Code\User\workspaceStorage\04bcbd77341e2a020fcdf7a70cf93eb6\redhat.java -Daether.dependencyCollector.impl=bf 
java_command: c:\Users\asadr\.vscode\extensions\redhat.java-1.41.1-win32-x64\server\plugins\org.eclipse.equinox.launcher_1.7.0.v20250331-1702.jar -configuration c:\Users\asadr\AppData\Roaming\Code\User\globalStorage\redhat.java\1.41.1\config_win -data c:\Users\asadr\AppData\Roaming\Code\User\workspaceStorage\04bcbd77341e2a020fcdf7a70cf93eb6\redhat.java\jdt_ws --pipe=\\.\pipe\lsp-3b964479a1fada6e937f83f194d2f065-sock
java_class_path (initial): c:\Users\asadr\.vscode\extensions\redhat.java-1.41.1-win32-x64\server\plugins\org.eclipse.equinox.launcher_1.7.0.v20250331-1702.jar
Launcher Type: SUN_STANDARD

[Global flags]
    uintx AdaptiveSizePolicyWeight                 = 90                                        {product} {command line}
     intx CICompilerCount                          = 4                                         {product} {ergonomic}
    uintx GCTimeRatio                              = 4                                         {product} {command line}
     bool HeapDumpOnOutOfMemoryError               = true                                   {manageable} {command line}
    ccstr HeapDumpPath                             = c:\Users\asadr\AppData\Roaming\Code\User\workspaceStorage\04bcbd77341e2a020fcdf7a70cf93eb6\redhat.java         {manageable} {command line}
   size_t InitialHeapSize                          = 104857600                                 {product} {command line}
   size_t MaxHeapSize                              = 1073741824                                {product} {command line}
   size_t MaxNewSize                               = 357564416                                 {product} {ergonomic}
   size_t MinHeapDeltaBytes                        = 524288                                    {product} {ergonomic}
   size_t MinHeapSize                              = 104857600                                 {product} {command line}
   size_t NewSize                                  = 34603008                                  {product} {ergonomic}
    uintx NonNMethodCodeHeapSize                   = 5839372                                {pd product} {ergonomic}
    uintx NonProfiledCodeHeapSize                  = 122909434                              {pd product} {ergonomic}
   size_t OldSize                                  = 70254592                                  {product} {ergonomic}
    uintx ProfiledCodeHeapSize                     = 122909434                              {pd product} {ergonomic}
    uintx ReservedCodeCacheSize                    = 251658240                              {pd product} {ergonomic}
     bool SegmentedCodeCache                       = true                                      {product} {ergonomic}
   size_t SoftMaxHeapSize                          = 1073741824                             {manageable} {ergonomic}
     bool UseCompressedOops                        = true                           {product lp64_product} {ergonomic}
     bool UseLargePagesIndividualAllocation        = false                                  {pd product} {ergonomic}
     bool UseParallelGC                            = true                                      {product} {command line}

Logging:
Log output configuration:
 #0: stdout all=off uptime,level,tags foldmultilines=false
 #1: stderr all=off uptime,level,tags foldmultilines=false

Environment Variables:
JAVA_HOME=C:\Program Files\Zulu\zulu-21
PATH=C:\Program Files\Zulu\zulu-21\bin;C:\Program Files\PowerShell\7;C:\WINDOWS\system32;C:\WINDOWS;C:\WINDOWS\System32\Wbem;C:\WINDOWS\System32\WindowsPowerShell\v1.0;C:\WINDOWS\System32\OpenSSH;C:\Program Files\NVIDIA Corporation\NVIDIA app\NvDLISR;C:\Program Files (x86)\NVIDIA Corporation\PhysX\Common;C:\Program Files\dotnet;C:\ProgramData\chocolatey\bin;C:\Program Files\nodejs;C:\Program Files (x86)\Yarn\bin;C:\Program Files\Git\cmd;C:\Program Files\GitHub CLI;C:\ProgramData\chocolatey\lib\maven\apache-maven-3.9.9\bin;C:\Users\asadr\AppData\Local\Microsoft\WindowsApps;C:\Users\asadr\AppData\Local\Programs\Python\Python313\Scripts;C:\Users\asadr\AppData\Local\Programs\Python\Python313;C:\msys64\ucrt64\bin;C:\msys64\usr\bin;C:\Users\asadr\AppData\Local\Programs\Microsoft VS Code\bin;C:\Users\asadr\AppData\Local\spicetify;C:\adb;C:\Users\asadr\AppData\Roaming\npm;C:\Users\asadr\AppData\Local\Yarn\bin;C:\Users\asadr\AppData\Local\Programs\oh-my-posh\bin;C:\Users\asadr\AppData\Local\JetBrains\Toolbox\scripts;C:\Users\asadr\AppData\Local\Programs\Trae\bin;C:\Users\asadr\.dotnet\tools;C:\Users\asadr\AppData\Local\Programs\cursor\resources\app\bin
USERNAME=asadr
OS=Windows_NT
PROCESSOR_IDENTIFIER=Intel64 Family 6 Model 158 Stepping 10, GenuineIntel
TMP=C:\Users\asadr\AppData\Local\Temp
TEMP=C:\Users\asadr\AppData\Local\Temp




Periodic native trim disabled

---------------  S Y S T E M  ---------------

OS:
 Windows 11 , 64 bit Build 26100 (10.0.26100.3775)
OS uptime: 0 days 16:54 hours
Hyper-V role detected

CPU: total 12 (initial active 12) (6 cores per cpu, 2 threads per core) family 6 model 158 stepping 10 microcode 0xf4, cx8, cmov, fxsr, ht, mmx, 3dnowpref, sse, sse2, sse3, ssse3, sse4.1, sse4.2, popcnt, lzcnt, tsc, tscinvbit, avx, avx2, aes, erms, clmul, bmi1, bmi2, rtm, adx, fma, vzeroupper, clflush, clflushopt, hv, rdtscp, f16c
Processor Information for the first 12 processors :
  Max Mhz: 3192, Current Mhz: 3192, Mhz Limit: 3192

Memory: 4k page, system-wide physical 16321M (646M free)
TotalPageFile size 65473M (AvailPageFile size 4M)
current process WorkingSet (physical memory assigned to process): 622M, peak: 622M
current process commit charge ("private bytes"): 589M, peak: 589M

vm_info: OpenJDK 64-Bit Server VM (21.0.6+7-LTS) for windows-amd64 JRE (21.0.6+7-LTS), built on 2025-01-21T00:00:00Z by "admin" with MS VC++ 17.7 (VS2022)

END.
