#
# There is insufficient memory for the Java Runtime Environment to continue.
# Native memory allocation (malloc) failed to allocate 1043456 bytes. Error detail: Chunk::new
# Possible reasons:
#   The system is out of physical RAM or swap space
#   This process is running with CompressedOops enabled, and the Java Heap may be blocking the growth of the native heap
# Possible solutions:
#   Reduce memory load on the system
#   Increase physical memory or swap space
#   Check if swap backing store is full
#   Decrease Java heap size (-Xmx/-Xms)
#   Decrease number of Java threads
#   Decrease Java thread stack sizes (-Xss)
#   Set larger code cache with -XX:ReservedCodeCacheSize=
#   JVM is running with Unscaled Compressed Oops mode in which the Java heap is
#     placed in the first 4GB address space. The Java Heap base address is the
#     maximum limit for the native heap growth. Please use -XX:HeapBaseMinAddress
#     to set the Java Heap base and to place the Java Heap above 4GB virtual address.
# This output file may be truncated or incomplete.
#
#  Out of Memory Error (arena.cpp:168), pid=2064, tid=27612
#
# JRE version: OpenJDK Runtime Environment Temurin-21.0.6+7 (21.0.6+7) (build 21.0.6+7-LTS)
# Java VM: OpenJDK 64-Bit Server VM Temurin-21.0.6+7 (21.0.6+7-LTS, mixed mode, sharing, tiered, compressed oops, compressed class ptrs, parallel gc, windows-amd64)
# No core dump will be written. Minidumps are not enabled by default on client versions of Windows
#

---------------  S U M M A R Y ------------

Command Line: --add-modules=ALL-SYSTEM --add-opens=java.base/java.util=ALL-UNNAMED --add-opens=java.base/java.lang=ALL-UNNAMED --add-opens=java.base/sun.nio.fs=ALL-UNNAMED -Declipse.application=org.eclipse.jdt.ls.core.id1 -Dosgi.bundles.defaultStartLevel=4 -Declipse.product=org.eclipse.jdt.ls.core.product -Djava.import.generatesMetadataFilesAtProjectRoot=false -DDetectVMInstallationsJob.disabled=true -Dfile.encoding=utf8 -XX:+UseParallelGC -XX:GCTimeRatio=4 -XX:AdaptiveSizePolicyWeight=90 -Dsun.zip.disableMemoryMapping=true -Xmx1G -Xms100m -Xlog:disable -javaagent:c:\Users\asadr\.vscode\extensions\redhat.java-1.41.1-win32-x64\lombok\lombok-1.18.36.jar -XX:+HeapDumpOnOutOfMemoryError -XX:HeapDumpPath=c:\Users\asadr\AppData\Roaming\Code\User\workspaceStorage\04bcbd77341e2a020fcdf7a70cf93eb6\redhat.java -Daether.dependencyCollector.impl=bf c:\Users\asadr\.vscode\extensions\redhat.java-1.41.1-win32-x64\server\plugins\org.eclipse.equinox.launcher_1.7.0.v20250331-1702.jar -configuration c:\Users\asadr\AppData\Roaming\Code\User\globalStorage\redhat.java\1.41.1\config_win -data c:\Users\asadr\AppData\Roaming\Code\User\workspaceStorage\04bcbd77341e2a020fcdf7a70cf93eb6\redhat.java\jdt_ws --pipe=\\.\pipe\lsp-4606a38716699f8722dd0a55705414d8-sock

Host: Intel(R) Core(TM) i7-8700 CPU @ 3.20GHz, 12 cores, 15G,  Windows 11 , 64 bit Build 26100 (10.0.26100.3775)
Time: Sun Apr 20 12:57:22 2025 Arabic Standard Time elapsed time: 23.034107 seconds (0d 0h 0m 23s)

---------------  T H R E A D  ---------------

Current thread (0x000002210db8c100):  JavaThread "C2 CompilerThread1" daemon [_thread_in_native, id=27612, stack(0x00000084a9000000,0x00000084a9100000) (1024K)]


Current CompileTask:
C2:23034 8973       4       java.lang.invoke.MethodHandleImpl::makePairwiseConvertByEditor (617 bytes)

Stack: [0x00000084a9000000,0x00000084a9100000]
Native frames: (J=compiled Java code, j=interpreted, Vv=VM code, C=native code)
V  [jvm.dll+0x6cdee9]
V  [jvm.dll+0x8a83d1]
V  [jvm.dll+0x8aa8fe]
V  [jvm.dll+0x8aafe3]
V  [jvm.dll+0x27f706]
V  [jvm.dll+0xc500d]
V  [jvm.dll+0xc5543]
V  [jvm.dll+0x2f2acd]
V  [jvm.dll+0x5f6a2a]
V  [jvm.dll+0x250bb2]
V  [jvm.dll+0x250f6f]
V  [jvm.dll+0x249834]
V  [jvm.dll+0x246ec4]
V  [jvm.dll+0x1c75ee]
V  [jvm.dll+0x25685a]
V  [jvm.dll+0x254dfa]
V  [jvm.dll+0x3f0256]
V  [jvm.dll+0x851f8b]
V  [jvm.dll+0x6cc5ed]
C  [ucrtbase.dll+0x37b0]
C  [KERNEL32.DLL+0x2e8d7]
C  [ntdll.dll+0xb14fc]


---------------  P R O C E S S  ---------------

Threads class SMR info:
_java_thread_list=0x000002211a1515c0, length=65, elements={
0x00000220aebfb130, 0x00000220b108ff40, 0x00000220b1092690, 0x00000220b1096120,
0x00000220b1096d70, 0x00000220b10998d0, 0x00000220b109a320, 0x00000220b109d160,
0x00000220b10ab5c0, 0x00000220b1062250, 0x000002210d01a950, 0x000002210d568ed0,
0x000002210d979450, 0x000002210d637e20, 0x000002210d5050e0, 0x000002210db959f0,
0x000002210ddee010, 0x000002210db8c100, 0x000002210d42b490, 0x000002210d42a770,
0x000002210d42c840, 0x000002210d42d560, 0x000002210d42a0e0, 0x000002210d42c1b0,
0x000002210d42ced0, 0x000002210d42ae00, 0x000002210d42bb20, 0x000002210f6b1bb0,
0x000002210f6b2f60, 0x000002210f6b4310, 0x000002210f6b3c80, 0x000002210f6b49a0,
0x000002210f6b2240, 0x000002210f6b35f0, 0x000002210f6b28d0, 0x000002210f6b1520,
0x000002210f0ce0f0, 0x000002210f0cb990, 0x000002210f0cd3d0, 0x000002210f0cda60,
0x000002210f0ce780, 0x000002210f0cc020, 0x000002210f0cc6b0, 0x000002210f0cb300,
0x000002210f52ea40, 0x000002210fba3940, 0x000002210fba32b0, 0x000002210fba11e0,
0x000002210fba3fd0, 0x000002210fba4660, 0x000002210fba1870, 0x000002210fba4cf0,
0x000002210fba2590, 0x000002210fba1f00, 0x000002210fba5a10, 0x000002210fba60a0,
0x000002210fba2c20, 0x000002210fba7450, 0x000002210fba6dc0, 0x000002210fba7ae0,
0x000002210fba8170, 0x000002211c7bfec0, 0x000002211c7c1900, 0x000002211c7c1f90,
0x000002211c7beb10
}

Java Threads: ( => current thread )
  0x00000220aebfb130 JavaThread "main"                              [_thread_blocked, id=9696, stack(0x00000084a7200000,0x00000084a7300000) (1024K)]
  0x00000220b108ff40 JavaThread "Reference Handler"          daemon [_thread_blocked, id=5280, stack(0x00000084a7600000,0x00000084a7700000) (1024K)]
  0x00000220b1092690 JavaThread "Finalizer"                  daemon [_thread_blocked, id=22280, stack(0x00000084a7700000,0x00000084a7800000) (1024K)]
  0x00000220b1096120 JavaThread "Signal Dispatcher"          daemon [_thread_blocked, id=19860, stack(0x00000084a7800000,0x00000084a7900000) (1024K)]
  0x00000220b1096d70 JavaThread "Attach Listener"            daemon [_thread_blocked, id=14224, stack(0x00000084a7900000,0x00000084a7a00000) (1024K)]
  0x00000220b10998d0 JavaThread "Service Thread"             daemon [_thread_blocked, id=1476, stack(0x00000084a7a00000,0x00000084a7b00000) (1024K)]
  0x00000220b109a320 JavaThread "Monitor Deflation Thread"   daemon [_thread_blocked, id=15916, stack(0x00000084a7b00000,0x00000084a7c00000) (1024K)]
  0x00000220b109d160 JavaThread "C2 CompilerThread0"         daemon [_thread_in_native, id=13996, stack(0x00000084a7c00000,0x00000084a7d00000) (1024K)]
  0x00000220b10ab5c0 JavaThread "C1 CompilerThread0"         daemon [_thread_blocked, id=25120, stack(0x00000084a7d00000,0x00000084a7e00000) (1024K)]
  0x00000220b1062250 JavaThread "Common-Cleaner"             daemon [_thread_blocked, id=21596, stack(0x00000084a7e00000,0x00000084a7f00000) (1024K)]
  0x000002210d01a950 JavaThread "Notification Thread"        daemon [_thread_blocked, id=10188, stack(0x00000084a8000000,0x00000084a8100000) (1024K)]
  0x000002210d568ed0 JavaThread "Active Thread: Equinox Container: 8600b7a9-5199-43ca-a583-b46d9c336fb5"        [_thread_blocked, id=2664, stack(0x00000084a8800000,0x00000084a8900000) (1024K)]
  0x000002210d979450 JavaThread "Refresh Thread: Equinox Container: 8600b7a9-5199-43ca-a583-b46d9c336fb5" daemon [_thread_blocked, id=2144, stack(0x00000084a7f00000,0x00000084a8000000) (1024K)]
  0x000002210d637e20 JavaThread "Framework Event Dispatcher: Equinox Container: 8600b7a9-5199-43ca-a583-b46d9c336fb5" daemon [_thread_blocked, id=2840, stack(0x00000084a8900000,0x00000084a8a00000) (1024K)]
  0x000002210d5050e0 JavaThread "Start Level: Equinox Container: 8600b7a9-5199-43ca-a583-b46d9c336fb5" daemon [_thread_blocked, id=24832, stack(0x00000084a8a00000,0x00000084a8b00000) (1024K)]
  0x000002210db959f0 JavaThread "Bundle File Closer"         daemon [_thread_blocked, id=12516, stack(0x00000084a8c00000,0x00000084a8d00000) (1024K)]
  0x000002210ddee010 JavaThread "SCR Component Actor"        daemon [_thread_blocked, id=22780, stack(0x00000084a8e00000,0x00000084a8f00000) (1024K)]
=>0x000002210db8c100 JavaThread "C2 CompilerThread1"         daemon [_thread_in_native, id=27612, stack(0x00000084a9000000,0x00000084a9100000) (1024K)]
  0x000002210d42b490 JavaThread "Worker-JM"                         [_thread_blocked, id=27816, stack(0x00000084a9100000,0x00000084a9200000) (1024K)]
  0x000002210d42a770 JavaThread "JNA Cleaner"                daemon [_thread_blocked, id=7940, stack(0x00000084a9200000,0x00000084a9300000) (1024K)]
  0x000002210d42c840 JavaThread "Worker-0: Building"                [_thread_blocked, id=1392, stack(0x00000084a9300000,0x00000084a9400000) (1024K)]
  0x000002210d42d560 JavaThread "Worker-1"                          [_thread_blocked, id=19344, stack(0x00000084a9400000,0x00000084a9500000) (1024K)]
  0x000002210d42a0e0 JavaThread "Java indexing"              daemon [_thread_in_Java, id=7108, stack(0x00000084a9500000,0x00000084a9600000) (1024K)]
  0x000002210d42c1b0 JavaThread "Worker-2"                          [_thread_blocked, id=19136, stack(0x00000084a9800000,0x00000084a9900000) (1024K)]
  0x000002210d42ced0 JavaThread "Worker-3"                          [_thread_blocked, id=17240, stack(0x00000084a9900000,0x00000084a9a00000) (1024K)]
  0x000002210d42ae00 JavaThread "Thread-2"                   daemon [_thread_in_native, id=23336, stack(0x00000084a9a00000,0x00000084a9b00000) (1024K)]
  0x000002210d42bb20 JavaThread "Thread-3"                   daemon [_thread_in_native, id=25856, stack(0x00000084a9b00000,0x00000084a9c00000) (1024K)]
  0x000002210f6b1bb0 JavaThread "Thread-4"                   daemon [_thread_in_native, id=29660, stack(0x00000084a9c00000,0x00000084a9d00000) (1024K)]
  0x000002210f6b2f60 JavaThread "Thread-5"                   daemon [_thread_in_native, id=23600, stack(0x00000084a9d00000,0x00000084a9e00000) (1024K)]
  0x000002210f6b4310 JavaThread "Thread-6"                   daemon [_thread_in_native, id=20516, stack(0x00000084a9e00000,0x00000084a9f00000) (1024K)]
  0x000002210f6b3c80 JavaThread "Thread-7"                   daemon [_thread_in_native, id=19100, stack(0x00000084a9f00000,0x00000084aa000000) (1024K)]
  0x000002210f6b49a0 JavaThread "Thread-8"                   daemon [_thread_in_native, id=17804, stack(0x00000084aa000000,0x00000084aa100000) (1024K)]
  0x000002210f6b2240 JavaThread "Thread-9"                   daemon [_thread_in_native, id=10764, stack(0x00000084aa100000,0x00000084aa200000) (1024K)]
  0x000002210f6b35f0 JavaThread "Thread-10"                  daemon [_thread_in_native, id=11084, stack(0x00000084aa200000,0x00000084aa300000) (1024K)]
  0x000002210f6b28d0 JavaThread "Thread-11"                  daemon [_thread_in_native, id=28440, stack(0x00000084aa300000,0x00000084aa400000) (1024K)]
  0x000002210f6b1520 JavaThread "Thread-12"                  daemon [_thread_in_native, id=16728, stack(0x00000084aa400000,0x00000084aa500000) (1024K)]
  0x000002210f0ce0f0 JavaThread "Thread-13"                  daemon [_thread_in_native, id=12084, stack(0x00000084aa500000,0x00000084aa600000) (1024K)]
  0x000002210f0cb990 JavaThread "Thread-14"                  daemon [_thread_in_native, id=7164, stack(0x00000084aa600000,0x00000084aa700000) (1024K)]
  0x000002210f0cd3d0 JavaThread "pool-2-thread-1"                   [_thread_blocked, id=15164, stack(0x00000084aa700000,0x00000084aa800000) (1024K)]
  0x000002210f0cda60 JavaThread "Worker-4: Java indexing... "        [_thread_blocked, id=8568, stack(0x00000084aa800000,0x00000084aa900000) (1024K)]
  0x000002210f0ce780 JavaThread "Worker-5"                          [_thread_blocked, id=6100, stack(0x00000084aa900000,0x00000084aaa00000) (1024K)]
  0x000002210f0cc020 JavaThread "WorkspaceEventsHandler"            [_thread_blocked, id=1740, stack(0x00000084aaa00000,0x00000084aab00000) (1024K)]
  0x000002210f0cc6b0 JavaThread "pool-1-thread-1"                   [_thread_blocked, id=2660, stack(0x00000084aab00000,0x00000084aac00000) (1024K)]
  0x000002210f0cb300 JavaThread "Worker-6"                          [_thread_blocked, id=7796, stack(0x00000084aac00000,0x00000084aad00000) (1024K)]
  0x000002210f52ea40 JavaThread "C2 CompilerThread2"         daemon [_thread_in_native, id=1456, stack(0x00000084aad00000,0x00000084aae00000) (1024K)]
  0x000002210fba3940 JavaThread "LocalFile Deleter"          daemon [_thread_blocked, id=15300, stack(0x00000084aae00000,0x00000084aaf00000) (1024K)]
  0x000002210fba32b0 JavaThread "LocalFile Deleter"          daemon [_thread_blocked, id=28148, stack(0x00000084aaf00000,0x00000084ab000000) (1024K)]
  0x000002210fba11e0 JavaThread "LocalFile Deleter"          daemon [_thread_blocked, id=6336, stack(0x00000084ab000000,0x00000084ab100000) (1024K)]
  0x000002210fba3fd0 JavaThread "LocalFile Deleter"          daemon [_thread_blocked, id=25420, stack(0x00000084ab100000,0x00000084ab200000) (1024K)]
  0x000002210fba4660 JavaThread "LocalFile Deleter"          daemon [_thread_blocked, id=27432, stack(0x00000084ab200000,0x00000084ab300000) (1024K)]
  0x000002210fba1870 JavaThread "Compiler Source File Reader" daemon [_thread_blocked, id=22500, stack(0x00000084ab300000,0x00000084ab400000) (1024K)]
  0x000002210fba4cf0 JavaThread "Compiler Source File Reader" daemon [_thread_blocked, id=24336, stack(0x00000084ab400000,0x00000084ab500000) (1024K)]
  0x000002210fba2590 JavaThread "Compiler Source File Reader" daemon [_thread_blocked, id=15460, stack(0x00000084ab500000,0x00000084ab600000) (1024K)]
  0x000002210fba1f00 JavaThread "Compiler Processing Task"   daemon [_thread_blocked, id=23020, stack(0x00000084ab600000,0x00000084ab700000) (1024K)]
  0x000002210fba5a10 JavaThread "Compiler Class File Writer" daemon [_thread_blocked, id=25748, stack(0x00000084a8f00000,0x00000084a9000000) (1024K)]
  0x000002210fba60a0 JavaThread "Compiler Class File Writer" daemon [_thread_blocked, id=14620, stack(0x00000084ab700000,0x00000084ab800000) (1024K)]
  0x000002210fba2c20 JavaThread "Compiler Class File Writer" daemon [_thread_blocked, id=20628, stack(0x00000084ab800000,0x00000084ab900000) (1024K)]
  0x000002210fba7450 JavaThread "Compiler Class File Writer" daemon [_thread_blocked, id=18096, stack(0x00000084ab900000,0x00000084aba00000) (1024K)]
  0x000002210fba6dc0 JavaThread "Compiler Source File Reader" daemon [_thread_blocked, id=3140, stack(0x00000084aba00000,0x00000084abb00000) (1024K)]
  0x000002210fba7ae0 JavaThread "Compiler Class File Writer" daemon [_thread_blocked, id=24228, stack(0x00000084abb00000,0x00000084abc00000) (1024K)]
  0x000002210fba8170 JavaThread "ParallelDescriptorResolver-0-0" daemon [_thread_in_native, id=16724, stack(0x00000084abc00000,0x00000084abd00000) (1024K)]
  0x000002211c7bfec0 JavaThread "ParallelDescriptorResolver-0-1" daemon [_thread_in_native, id=1448, stack(0x00000084abd00000,0x00000084abe00000) (1024K)]
  0x000002211c7c1900 JavaThread "ParallelDescriptorResolver-0-2" daemon [_thread_in_native, id=10296, stack(0x00000084abe00000,0x00000084abf00000) (1024K)]
  0x000002211c7c1f90 JavaThread "ParallelDescriptorResolver-0-3" daemon [_thread_in_native, id=524, stack(0x00000084abf00000,0x00000084ac000000) (1024K)]
  0x000002211c7beb10 JavaThread "ParallelDescriptorResolver-0-4" daemon [_thread_in_native, id=12740, stack(0x00000084ac000000,0x00000084ac100000) (1024K)]
Total: 65

Other Threads:
  0x00000220c53c3810 VMThread "VM Thread"                           [id=20640, stack(0x00000084a7500000,0x00000084a7600000) (1024K)]
  0x00000220c52bc8e0 WatcherThread "VM Periodic Task Thread"        [id=29500, stack(0x00000084a7400000,0x00000084a7500000) (1024K)]
  0x00000220b10128e0 WorkerThread "GC Thread#0"                     [id=12968, stack(0x00000084a7300000,0x00000084a7400000) (1024K)]
  0x000002210d36aec0 WorkerThread "GC Thread#1"                     [id=21456, stack(0x00000084a8200000,0x00000084a8300000) (1024K)]
  0x000002210d36f3a0 WorkerThread "GC Thread#2"                     [id=24292, stack(0x00000084a8300000,0x00000084a8400000) (1024K)]
  0x000002210d64e2a0 WorkerThread "GC Thread#3"                     [id=21148, stack(0x00000084a8400000,0x00000084a8500000) (1024K)]
  0x000002210d64e640 WorkerThread "GC Thread#4"                     [id=25904, stack(0x00000084a8500000,0x00000084a8600000) (1024K)]
  0x000002210d64e9e0 WorkerThread "GC Thread#5"                     [id=2524, stack(0x00000084a8600000,0x00000084a8700000) (1024K)]
  0x000002210d047060 WorkerThread "GC Thread#6"                     [id=15892, stack(0x00000084a8700000,0x00000084a8800000) (1024K)]
  0x000002210da7af90 WorkerThread "GC Thread#7"                     [id=19440, stack(0x00000084a8100000,0x00000084a8200000) (1024K)]
  0x000002210da7b330 WorkerThread "GC Thread#8"                     [id=6236, stack(0x00000084a8b00000,0x00000084a8c00000) (1024K)]
  0x000002210da7ba70 WorkerThread "GC Thread#9"                     [id=12112, stack(0x00000084a8d00000,0x00000084a8e00000) (1024K)]
Total: 12

Threads with active compile tasks:
C2 CompilerThread0  23074 9136       4       org.eclipse.jdt.internal.compiler.classfmt.MethodInfo::createMethod (710 bytes)
C2 CompilerThread1  23074 8973       4       java.lang.invoke.MethodHandleImpl::makePairwiseConvertByEditor (617 bytes)
C2 CompilerThread2  23074 9129       4       org.eclipse.jdt.internal.core.search.matching.SuperTypeReferencePattern::createIndexKey (619 bytes)
Total: 3

VM state: at safepoint (normal execution)

VM Mutex/Monitor currently owned by a thread:  ([mutex/lock_event])
[0x00007ff93843e380] Threads_lock - owner thread: 0x00000220c53c3810
[0x00007ff93843e480] Heap_lock - owner thread: 0x000002210d42a0e0

Heap address: 0x00000000c0000000, size: 1024 MB, Compressed Oops mode: 32-bit

CDS archive(s) mapped at: [0x00000220c6000000-0x00000220c6ba0000-0x00000220c6ba0000), size 12189696, SharedBaseAddress: 0x00000220c6000000, ArchiveRelocationMode: 1.
Compressed class space mapped at: 0x00000220c7000000-0x0000022107000000, reserved size: 1073741824
Narrow klass base: 0x00000220c6000000, Narrow klass shift: 0, Narrow klass range: 0x100000000

GC Precious Log:
 CardTable entry size: 512
 CPUs: 12 total, 12 available
 Memory: 16321M
 Large Page Support: Disabled
 NUMA Support: Disabled
 Compressed Oops: Enabled (32-bit)
 Alignments: Space 512K, Generation 512K, Heap 2M
 Heap Min Capacity: 100M
 Heap Initial Capacity: 100M
 Heap Max Capacity: 1G
 Pre-touch: Disabled
 Parallel Workers: 10

Heap:
 PSYoungGen      total 13824K, used 13794K [0x00000000eab00000, 0x00000000ebf80000, 0x0000000100000000)
  eden space 11776K, 100% used [0x00000000eab00000,0x00000000eb680000,0x00000000eb680000)
  from space 2048K, 98% used [0x00000000eb680000,0x00000000eb878af8,0x00000000eb880000)
  to   space 4608K, 28% used [0x00000000ebb00000,0x00000000ebc47618,0x00000000ebf80000)
 ParOldGen       total 106496K, used 106272K [0x00000000c0000000, 0x00000000c6800000, 0x00000000eab00000)
  object space 106496K, 99% used [0x00000000c0000000,0x00000000c67d15b0,0x00000000c6800000)
 Metaspace       used 57490K, committed 58688K, reserved 1114112K
  class space    used 5991K, committed 6528K, reserved 1048576K

Card table byte_map: [0x00000220b0990000,0x00000220b0ba0000] _byte_map_base: 0x00000220b0390000

Marking Bits: (ParMarkBitMap*) 0x00007ff938443260
 Begin Bits: [0x00000220c31e0000, 0x00000220c41e0000)
 End Bits:   [0x00000220c41e0000, 0x00000220c51e0000)

Polling page: 0x00000220aee20000

Metaspace:

Usage:
  Non-class:     50.29 MB used.
      Class:      5.85 MB used.
       Both:     56.14 MB used.

Virtual space:
  Non-class space:       64.00 MB reserved,      50.94 MB ( 80%) committed,  1 nodes.
      Class space:        1.00 GB reserved,       6.38 MB ( <1%) committed,  1 nodes.
             Both:        1.06 GB reserved,      57.31 MB (  5%) committed. 

Chunk freelists:
   Non-Class:  13.00 MB
       Class:  9.61 MB
        Both:  22.61 MB

MaxMetaspaceSize: unlimited
CompressedClassSpaceSize: 1.00 GB
Initial GC threshold: 21.00 MB
Current GC threshold: 58.88 MB
CDS: on
 - commit_granule_bytes: 65536.
 - commit_granule_words: 8192.
 - virtual_space_node_default_size: 8388608.
 - enlarge_chunks_in_place: 1.
 - use_allocation_guard: 0.


Internal statistics:

num_allocs_failed_limit: 10.
num_arena_births: 1100.
num_arena_deaths: 14.
num_vsnodes_births: 2.
num_vsnodes_deaths: 0.
num_space_committed: 917.
num_space_uncommitted: 0.
num_chunks_returned_to_freelist: 24.
num_chunks_taken_from_freelist: 3808.
num_chunk_merges: 13.
num_chunk_splits: 2311.
num_chunks_enlarged: 1270.
num_inconsistent_stats: 0.

CodeHeap 'non-profiled nmethods': size=120000Kb used=5284Kb max_used=5284Kb free=114715Kb
 bounds [0x00000220bbcb0000, 0x00000220bc1e0000, 0x00000220c31e0000]
CodeHeap 'profiled nmethods': size=120000Kb used=18304Kb max_used=18304Kb free=101695Kb
 bounds [0x00000220b41e0000, 0x00000220b53d0000, 0x00000220bb710000]
CodeHeap 'non-nmethods': size=5760Kb used=1413Kb max_used=1557Kb free=4346Kb
 bounds [0x00000220bb710000, 0x00000220bb980000, 0x00000220bbcb0000]
 total_blobs=9282 nmethods=8557 adapters=631
 compilation: enabled
              stopped_count=0, restarted_count=0
 full_count=0

Compilation events (20 events):
Event: 18.965 Thread 0x00000220b10ab5c0 nmethod 9123 0x00000220b53aff90 code [0x00000220b53b0160, 0x00000220b53b0458]
Event: 18.965 Thread 0x00000220b109d160 nmethod 9117 0x00000220bc1d1890 code [0x00000220bc1d1a60, 0x00000220bc1d21f8]
Event: 18.966 Thread 0x00000220b10ab5c0 9124       1       org.apache.maven.model.building.ModelData::getRawModel (5 bytes)
Event: 18.966 Thread 0x00000220b10ab5c0 nmethod 9124 0x00000220bc1d2490 code [0x00000220bc1d2620, 0x00000220bc1d26e8]
Event: 18.967 Thread 0x00000220b10ab5c0 9125       3       java.util.Spliterators$IteratorSpliterator::forEachRemaining (58 bytes)
Event: 18.967 Thread 0x00000220b10ab5c0 nmethod 9125 0x00000220b53b0610 code [0x00000220b53b0800, 0x00000220b53b0ce8]
Event: 18.968 Thread 0x000002210f52ea40 nmethod 9122 0x00000220bc1d2790 code [0x00000220bc1d2960, 0x00000220bc1d2e18]
Event: 18.968 Thread 0x00000220b10ab5c0 9126       3       java.util.regex.Pattern::createGroup (86 bytes)
Event: 18.969 Thread 0x00000220b10ab5c0 nmethod 9126 0x00000220b53b0e90 code [0x00000220b53b1080, 0x00000220b53b1728]
Event: 18.970 Thread 0x00000220b10ab5c0 9127       3       org.apache.maven.model.io.xpp3.MavenXpp3Reader::parseDependency (486 bytes)
Event: 18.971 Thread 0x00000220b109d160 9128       4       org.codehaus.plexus.util.xml.Xpp3Dom::getAttributeNames (45 bytes)
Event: 18.973 Thread 0x00000220b10ab5c0 nmethod 9127 0x00000220b53b1990 code [0x00000220b53b2020, 0x00000220b53b4f88]
Event: 18.974 Thread 0x00000220b109d160 nmethod 9128 0x00000220bc1d3090 code [0x00000220bc1d3260, 0x00000220bc1d34e8]
Event: 18.976 Thread 0x000002210f52ea40 9129       4       org.eclipse.jdt.internal.core.search.matching.SuperTypeReferencePattern::createIndexKey (619 bytes)
Event: 18.979 Thread 0x00000220b10ab5c0 9130       3       java.io.File::length (33 bytes)
Event: 18.979 Thread 0x00000220b10ab5c0 nmethod 9130 0x00000220b53b6310 code [0x00000220b53b64e0, 0x00000220b53b67b0]
Event: 18.980 Thread 0x00000220b10ab5c0 9131   !   3       java.io.WinNTFileSystem::getLength (27 bytes)
Event: 18.980 Thread 0x00000220b10ab5c0 nmethod 9131 0x00000220b53b6910 code [0x00000220b53b6ae0, 0x00000220b53b6d00]
Event: 18.991 Thread 0x00000220b10ab5c0 9132       3       org.eclipse.core.runtime.jobs.Job::getJobManager (4 bytes)
Event: 18.992 Thread 0x00000220b109d160 9135   !   4       org.codehaus.plexus.util.xml.pull.MXParser::parseComment (590 bytes)

GC Heap History (20 events):
Event: 16.445 GC heap before
{Heap before GC invocations=47 (full 2):
 PSYoungGen      total 15360K, used 15019K [0x00000000eab00000, 0x00000000ebc80000, 0x0000000100000000)
  eden space 12800K, 100% used [0x00000000eab00000,0x00000000eb780000,0x00000000eb780000)
  from space 2560K, 86% used [0x00000000eba00000,0x00000000ebc2aef8,0x00000000ebc80000)
  to   space 2560K, 0% used [0x00000000eb780000,0x00000000eb780000,0x00000000eba00000)
 ParOldGen       total 82432K, used 82229K [0x00000000c0000000, 0x00000000c5080000, 0x00000000eab00000)
  object space 82432K, 99% used [0x00000000c0000000,0x00000000c504d5a8,0x00000000c5080000)
 Metaspace       used 52680K, committed 53888K, reserved 1114112K
  class space    used 5568K, committed 6080K, reserved 1048576K
}
Event: 16.447 GC heap after
{Heap after GC invocations=47 (full 2):
 PSYoungGen      total 15360K, used 2163K [0x00000000eab00000, 0x00000000ebc80000, 0x0000000100000000)
  eden space 12800K, 0% used [0x00000000eab00000,0x00000000eab00000,0x00000000eb780000)
  from space 2560K, 84% used [0x00000000eb780000,0x00000000eb99ce90,0x00000000eba00000)
  to   space 2560K, 0% used [0x00000000eba00000,0x00000000eba00000,0x00000000ebc80000)
 ParOldGen       total 84480K, used 84282K [0x00000000c0000000, 0x00000000c5280000, 0x00000000eab00000)
  object space 84480K, 99% used [0x00000000c0000000,0x00000000c524e948,0x00000000c5280000)
 Metaspace       used 52680K, committed 53888K, reserved 1114112K
  class space    used 5568K, committed 6080K, reserved 1048576K
}
Event: 16.658 GC heap before
{Heap before GC invocations=48 (full 2):
 PSYoungGen      total 15360K, used 14963K [0x00000000eab00000, 0x00000000ebc80000, 0x0000000100000000)
  eden space 12800K, 100% used [0x00000000eab00000,0x00000000eb780000,0x00000000eb780000)
  from space 2560K, 84% used [0x00000000eb780000,0x00000000eb99ce90,0x00000000eba00000)
  to   space 2560K, 0% used [0x00000000eba00000,0x00000000eba00000,0x00000000ebc80000)
 ParOldGen       total 84480K, used 84282K [0x00000000c0000000, 0x00000000c5280000, 0x00000000eab00000)
  object space 84480K, 99% used [0x00000000c0000000,0x00000000c524e948,0x00000000c5280000)
 Metaspace       used 53112K, committed 54272K, reserved 1114112K
  class space    used 5605K, committed 6080K, reserved 1048576K
}
Event: 16.660 GC heap after
{Heap after GC invocations=48 (full 2):
 PSYoungGen      total 14336K, used 1440K [0x00000000eab00000, 0x00000000ebb80000, 0x0000000100000000)
  eden space 12800K, 0% used [0x00000000eab00000,0x00000000eab00000,0x00000000eb780000)
  from space 1536K, 93% used [0x00000000eba00000,0x00000000ebb68000,0x00000000ebb80000)
  to   space 2048K, 0% used [0x00000000eb780000,0x00000000eb780000,0x00000000eb980000)
 ParOldGen       total 86528K, used 86343K [0x00000000c0000000, 0x00000000c5480000, 0x00000000eab00000)
  object space 86528K, 99% used [0x00000000c0000000,0x00000000c5451e88,0x00000000c5480000)
 Metaspace       used 53112K, committed 54272K, reserved 1114112K
  class space    used 5605K, committed 6080K, reserved 1048576K
}
Event: 16.753 GC heap before
{Heap before GC invocations=49 (full 2):
 PSYoungGen      total 14336K, used 14240K [0x00000000eab00000, 0x00000000ebb80000, 0x0000000100000000)
  eden space 12800K, 100% used [0x00000000eab00000,0x00000000eb780000,0x00000000eb780000)
  from space 1536K, 93% used [0x00000000eba00000,0x00000000ebb68000,0x00000000ebb80000)
  to   space 2048K, 0% used [0x00000000eb780000,0x00000000eb780000,0x00000000eb980000)
 ParOldGen       total 86528K, used 86343K [0x00000000c0000000, 0x00000000c5480000, 0x00000000eab00000)
  object space 86528K, 99% used [0x00000000c0000000,0x00000000c5451e88,0x00000000c5480000)
 Metaspace       used 53510K, committed 54720K, reserved 1114112K
  class space    used 5633K, committed 6144K, reserved 1048576K
}
Event: 16.755 GC heap after
{Heap after GC invocations=49 (full 2):
 PSYoungGen      total 14848K, used 2020K [0x00000000eab00000, 0x00000000ec180000, 0x0000000100000000)
  eden space 12800K, 0% used [0x00000000eab00000,0x00000000eab00000,0x00000000eb780000)
  from space 2048K, 98% used [0x00000000eb780000,0x00000000eb9793d0,0x00000000eb980000)
  to   space 5120K, 0% used [0x00000000ebc80000,0x00000000ebc80000,0x00000000ec180000)
 ParOldGen       total 89088K, used 88674K [0x00000000c0000000, 0x00000000c5700000, 0x00000000eab00000)
  object space 89088K, 99% used [0x00000000c0000000,0x00000000c5698910,0x00000000c5700000)
 Metaspace       used 53510K, committed 54720K, reserved 1114112K
  class space    used 5633K, committed 6144K, reserved 1048576K
}
Event: 17.097 GC heap before
{Heap before GC invocations=50 (full 2):
 PSYoungGen      total 14848K, used 14820K [0x00000000eab00000, 0x00000000ec180000, 0x0000000100000000)
  eden space 12800K, 100% used [0x00000000eab00000,0x00000000eb780000,0x00000000eb780000)
  from space 2048K, 98% used [0x00000000eb780000,0x00000000eb9793d0,0x00000000eb980000)
  to   space 5120K, 0% used [0x00000000ebc80000,0x00000000ebc80000,0x00000000ec180000)
 ParOldGen       total 89088K, used 88674K [0x00000000c0000000, 0x00000000c5700000, 0x00000000eab00000)
  object space 89088K, 99% used [0x00000000c0000000,0x00000000c5698910,0x00000000c5700000)
 Metaspace       used 54532K, committed 55744K, reserved 1114112K
  class space    used 5704K, committed 6208K, reserved 1048576K
}
Event: 17.099 GC heap after
{Heap after GC invocations=50 (full 2):
 PSYoungGen      total 15872K, used 2851K [0x00000000eab00000, 0x00000000ebf80000, 0x0000000100000000)
  eden space 12800K, 0% used [0x00000000eab00000,0x00000000eab00000,0x00000000eb780000)
  from space 3072K, 92% used [0x00000000ebc80000,0x00000000ebf48ef0,0x00000000ebf80000)
  to   space 3584K, 0% used [0x00000000eb880000,0x00000000eb880000,0x00000000ebc00000)
 ParOldGen       total 91136K, used 90704K [0x00000000c0000000, 0x00000000c5900000, 0x00000000eab00000)
  object space 91136K, 99% used [0x00000000c0000000,0x00000000c58942a0,0x00000000c5900000)
 Metaspace       used 54532K, committed 55744K, reserved 1114112K
  class space    used 5704K, committed 6208K, reserved 1048576K
}
Event: 17.287 GC heap before
{Heap before GC invocations=51 (full 2):
 PSYoungGen      total 15872K, used 15651K [0x00000000eab00000, 0x00000000ebf80000, 0x0000000100000000)
  eden space 12800K, 100% used [0x00000000eab00000,0x00000000eb780000,0x00000000eb780000)
  from space 3072K, 92% used [0x00000000ebc80000,0x00000000ebf48ef0,0x00000000ebf80000)
  to   space 3584K, 0% used [0x00000000eb880000,0x00000000eb880000,0x00000000ebc00000)
 ParOldGen       total 91136K, used 90704K [0x00000000c0000000, 0x00000000c5900000, 0x00000000eab00000)
  object space 91136K, 99% used [0x00000000c0000000,0x00000000c58942a0,0x00000000c5900000)
 Metaspace       used 54987K, committed 56256K, reserved 1114112K
  class space    used 5742K, committed 6272K, reserved 1048576K
}
Event: 17.290 GC heap after
{Heap after GC invocations=51 (full 2):
 PSYoungGen      total 15360K, used 2338K [0x00000000eab00000, 0x00000000ebd80000, 0x0000000100000000)
  eden space 12800K, 0% used [0x00000000eab00000,0x00000000eab00000,0x00000000eb780000)
  from space 2560K, 91% used [0x00000000eb880000,0x00000000ebac8a08,0x00000000ebb00000)
  to   space 2560K, 0% used [0x00000000ebb00000,0x00000000ebb00000,0x00000000ebd80000)
 ParOldGen       total 93696K, used 93409K [0x00000000c0000000, 0x00000000c5b80000, 0x00000000eab00000)
  object space 93696K, 99% used [0x00000000c0000000,0x00000000c5b38530,0x00000000c5b80000)
 Metaspace       used 54987K, committed 56256K, reserved 1114112K
  class space    used 5742K, committed 6272K, reserved 1048576K
}
Event: 17.443 GC heap before
{Heap before GC invocations=52 (full 2):
 PSYoungGen      total 15360K, used 15138K [0x00000000eab00000, 0x00000000ebd80000, 0x0000000100000000)
  eden space 12800K, 100% used [0x00000000eab00000,0x00000000eb780000,0x00000000eb780000)
  from space 2560K, 91% used [0x00000000eb880000,0x00000000ebac8a08,0x00000000ebb00000)
  to   space 2560K, 0% used [0x00000000ebb00000,0x00000000ebb00000,0x00000000ebd80000)
 ParOldGen       total 93696K, used 93409K [0x00000000c0000000, 0x00000000c5b80000, 0x00000000eab00000)
  object space 93696K, 99% used [0x00000000c0000000,0x00000000c5b38530,0x00000000c5b80000)
 Metaspace       used 55591K, committed 56832K, reserved 1114112K
  class space    used 5819K, committed 6336K, reserved 1048576K
}
Event: 17.446 GC heap after
{Heap after GC invocations=52 (full 2):
 PSYoungGen      total 15360K, used 2510K [0x00000000eab00000, 0x00000000ebd80000, 0x0000000100000000)
  eden space 12800K, 0% used [0x00000000eab00000,0x00000000eab00000,0x00000000eb780000)
  from space 2560K, 98% used [0x00000000ebb00000,0x00000000ebd73880,0x00000000ebd80000)
  to   space 2560K, 0% used [0x00000000eb880000,0x00000000eb880000,0x00000000ebb00000)
 ParOldGen       total 95744K, used 95471K [0x00000000c0000000, 0x00000000c5d80000, 0x00000000eab00000)
  object space 95744K, 99% used [0x00000000c0000000,0x00000000c5d3bec8,0x00000000c5d80000)
 Metaspace       used 55591K, committed 56832K, reserved 1114112K
  class space    used 5819K, committed 6336K, reserved 1048576K
}
Event: 17.863 GC heap before
{Heap before GC invocations=53 (full 2):
 PSYoungGen      total 15360K, used 15310K [0x00000000eab00000, 0x00000000ebd80000, 0x0000000100000000)
  eden space 12800K, 100% used [0x00000000eab00000,0x00000000eb780000,0x00000000eb780000)
  from space 2560K, 98% used [0x00000000ebb00000,0x00000000ebd73880,0x00000000ebd80000)
  to   space 2560K, 0% used [0x00000000eb880000,0x00000000eb880000,0x00000000ebb00000)
 ParOldGen       total 95744K, used 95471K [0x00000000c0000000, 0x00000000c5d80000, 0x00000000eab00000)
  object space 95744K, 99% used [0x00000000c0000000,0x00000000c5d3bec8,0x00000000c5d80000)
 Metaspace       used 55976K, committed 57152K, reserved 1114112K
  class space    used 5845K, committed 6336K, reserved 1048576K
}
Event: 17.866 GC heap after
{Heap after GC invocations=53 (full 2):
 PSYoungGen      total 15360K, used 2509K [0x00000000eab00000, 0x00000000ebc80000, 0x0000000100000000)
  eden space 12800K, 0% used [0x00000000eab00000,0x00000000eab00000,0x00000000eb780000)
  from space 2560K, 98% used [0x00000000eb880000,0x00000000ebaf3460,0x00000000ebb00000)
  to   space 1536K, 0% used [0x00000000ebb00000,0x00000000ebb00000,0x00000000ebc80000)
 ParOldGen       total 97792K, used 97749K [0x00000000c0000000, 0x00000000c5f80000, 0x00000000eab00000)
  object space 97792K, 99% used [0x00000000c0000000,0x00000000c5f75490,0x00000000c5f80000)
 Metaspace       used 55976K, committed 57152K, reserved 1114112K
  class space    used 5845K, committed 6336K, reserved 1048576K
}
Event: 18.257 GC heap before
{Heap before GC invocations=54 (full 2):
 PSYoungGen      total 15360K, used 15309K [0x00000000eab00000, 0x00000000ebc80000, 0x0000000100000000)
  eden space 12800K, 100% used [0x00000000eab00000,0x00000000eb780000,0x00000000eb780000)
  from space 2560K, 98% used [0x00000000eb880000,0x00000000ebaf3460,0x00000000ebb00000)
  to   space 1536K, 0% used [0x00000000ebb00000,0x00000000ebb00000,0x00000000ebc80000)
 ParOldGen       total 97792K, used 97749K [0x00000000c0000000, 0x00000000c5f80000, 0x00000000eab00000)
  object space 97792K, 99% used [0x00000000c0000000,0x00000000c5f75490,0x00000000c5f80000)
 Metaspace       used 56626K, committed 57856K, reserved 1114112K
  class space    used 5910K, committed 6400K, reserved 1048576K
}
Event: 18.261 GC heap after
{Heap after GC invocations=54 (full 2):
 PSYoungGen      total 13312K, used 1507K [0x00000000eab00000, 0x00000000ec080000, 0x0000000100000000)
  eden space 11776K, 0% used [0x00000000eab00000,0x00000000eab00000,0x00000000eb680000)
  from space 1536K, 98% used [0x00000000ebb00000,0x00000000ebc78eb0,0x00000000ebc80000)
  to   space 4608K, 0% used [0x00000000eb680000,0x00000000eb680000,0x00000000ebb00000)
 ParOldGen       total 100352K, used 100242K [0x00000000c0000000, 0x00000000c6200000, 0x00000000eab00000)
  object space 100352K, 99% used [0x00000000c0000000,0x00000000c61e49f8,0x00000000c6200000)
 Metaspace       used 56626K, committed 57856K, reserved 1114112K
  class space    used 5910K, committed 6400K, reserved 1048576K
}
Event: 18.600 GC heap before
{Heap before GC invocations=55 (full 2):
 PSYoungGen      total 13312K, used 13282K [0x00000000eab00000, 0x00000000ec080000, 0x0000000100000000)
  eden space 11776K, 99% used [0x00000000eab00000,0x00000000eb67fb18,0x00000000eb680000)
  from space 1536K, 98% used [0x00000000ebb00000,0x00000000ebc78eb0,0x00000000ebc80000)
  to   space 4608K, 0% used [0x00000000eb680000,0x00000000eb680000,0x00000000ebb00000)
 ParOldGen       total 100352K, used 100242K [0x00000000c0000000, 0x00000000c6200000, 0x00000000eab00000)
  object space 100352K, 99% used [0x00000000c0000000,0x00000000c61e49f8,0x00000000c6200000)
 Metaspace       used 57238K, committed 58432K, reserved 1114112K
  class space    used 5986K, committed 6464K, reserved 1048576K
}
Event: 18.603 GC heap after
{Heap after GC invocations=55 (full 2):
 PSYoungGen      total 13824K, used 1645K [0x00000000eab00000, 0x00000000ebb80000, 0x0000000100000000)
  eden space 11776K, 0% used [0x00000000eab00000,0x00000000eab00000,0x00000000eb680000)
  from space 2048K, 80% used [0x00000000eb680000,0x00000000eb81b6d8,0x00000000eb880000)
  to   space 2560K, 0% used [0x00000000eb900000,0x00000000eb900000,0x00000000ebb80000)
 ParOldGen       total 101888K, used 101672K [0x00000000c0000000, 0x00000000c6380000, 0x00000000eab00000)
  object space 101888K, 99% used [0x00000000c0000000,0x00000000c634a178,0x00000000c6380000)
 Metaspace       used 57238K, committed 58432K, reserved 1114112K
  class space    used 5986K, committed 6464K, reserved 1048576K
}
Event: 18.883 GC heap before
{Heap before GC invocations=56 (full 2):
 PSYoungGen      total 13824K, used 13421K [0x00000000eab00000, 0x00000000ebb80000, 0x0000000100000000)
  eden space 11776K, 100% used [0x00000000eab00000,0x00000000eb680000,0x00000000eb680000)
  from space 2048K, 80% used [0x00000000eb680000,0x00000000eb81b6d8,0x00000000eb880000)
  to   space 2560K, 0% used [0x00000000eb900000,0x00000000eb900000,0x00000000ebb80000)
 ParOldGen       total 101888K, used 101672K [0x00000000c0000000, 0x00000000c6380000, 0x00000000eab00000)
  object space 101888K, 99% used [0x00000000c0000000,0x00000000c634a178,0x00000000c6380000)
 Metaspace       used 57450K, committed 58688K, reserved 1114112K
  class space    used 5990K, committed 6528K, reserved 1048576K
}
Event: 18.886 GC heap after
{Heap after GC invocations=56 (full 2):
 PSYoungGen      total 13824K, used 1903K [0x00000000eab00000, 0x00000000ebb00000, 0x0000000100000000)
  eden space 11776K, 0% used [0x00000000eab00000,0x00000000eab00000,0x00000000eb680000)
  from space 2048K, 92% used [0x00000000eb900000,0x00000000ebadbf30,0x00000000ebb00000)
  to   space 2048K, 0% used [0x00000000eb680000,0x00000000eb680000,0x00000000eb880000)
 ParOldGen       total 103424K, used 103029K [0x00000000c0000000, 0x00000000c6500000, 0x00000000eab00000)
  object space 103424K, 99% used [0x00000000c0000000,0x00000000c649d700,0x00000000c6500000)
 Metaspace       used 57450K, committed 58688K, reserved 1114112K
  class space    used 5990K, committed 6528K, reserved 1048576K
}

Dll operation events (10 events):
Event: 0.012 Loaded shared library c:\Users\asadr\.vscode\extensions\redhat.java-1.41.1-win32-x64\jre\21.0.6-win32-x86_64\bin\java.dll
Event: 0.109 Loaded shared library c:\Users\asadr\.vscode\extensions\redhat.java-1.41.1-win32-x64\jre\21.0.6-win32-x86_64\bin\zip.dll
Event: 0.142 Loaded shared library C:\Users\asadr\.vscode\extensions\redhat.java-1.41.1-win32-x64\jre\21.0.6-win32-x86_64\bin\instrument.dll
Event: 0.150 Loaded shared library C:\Users\asadr\.vscode\extensions\redhat.java-1.41.1-win32-x64\jre\21.0.6-win32-x86_64\bin\net.dll
Event: 0.153 Loaded shared library C:\Users\asadr\.vscode\extensions\redhat.java-1.41.1-win32-x64\jre\21.0.6-win32-x86_64\bin\nio.dll
Event: 0.158 Loaded shared library C:\Users\asadr\.vscode\extensions\redhat.java-1.41.1-win32-x64\jre\21.0.6-win32-x86_64\bin\zip.dll
Event: 0.189 Loaded shared library C:\Users\asadr\.vscode\extensions\redhat.java-1.41.1-win32-x64\jre\21.0.6-win32-x86_64\bin\jimage.dll
Event: 0.320 Loaded shared library c:\Users\asadr\.vscode\extensions\redhat.java-1.41.1-win32-x64\jre\21.0.6-win32-x86_64\bin\verify.dll
Event: 4.299 Loaded shared library C:\Users\asadr\AppData\Roaming\Code\User\globalStorage\redhat.java\1.41.1\config_win\org.eclipse.equinox.launcher\org.eclipse.equinox.launcher.win32.win32.x86_64_1.2.1300.v20250331-1702\eclipse_11911.dll
Event: 11.473 Loaded shared library C:\Users\asadr\AppData\Local\Temp\jna-93103933\jna13551501714752089022.dll

Deoptimization events (20 events):
Event: 18.887 Thread 0x000002211c7bfec0 DEOPT PACKING pc=0x00000220bc173864 sp=0x00000084abdfe780
Event: 18.887 Thread 0x000002211c7bfec0 DEOPT UNPACKING pc=0x00000220bb763aa2 sp=0x00000084abdfe6f8 mode 2
Event: 18.888 Thread 0x000002211c7c1f90 Uncommon trap: trap_request=0xffffffc6 fr.pc=0x00000220bc177aa8 relative=0x0000000000000d08
Event: 18.888 Thread 0x000002211c7c1f90 Uncommon trap: reason=bimorphic_or_optimized_type_check action=maybe_recompile pc=0x00000220bc177aa8 method=java.util.concurrent.ConcurrentHashMap.putVal(Ljava/lang/Object;Ljava/lang/Object;Z)Ljava/lang/Object; @ 242 c2
Event: 18.888 Thread 0x000002211c7c1f90 DEOPT PACKING pc=0x00000220bc177aa8 sp=0x00000084abffe500
Event: 18.888 Thread 0x000002211c7c1f90 DEOPT UNPACKING pc=0x00000220bb763aa2 sp=0x00000084abffe470 mode 2
Event: 18.921 Thread 0x000002211c7bfec0 Uncommon trap: trap_request=0xffffff45 fr.pc=0x00000220bc1c3d18 relative=0x00000000000000d8
Event: 18.921 Thread 0x000002211c7bfec0 Uncommon trap: reason=unstable_if action=reinterpret pc=0x00000220bc1c3d18 method=org.apache.maven.model.io.xpp3.MavenXpp3Reader.nextTag(Lorg/codehaus/plexus/util/xml/pull/XmlPullParser;)I @ 9 c2
Event: 18.921 Thread 0x000002211c7bfec0 DEOPT PACKING pc=0x00000220bc1c3d18 sp=0x00000084abdfe7d0
Event: 18.921 Thread 0x000002211c7bfec0 DEOPT UNPACKING pc=0x00000220bb763aa2 sp=0x00000084abdfe760 mode 2
Event: 18.959 Thread 0x000002210fba8170 Uncommon trap: trap_request=0xffffff45 fr.pc=0x00000220bc1d00d8 relative=0x0000000000000dd8
Event: 18.959 Thread 0x000002210fba8170 Uncommon trap: reason=unstable_if action=reinterpret pc=0x00000220bc1d00d8 method=org.codehaus.plexus.util.xml.pull.MXParser.nextImpl()I @ 925 c2
Event: 18.959 Thread 0x000002210fba8170 DEOPT PACKING pc=0x00000220bc1d00d8 sp=0x00000084abcfe2b0
Event: 18.959 Thread 0x000002210fba8170 DEOPT UNPACKING pc=0x00000220bb763aa2 sp=0x00000084abcfe230 mode 2
Event: 18.999 Thread 0x000002211c7c1900 Uncommon trap: trap_request=0xffffffc6 fr.pc=0x00000220bc177aa8 relative=0x0000000000000d08
Event: 23.032 Thread 0x000002211c7c1f90 DEOPT PACKING pc=0x00000220b532e6cd sp=0x00000084abffe150
Event: 23.032 Thread 0x000002211c7c1900 Uncommon trap: reason=bimorphic_or_optimized_type_check action=maybe_recompile pc=0x00000220bc177aa8 method=java.util.concurrent.ConcurrentHashMap.putVal(Ljava/lang/Object;Ljava/lang/Object;Z)Ljava/lang/Object; @ 242 c2
Event: 23.032 Thread 0x000002211c7bfec0 DEOPT PACKING pc=0x00000220b532e6cd sp=0x00000084abdfe2a0
Event: 23.032 Thread 0x000002211c7c1f90 DEOPT UNPACKING pc=0x00000220bb764242 sp=0x00000084abffd690 mode 0
Event: 23.032 Thread 0x000002211c7bfec0 DEOPT UNPACKING pc=0x00000220bb764242 sp=0x00000084abdfd7d8 mode 0

Classes loaded (20 events):
Event: 17.389 Loading class java/util/stream/IntStream done
Event: 17.389 Loading class java/util/stream/IntPipeline done
Event: 17.389 Loading class java/util/stream/IntPipeline$StatelessOp done
Event: 17.389 Loading class java/util/stream/ReferencePipeline$4 done
Event: 17.390 Loading class java/util/stream/Nodes$IntFixedNodeBuilder
Event: 17.390 Loading class java/util/stream/Node$Builder$OfInt
Event: 17.390 Loading class java/util/stream/Sink$OfInt
Event: 17.390 Loading class java/util/stream/Sink$OfInt done
Event: 17.390 Loading class java/util/stream/Node$Builder$OfInt done
Event: 17.390 Loading class java/util/stream/Nodes$IntArrayNode
Event: 17.390 Loading class java/util/stream/Nodes$IntArrayNode done
Event: 17.390 Loading class java/util/stream/Nodes$IntFixedNodeBuilder done
Event: 17.390 Loading class java/util/stream/ReferencePipeline$4$1
Event: 17.391 Loading class java/util/stream/ReferencePipeline$4$1 done
Event: 18.257 Loading class java/util/stream/IntPipeline$Head
Event: 18.261 Loading class java/util/stream/IntPipeline$Head done
Event: 18.472 Loading class java/util/stream/Streams$RangeIntSpliterator
Event: 18.473 Loading class java/util/stream/Streams$RangeIntSpliterator done
Event: 18.658 Loading class sun/nio/cs/ISO_8859_1$Decoder
Event: 18.664 Loading class sun/nio/cs/ISO_8859_1$Decoder done

Classes unloaded (7 events):
Event: 12.046 Thread 0x00000220c53c3810 Unloading class 0x00000220c7198c00 'java/lang/invoke/LambdaForm$MH+0x00000220c7198c00'
Event: 12.046 Thread 0x00000220c53c3810 Unloading class 0x00000220c7198800 'java/lang/invoke/LambdaForm$MH+0x00000220c7198800'
Event: 12.046 Thread 0x00000220c53c3810 Unloading class 0x00000220c7198400 'java/lang/invoke/LambdaForm$MH+0x00000220c7198400'
Event: 12.046 Thread 0x00000220c53c3810 Unloading class 0x00000220c7198000 'java/lang/invoke/LambdaForm$MH+0x00000220c7198000'
Event: 12.046 Thread 0x00000220c53c3810 Unloading class 0x00000220c7197c00 'java/lang/invoke/LambdaForm$BMH+0x00000220c7197c00'
Event: 12.046 Thread 0x00000220c53c3810 Unloading class 0x00000220c7197800 'java/lang/invoke/LambdaForm$DMH+0x00000220c7197800'
Event: 12.046 Thread 0x00000220c53c3810 Unloading class 0x00000220c7196400 'java/lang/invoke/LambdaForm$DMH+0x00000220c7196400'

Classes redefined (0 events):
No events

Internal exceptions (20 events):
Event: 15.227 Thread 0x000002210d42ced0 Exception <a 'java/lang/NoClassDefFoundError'{0x00000000eb87dc18}: com/google/inject/servlet/ServletModuleTargetVisitor> (0x00000000eb87dc18) 
thrown [s\src\hotspot\share\classfile\systemDictionary.cpp, line 301]
Event: 15.443 Thread 0x000002210d42c840 Exception <a 'sun/nio/fs/WindowsException'{0x00000000ebbdb620}> (0x00000000ebbdb620) 
thrown [s\src\hotspot\share\prims\jni.cpp, line 520]
Event: 15.453 Thread 0x000002210fba3940 Exception <a 'sun/nio/fs/WindowsException'{0x00000000eab51708}> (0x00000000eab51708) 
thrown [s\src\hotspot\share\prims\jni.cpp, line 520]
Event: 15.454 Thread 0x000002210fba32b0 Exception <a 'sun/nio/fs/WindowsException'{0x00000000eab9dae0}> (0x00000000eab9dae0) 
thrown [s\src\hotspot\share\prims\jni.cpp, line 520]
Event: 15.682 Thread 0x000002210f0cc6b0 Exception <a 'java/lang/IncompatibleClassChangeError'{0x00000000eab27c90}: Found class java.lang.Object, but interface was expected> (0x00000000eab27c90) 
thrown [s\src\hotspot\share\interpreter\linkResolver.cpp, line 840]
Event: 16.953 Thread 0x000002210d42c840 Exception <a 'java/lang/NoSuchMethodError'{0x00000000eb289cc0}: 'int java.lang.invoke.DirectMethodHandle$Holder.invokeSpecialIFC(java.lang.Object, java.lang.Object, java.lang.Object)'> (0x00000000eb289cc0) 
thrown [s\src\hotspot\share\interpreter\linkResolver.cpp, line 773]
Event: 17.326 Thread 0x000002210fba1f00 Exception <a 'java/lang/NoSuchMethodError'{0x00000000eb235f98}: 'void java.lang.invoke.DirectMethodHandle$Holder.invokeStatic(java.lang.Object, int, java.lang.Object)'> (0x00000000eb235f98) 
thrown [s\src\hotspot\share\interpreter\linkResolver.cpp, line 773]
Event: 17.377 Thread 0x000002210d42c840 Exception <a 'java/lang/NoSuchMethodError'{0x00000000eb39ab68}: 'java.lang.Object java.lang.invoke.DirectMethodHandle$Holder.newInvokeSpecial(java.lang.Object, java.lang.Object, int, int, java.lang.Object)'> (0x00000000eb39ab68) 
thrown [s\src\hotspot\share\interpreter\linkResolver.cpp, line 773]
Event: 17.640 Thread 0x000002210fba1f00 Implicit null exception at 0x00000220bbd3634c to 0x00000220bbd36392
Event: 17.880 Thread 0x000002210d42c840 Exception <a 'sun/nio/fs/WindowsException'{0x00000000eab0b3a0}> (0x00000000eab0b3a0) 
thrown [s\src\hotspot\share\prims\jni.cpp, line 520]
Event: 17.882 Thread 0x000002210fba3940 Exception <a 'sun/nio/fs/WindowsException'{0x00000000eab4cd90}> (0x00000000eab4cd90) 
thrown [s\src\hotspot\share\prims\jni.cpp, line 520]
Event: 17.882 Thread 0x000002210fba4660 Exception <a 'sun/nio/fs/WindowsException'{0x00000000eab51958}> (0x00000000eab51958) 
thrown [s\src\hotspot\share\prims\jni.cpp, line 520]
Event: 18.068 Thread 0x000002210d42c840 Exception <a 'sun/nio/fs/WindowsException'{0x00000000eaf48ce8}> (0x00000000eaf48ce8) 
thrown [s\src\hotspot\share\prims\jni.cpp, line 520]
Event: 18.068 Thread 0x000002210d42c840 Exception <a 'sun/nio/fs/WindowsException'{0x00000000eaf49318}> (0x00000000eaf49318) 
thrown [s\src\hotspot\share\prims\jni.cpp, line 520]
Event: 18.261 Thread 0x000002210d42c840 Exception <a 'java/lang/NoSuchMethodError'{0x00000000eab04408}: 'void java.lang.invoke.DirectMethodHandle$Holder.invokeStatic(java.lang.Object, java.lang.Object, java.lang.Object, int)'> (0x00000000eab04408) 
thrown [s\src\hotspot\share\interpreter\linkResolver.cpp, line 773]
Event: 18.267 Thread 0x000002210d42c840 Exception <a 'java/lang/NoSuchMethodError'{0x00000000eab1f7d8}: 'void java.lang.invoke.DirectMethodHandle$Holder.invokeVirtual(java.lang.Object, java.lang.Object, int)'> (0x00000000eab1f7d8) 
thrown [s\src\hotspot\share\interpreter\linkResolver.cpp, line 773]
Event: 18.310 Thread 0x000002210d42c840 Exception <a 'java/lang/NoSuchMethodError'{0x00000000eadfabb8}: 'void java.lang.invoke.DirectMethodHandle$Holder.invokeInterface(java.lang.Object, java.lang.Object)'> (0x00000000eadfabb8) 
thrown [s\src\hotspot\share\interpreter\linkResolver.cpp, line 773]
Event: 18.338 Thread 0x000002211c7bfec0 Exception <a 'java/lang/NoSuchMethodError'{0x00000000eb048fa8}: 'void java.lang.invoke.DirectMethodHandle$Holder.invokeSpecial(java.lang.Object, java.lang.Object, java.lang.Object, java.lang.Object, java.lang.Object, java.lang.Object, java.lang.Object, java.lang.Object)'> (0x00000000eb048fa8) 
thrown [s\src\hotspot\share\interpreter\linkResolver.cpp, line 773]
Event: 18.338 Thread 0x000002210fba8170 Exception <a 'java/lang/NoSuchMethodError'{0x00000000eafe9530}: 'void java.lang.invoke.DirectMethodHandle$Holder.invokeSpecial(java.lang.Object, java.lang.Object, java.lang.Object, java.lang.Object, java.lang.Object, java.lang.Object, java.lang.Object, java.lang.Object)'> (0x00000000eafe9530) 
thrown [s\src\hotspot\share\interpreter\linkResolver.cpp, line 773]
Event: 18.340 Thread 0x000002211c7beb10 Exception <a 'java/lang/NoSuchMethodError'{0x00000000eafda408}: 'void java.lang.invoke.DirectMethodHandle$Holder.invokeSpecial(java.lang.Object, java.lang.Object, java.lang.Object, java.lang.Object, java.lang.Object, java.lang.Object, java.lang.Object, java.lang.Object)'> (0x00000000eafda408) 
thrown [s\src\hotspot\share\interpreter\linkResolver.cpp, line 773]

ZGC Phase Switch (0 events):
No events

VM Operations (20 events):
Event: 16.948 Executing VM operation: HandshakeAllThreads (Deoptimize) done
Event: 17.086 Executing VM operation: HandshakeAllThreads (Deoptimize)
Event: 17.089 Executing VM operation: HandshakeAllThreads (Deoptimize) done
Event: 17.096 Executing VM operation: ParallelGCFailedAllocation (Allocation Failure)
Event: 17.099 Executing VM operation: ParallelGCFailedAllocation (Allocation Failure) done
Event: 17.287 Executing VM operation: ParallelGCFailedAllocation (Allocation Failure)
Event: 17.291 Executing VM operation: ParallelGCFailedAllocation (Allocation Failure) done
Event: 17.433 Executing VM operation: ParallelGCFailedAllocation (Allocation Failure)
Event: 17.446 Executing VM operation: ParallelGCFailedAllocation (Allocation Failure) done
Event: 17.661 Executing VM operation: ICBufferFull
Event: 17.697 Executing VM operation: ICBufferFull done
Event: 17.863 Executing VM operation: ParallelGCFailedAllocation (Allocation Failure)
Event: 17.866 Executing VM operation: ParallelGCFailedAllocation (Allocation Failure) done
Event: 18.257 Executing VM operation: ParallelGCFailedAllocation (Allocation Failure)
Event: 18.261 Executing VM operation: ParallelGCFailedAllocation (Allocation Failure) done
Event: 18.593 Executing VM operation: ParallelGCFailedAllocation (Allocation Failure)
Event: 18.603 Executing VM operation: ParallelGCFailedAllocation (Allocation Failure) done
Event: 18.872 Executing VM operation: ParallelGCFailedAllocation (Allocation Failure)
Event: 18.886 Executing VM operation: ParallelGCFailedAllocation (Allocation Failure) done
Event: 19.020 Executing VM operation: ParallelGCFailedAllocation (Allocation Failure)

Memory protections (0 events):
No events

Nmethod flushes (20 events):
Event: 13.457 Thread 0x00000220c53c3810 flushing  nmethod 0x00000220b4840710
Event: 13.457 Thread 0x00000220c53c3810 flushing  nmethod 0x00000220b4840e90
Event: 13.457 Thread 0x00000220c53c3810 flushing  nmethod 0x00000220b4842810
Event: 13.457 Thread 0x00000220c53c3810 flushing  nmethod 0x00000220b4842d10
Event: 13.457 Thread 0x00000220c53c3810 flushing  nmethod 0x00000220b4843a10
Event: 13.457 Thread 0x00000220c53c3810 flushing  nmethod 0x00000220b4844690
Event: 13.457 Thread 0x00000220c53c3810 flushing  nmethod 0x00000220b484e710
Event: 13.457 Thread 0x00000220c53c3810 flushing  nmethod 0x00000220b4851a10
Event: 13.457 Thread 0x00000220c53c3810 flushing  nmethod 0x00000220b4863710
Event: 13.457 Thread 0x00000220c53c3810 flushing  nmethod 0x00000220b486b790
Event: 13.457 Thread 0x00000220c53c3810 flushing  nmethod 0x00000220b4871910
Event: 13.457 Thread 0x00000220c53c3810 flushing  nmethod 0x00000220b4874010
Event: 13.457 Thread 0x00000220c53c3810 flushing  nmethod 0x00000220b487c690
Event: 13.457 Thread 0x00000220c53c3810 flushing  nmethod 0x00000220b48a7490
Event: 13.457 Thread 0x00000220c53c3810 flushing  nmethod 0x00000220b48c9e90
Event: 13.457 Thread 0x00000220c53c3810 flushing  nmethod 0x00000220b4933410
Event: 13.457 Thread 0x00000220c53c3810 flushing  nmethod 0x00000220b493e190
Event: 13.457 Thread 0x00000220c53c3810 flushing  nmethod 0x00000220b493e610
Event: 13.457 Thread 0x00000220c53c3810 flushing  nmethod 0x00000220b493f910
Event: 13.457 Thread 0x00000220c53c3810 flushing  nmethod 0x00000220b4943f90

Events (20 events):
Event: 15.454 Thread 0x000002210fba3940 Thread added: 0x000002210fba32b0
Event: 15.454 Thread 0x000002210fba32b0 Thread added: 0x000002210fba11e0
Event: 15.455 Thread 0x000002210fba11e0 Thread added: 0x000002210fba3fd0
Event: 15.461 Thread 0x000002210fba3940 Thread added: 0x000002210fba4660
Event: 15.505 Thread 0x000002210d42c840 Thread added: 0x000002210fba1870
Event: 15.505 Thread 0x000002210d42c840 Thread added: 0x000002210fba4cf0
Event: 15.505 Thread 0x000002210d42c840 Thread added: 0x000002210fba2590
Event: 17.056 Thread 0x000002210d42c840 Thread added: 0x000002210fba1f00
Event: 17.091 Thread 0x000002210dae6b70 Thread exited: 0x000002210dae6b70
Event: 17.378 Thread 0x000002210d42c840 Thread added: 0x000002210fba5a10
Event: 17.627 Thread 0x000002210d42c840 Thread added: 0x000002210fba60a0
Event: 17.627 Thread 0x000002210d42c840 Thread added: 0x000002210fba2c20
Event: 17.868 Thread 0x000002210d42c840 Thread added: 0x000002210fba7450
Event: 17.893 Thread 0x000002210d42c840 Thread added: 0x000002210fba6dc0
Event: 18.030 Thread 0x000002210d42c840 Thread added: 0x000002210fba7ae0
Event: 18.324 Thread 0x000002210d42c840 Thread added: 0x000002210fba8170
Event: 18.324 Thread 0x000002210d42c840 Thread added: 0x000002211c7bfec0
Event: 18.324 Thread 0x000002210d42c840 Thread added: 0x000002211c7c1900
Event: 18.324 Thread 0x000002210d42c840 Thread added: 0x000002211c7c1f90
Event: 18.325 Thread 0x000002210d42c840 Thread added: 0x000002211c7beb10


Dynamic libraries:
0x00007ff7dfb90000 - 0x00007ff7dfb9e000 	c:\Users\asadr\.vscode\extensions\redhat.java-1.41.1-win32-x64\jre\21.0.6-win32-x86_64\bin\java.exe
0x00007ff9a7840000 - 0x00007ff9a7aa0000 	C:\WINDOWS\SYSTEM32\ntdll.dll
0x00007ff9a5fd0000 - 0x00007ff9a6097000 	C:\WINDOWS\System32\KERNEL32.DLL
0x00007ff9a4a20000 - 0x00007ff9a4dea000 	C:\WINDOWS\System32\KERNELBASE.dll
0x00007ff9a5080000 - 0x00007ff9a51cb000 	C:\WINDOWS\System32\ucrtbase.dll
0x00007ff99de30000 - 0x00007ff99de48000 	c:\Users\asadr\.vscode\extensions\redhat.java-1.41.1-win32-x64\jre\21.0.6-win32-x86_64\bin\jli.dll
0x00007ff9a6df0000 - 0x00007ff9a6fbc000 	C:\WINDOWS\System32\USER32.dll
0x00007ff9a5560000 - 0x00007ff9a5587000 	C:\WINDOWS\System32\win32u.dll
0x00007ff9a6b60000 - 0x00007ff9a6b8a000 	C:\WINDOWS\System32\GDI32.dll
0x00007ff9a4e80000 - 0x00007ff9a4fb1000 	C:\WINDOWS\System32\gdi32full.dll
0x00007ff9a5590000 - 0x00007ff9a5633000 	C:\WINDOWS\System32\msvcp_win.dll
0x00007ff98aca0000 - 0x00007ff98acbe000 	c:\Users\asadr\.vscode\extensions\redhat.java-1.41.1-win32-x64\jre\21.0.6-win32-x86_64\bin\VCRUNTIME140.dll
0x00007ff97e760000 - 0x00007ff97e9f7000 	C:\WINDOWS\WinSxS\amd64_microsoft.windows.common-controls_6595b64144ccf1df_6.0.26100.3624_none_3e086962e3345f24\COMCTL32.dll
0x00007ff9a58a0000 - 0x00007ff9a5949000 	C:\WINDOWS\System32\msvcrt.dll
0x00007ff9a7750000 - 0x00007ff9a777f000 	C:\WINDOWS\System32\IMM32.DLL
0x00007ff9a1a50000 - 0x00007ff9a1a5c000 	c:\Users\asadr\.vscode\extensions\redhat.java-1.41.1-win32-x64\jre\21.0.6-win32-x86_64\bin\vcruntime140_1.dll
0x00007ff95c1e0000 - 0x00007ff95c26d000 	c:\Users\asadr\.vscode\extensions\redhat.java-1.41.1-win32-x64\jre\21.0.6-win32-x86_64\bin\msvcp140.dll
0x00007ff937790000 - 0x00007ff938520000 	c:\Users\asadr\.vscode\extensions\redhat.java-1.41.1-win32-x64\jre\21.0.6-win32-x86_64\bin\server\jvm.dll
0x00007ff9a75c0000 - 0x00007ff9a7672000 	C:\WINDOWS\System32\ADVAPI32.dll
0x00007ff9a7680000 - 0x00007ff9a7726000 	C:\WINDOWS\System32\sechost.dll
0x00007ff9a70c0000 - 0x00007ff9a71d6000 	C:\WINDOWS\System32\RPCRT4.dll
0x00007ff9a5f50000 - 0x00007ff9a5fc4000 	C:\WINDOWS\System32\WS2_32.dll
0x00007ff9a43e0000 - 0x00007ff9a443e000 	C:\WINDOWS\SYSTEM32\POWRPROF.dll
0x00007ff996400000 - 0x00007ff996436000 	C:\WINDOWS\SYSTEM32\WINMM.dll
0x00007ff99d710000 - 0x00007ff99d71b000 	C:\WINDOWS\SYSTEM32\VERSION.dll
0x00007ff9a43c0000 - 0x00007ff9a43d4000 	C:\WINDOWS\SYSTEM32\UMPDC.dll
0x00007ff9a37f0000 - 0x00007ff9a380a000 	C:\WINDOWS\SYSTEM32\kernel.appcore.dll
0x00007ff99e7a0000 - 0x00007ff99e7aa000 	c:\Users\asadr\.vscode\extensions\redhat.java-1.41.1-win32-x64\jre\21.0.6-win32-x86_64\bin\jimage.dll
0x00007ff98f700000 - 0x00007ff98f941000 	C:\WINDOWS\SYSTEM32\DBGHELP.DLL
0x00007ff9a60a0000 - 0x00007ff9a6422000 	C:\WINDOWS\System32\combase.dll
0x00007ff9a7340000 - 0x00007ff9a7416000 	C:\WINDOWS\System32\OLEAUT32.dll
0x00007ff92c7b0000 - 0x00007ff92c7e9000 	C:\WINDOWS\SYSTEM32\dbgcore.DLL
0x00007ff9a54c0000 - 0x00007ff9a5559000 	C:\WINDOWS\System32\bcryptPrimitives.dll
0x00007ff98d0e0000 - 0x00007ff98d0ef000 	c:\Users\asadr\.vscode\extensions\redhat.java-1.41.1-win32-x64\jre\21.0.6-win32-x86_64\bin\instrument.dll
0x00007ff989310000 - 0x00007ff98932f000 	c:\Users\asadr\.vscode\extensions\redhat.java-1.41.1-win32-x64\jre\21.0.6-win32-x86_64\bin\java.dll
0x00007ff9a6430000 - 0x00007ff9a6b59000 	C:\WINDOWS\System32\SHELL32.dll
0x00007ff9a5350000 - 0x00007ff9a54b8000 	C:\WINDOWS\System32\wintypes.dll
0x00007ff9a26a0000 - 0x00007ff9a2ef2000 	C:\WINDOWS\SYSTEM32\windows.storage.dll
0x00007ff9a7420000 - 0x00007ff9a750d000 	C:\WINDOWS\System32\SHCORE.dll
0x00007ff9a7790000 - 0x00007ff9a77f4000 	C:\WINDOWS\System32\shlwapi.dll
0x00007ff9a4930000 - 0x00007ff9a495f000 	C:\WINDOWS\SYSTEM32\profapi.dll
0x00007ff977dc0000 - 0x00007ff977dd8000 	c:\Users\asadr\.vscode\extensions\redhat.java-1.41.1-win32-x64\jre\21.0.6-win32-x86_64\bin\zip.dll
0x00007ff98bc60000 - 0x00007ff98bc70000 	C:\Users\asadr\.vscode\extensions\redhat.java-1.41.1-win32-x64\jre\21.0.6-win32-x86_64\bin\net.dll
0x00007ff99d960000 - 0x00007ff99da7d000 	C:\WINDOWS\SYSTEM32\WINHTTP.dll
0x00007ff9a3cf0000 - 0x00007ff9a3d5a000 	C:\WINDOWS\system32\mswsock.dll
0x00007ff979d30000 - 0x00007ff979d46000 	C:\Users\asadr\.vscode\extensions\redhat.java-1.41.1-win32-x64\jre\21.0.6-win32-x86_64\bin\nio.dll
0x00007ff98a9c0000 - 0x00007ff98a9d0000 	c:\Users\asadr\.vscode\extensions\redhat.java-1.41.1-win32-x64\jre\21.0.6-win32-x86_64\bin\verify.dll
0x00007ff95d0b0000 - 0x00007ff95d0f5000 	C:\Users\asadr\AppData\Roaming\Code\User\globalStorage\redhat.java\1.41.1\config_win\org.eclipse.equinox.launcher\org.eclipse.equinox.launcher.win32.win32.x86_64_1.2.1300.v20250331-1702\eclipse_11911.dll
0x00007ff9a56d0000 - 0x00007ff9a5866000 	C:\WINDOWS\System32\ole32.dll
0x00007ff9a40a0000 - 0x00007ff9a40bc000 	C:\WINDOWS\SYSTEM32\CRYPTSP.dll
0x00007ff9a3750000 - 0x00007ff9a378a000 	C:\WINDOWS\system32\rsaenh.dll
0x00007ff9a3d90000 - 0x00007ff9a3dbb000 	C:\WINDOWS\SYSTEM32\USERENV.dll
0x00007ff9a4900000 - 0x00007ff9a4926000 	C:\WINDOWS\SYSTEM32\bcrypt.dll
0x00007ff9a3f20000 - 0x00007ff9a3f2c000 	C:\WINDOWS\SYSTEM32\CRYPTBASE.dll
0x00007ff9a3250000 - 0x00007ff9a3283000 	C:\WINDOWS\SYSTEM32\IPHLPAPI.DLL
0x00007ff9a5870000 - 0x00007ff9a587a000 	C:\WINDOWS\System32\NSI.dll
0x00007ff95c140000 - 0x00007ff95c189000 	C:\Users\asadr\AppData\Local\Temp\jna-93103933\jna13551501714752089022.dll
0x00007ff9a7730000 - 0x00007ff9a7738000 	C:\WINDOWS\System32\PSAPI.DLL
0x00007ff99d720000 - 0x00007ff99d73f000 	C:\WINDOWS\SYSTEM32\dhcpcsvc6.DLL
0x00007ff99d6e0000 - 0x00007ff99d705000 	C:\WINDOWS\SYSTEM32\dhcpcsvc.DLL

dbghelp: loaded successfully - version: 4.0.5 - missing functions: none
symbol engine: initialized successfully - sym options: 0x614 - pdb path: .;c:\Users\asadr\.vscode\extensions\redhat.java-1.41.1-win32-x64\jre\21.0.6-win32-x86_64\bin;C:\WINDOWS\SYSTEM32;C:\WINDOWS\WinSxS\amd64_microsoft.windows.common-controls_6595b64144ccf1df_6.0.26100.3624_none_3e086962e3345f24;c:\Users\asadr\.vscode\extensions\redhat.java-1.41.1-win32-x64\jre\21.0.6-win32-x86_64\bin\server;C:\Users\asadr\AppData\Roaming\Code\User\globalStorage\redhat.java\1.41.1\config_win\org.eclipse.equinox.launcher\org.eclipse.equinox.launcher.win32.win32.x86_64_1.2.1300.v20250331-1702;C:\Users\asadr\AppData\Local\Temp\jna-93103933

VM Arguments:
jvm_args: --add-modules=ALL-SYSTEM --add-opens=java.base/java.util=ALL-UNNAMED --add-opens=java.base/java.lang=ALL-UNNAMED --add-opens=java.base/sun.nio.fs=ALL-UNNAMED -Declipse.application=org.eclipse.jdt.ls.core.id1 -Dosgi.bundles.defaultStartLevel=4 -Declipse.product=org.eclipse.jdt.ls.core.product -Djava.import.generatesMetadataFilesAtProjectRoot=false -DDetectVMInstallationsJob.disabled=true -Dfile.encoding=utf8 -XX:+UseParallelGC -XX:GCTimeRatio=4 -XX:AdaptiveSizePolicyWeight=90 -Dsun.zip.disableMemoryMapping=true -Xmx1G -Xms100m -Xlog:disable -javaagent:c:\Users\asadr\.vscode\extensions\redhat.java-1.41.1-win32-x64\lombok\lombok-1.18.36.jar -XX:+HeapDumpOnOutOfMemoryError -XX:HeapDumpPath=c:\Users\asadr\AppData\Roaming\Code\User\workspaceStorage\04bcbd77341e2a020fcdf7a70cf93eb6\redhat.java -Daether.dependencyCollector.impl=bf 
java_command: c:\Users\asadr\.vscode\extensions\redhat.java-1.41.1-win32-x64\server\plugins\org.eclipse.equinox.launcher_1.7.0.v20250331-1702.jar -configuration c:\Users\asadr\AppData\Roaming\Code\User\globalStorage\redhat.java\1.41.1\config_win -data c:\Users\asadr\AppData\Roaming\Code\User\workspaceStorage\04bcbd77341e2a020fcdf7a70cf93eb6\redhat.java\jdt_ws --pipe=\\.\pipe\lsp-4606a38716699f8722dd0a55705414d8-sock
java_class_path (initial): c:\Users\asadr\.vscode\extensions\redhat.java-1.41.1-win32-x64\server\plugins\org.eclipse.equinox.launcher_1.7.0.v20250331-1702.jar
Launcher Type: SUN_STANDARD

[Global flags]
    uintx AdaptiveSizePolicyWeight                 = 90                                        {product} {command line}
     intx CICompilerCount                          = 4                                         {product} {ergonomic}
    uintx GCTimeRatio                              = 4                                         {product} {command line}
     bool HeapDumpOnOutOfMemoryError               = true                                   {manageable} {command line}
    ccstr HeapDumpPath                             = c:\Users\asadr\AppData\Roaming\Code\User\workspaceStorage\04bcbd77341e2a020fcdf7a70cf93eb6\redhat.java         {manageable} {command line}
   size_t InitialHeapSize                          = 104857600                                 {product} {command line}
   size_t MaxHeapSize                              = 1073741824                                {product} {command line}
   size_t MaxNewSize                               = 357564416                                 {product} {ergonomic}
   size_t MinHeapDeltaBytes                        = 524288                                    {product} {ergonomic}
   size_t MinHeapSize                              = 104857600                                 {product} {command line}
   size_t NewSize                                  = 34603008                                  {product} {ergonomic}
    uintx NonNMethodCodeHeapSize                   = 5839372                                {pd product} {ergonomic}
    uintx NonProfiledCodeHeapSize                  = 122909434                              {pd product} {ergonomic}
   size_t OldSize                                  = 70254592                                  {product} {ergonomic}
    uintx ProfiledCodeHeapSize                     = 122909434                              {pd product} {ergonomic}
    uintx ReservedCodeCacheSize                    = 251658240                              {pd product} {ergonomic}
     bool SegmentedCodeCache                       = true                                      {product} {ergonomic}
   size_t SoftMaxHeapSize                          = 1073741824                             {manageable} {ergonomic}
     bool UseCompressedOops                        = true                           {product lp64_product} {ergonomic}
     bool UseLargePagesIndividualAllocation        = false                                  {pd product} {ergonomic}
     bool UseParallelGC                            = true                                      {product} {command line}

Logging:
Log output configuration:
 #0: stdout all=off uptime,level,tags foldmultilines=false
 #1: stderr all=off uptime,level,tags foldmultilines=false

Environment Variables:
JAVA_HOME=C:\Program Files\Zulu\zulu-21
PATH=C:\Program Files\Zulu\zulu-21\bin;C:\Program Files\PowerShell\7;C:\WINDOWS\system32;C:\WINDOWS;C:\WINDOWS\System32\Wbem;C:\WINDOWS\System32\WindowsPowerShell\v1.0;C:\WINDOWS\System32\OpenSSH;C:\Program Files\NVIDIA Corporation\NVIDIA app\NvDLISR;C:\Program Files (x86)\NVIDIA Corporation\PhysX\Common;C:\Program Files\dotnet;C:\ProgramData\chocolatey\bin;C:\Program Files\nodejs;C:\Program Files (x86)\Yarn\bin;C:\Program Files\Git\cmd;C:\Program Files\GitHub CLI;C:\ProgramData\chocolatey\lib\maven\apache-maven-3.9.9\bin;C:\Users\asadr\AppData\Local\Microsoft\WindowsApps;C:\Users\asadr\AppData\Local\Programs\Python\Python313\Scripts;C:\Users\asadr\AppData\Local\Programs\Python\Python313;C:\msys64\ucrt64\bin;C:\msys64\usr\bin;C:\Users\asadr\AppData\Local\Programs\Microsoft VS Code\bin;C:\Users\asadr\AppData\Local\spicetify;C:\adb;C:\Users\asadr\AppData\Roaming\npm;C:\Users\asadr\AppData\Local\Yarn\bin;C:\Users\asadr\AppData\Local\Programs\oh-my-posh\bin;C:\Users\asadr\AppData\Local\JetBrains\Toolbox\scripts;C:\Users\asadr\AppData\Local\Programs\Trae\bin;C:\Users\asadr\.dotnet\tools;C:\Users\asadr\AppData\Local\Programs\cursor\resources\app\bin
USERNAME=asadr
OS=Windows_NT
PROCESSOR_IDENTIFIER=Intel64 Family 6 Model 158 Stepping 10, GenuineIntel
TMP=C:\Users\asadr\AppData\Local\Temp
TEMP=C:\Users\asadr\AppData\Local\Temp




Periodic native trim disabled

---------------  S Y S T E M  ---------------

OS:
 Windows 11 , 64 bit Build 26100 (10.0.26100.3775)
OS uptime: 0 days 16:54 hours
Hyper-V role detected

CPU: total 12 (initial active 12) (6 cores per cpu, 2 threads per core) family 6 model 158 stepping 10 microcode 0xf4, cx8, cmov, fxsr, ht, mmx, 3dnowpref, sse, sse2, sse3, ssse3, sse4.1, sse4.2, popcnt, lzcnt, tsc, tscinvbit, avx, avx2, aes, erms, clmul, bmi1, bmi2, rtm, adx, fma, vzeroupper, clflush, clflushopt, hv, rdtscp, f16c
Processor Information for the first 12 processors :
  Max Mhz: 3192, Current Mhz: 3192, Mhz Limit: 3192

Memory: 4k page, system-wide physical 16321M (1012M free)
TotalPageFile size 65473M (AvailPageFile size 24M)
current process WorkingSet (physical memory assigned to process): 336M, peak: 365M
current process commit charge ("private bytes"): 360M, peak: 394M

vm_info: OpenJDK 64-Bit Server VM (21.0.6+7-LTS) for windows-amd64 JRE (21.0.6+7-LTS), built on 2025-01-21T00:00:00Z by "admin" with MS VC++ 17.7 (VS2022)

END.
